#! /opt/homebrew/Cellar/icarus-verilog/12.0/bin/vvp
:ivl_version "12.0 (stable)";
:ivl_delay_selection "TYPICAL";
:vpi_time_precision - 12;
:vpi_module "/opt/homebrew/Cellar/icarus-verilog/12.0/lib/ivl/system.vpi";
:vpi_module "/opt/homebrew/Cellar/icarus-verilog/12.0/lib/ivl/vhdl_sys.vpi";
:vpi_module "/opt/homebrew/Cellar/icarus-verilog/12.0/lib/ivl/vhdl_textio.vpi";
:vpi_module "/opt/homebrew/Cellar/icarus-verilog/12.0/lib/ivl/v2005_math.vpi";
:vpi_module "/opt/homebrew/Cellar/icarus-verilog/12.0/lib/ivl/va_math.vpi";
:vpi_module "/opt/homebrew/Cellar/icarus-verilog/12.0/lib/ivl/v2009.vpi";
S_0x13ef13670 .scope package, "$unit" "$unit" 2 1;
 .timescale 0 0;
S_0x13ef09890 .scope module, "tb_pe" "tb_pe" 3 4;
 .timescale -9 -12;
v0x13ef27350_0 .var/s "a_in", 7 0;
v0x13ef27420_0 .net/s "a_out", 7 0, v0x13ef26970_0;  1 drivers
v0x13ef274d0_0 .net/s "acc_out", 31 0, L_0x13ef27d20;  1 drivers
v0x13ef275a0_0 .var/s "b_in", 7 0;
v0x13ef27650_0 .net/s "b_out", 7 0, v0x13ef26c30_0;  1 drivers
v0x13ef27720_0 .var "clk", 0 0;
v0x13ef277d0_0 .var "en", 0 0;
v0x13ef27880_0 .var/s "expected_acc", 31 0;
v0x13ef27910_0 .var "reset", 0 0;
S_0x13ef09a00 .scope task, "drive" "drive" 3 29, 3 29 0, S_0x13ef09890;
 .timescale -9 -12;
v0x13ef159c0_0 .var/s "a", 7 0;
v0x13ef262b0_0 .var/s "b", 7 0;
TD_tb_pe.drive ;
    %load/vec4 v0x13ef159c0_0;
    %store/vec4 v0x13ef27350_0, 0, 8;
    %load/vec4 v0x13ef262b0_0;
    %store/vec4 v0x13ef275a0_0, 0, 8;
    %end;
S_0x13ef26350 .scope module, "dut" "pe" 3 12, 4 1 0, S_0x13ef09890;
 .timescale 0 0;
    .port_info 0 /INPUT 1 "clk";
    .port_info 1 /INPUT 1 "reset";
    .port_info 2 /INPUT 1 "en";
    .port_info 3 /INPUT 8 "a_in";
    .port_info 4 /INPUT 8 "b_in";
    .port_info 5 /OUTPUT 8 "a_out";
    .port_info 6 /OUTPUT 8 "b_out";
    .port_info 7 /OUTPUT 32 "acc_out";
P_0x13ef26510 .param/l "ACC_W" 0 4 2, +C4<00000000000000000000000000100000>;
L_0x13ef27d20 .functor BUFZ 32, v0x13ef26ad0_0, C4<00000000000000000000000000000000>, C4<00000000000000000000000000000000>, C4<00000000000000000000000000000000>;
v0x13ef26780_0 .net/s *"_ivl_0", 15 0, L_0x13ef27a40;  1 drivers
v0x13ef26840_0 .net/s *"_ivl_2", 15 0, L_0x13ef27b20;  1 drivers
v0x13ef268e0_0 .net/s "a_in", 7 0, v0x13ef27350_0;  1 drivers
v0x13ef26970_0 .var/s "a_out", 7 0;
v0x13ef26a00_0 .net/s "acc_out", 31 0, L_0x13ef27d20;  alias, 1 drivers
v0x13ef26ad0_0 .var/s "acc_reg", 31 0;
v0x13ef26b80_0 .net/s "b_in", 7 0, v0x13ef275a0_0;  1 drivers
v0x13ef26c30_0 .var/s "b_out", 7 0;
v0x13ef26ce0_0 .net "clk", 0 0, v0x13ef27720_0;  1 drivers
v0x13ef26df0_0 .net "en", 0 0, v0x13ef277d0_0;  1 drivers
v0x13ef26e80_0 .net/s "product", 15 0, L_0x13ef27c00;  1 drivers
v0x13ef26f30_0 .net "reset", 0 0, v0x13ef27910_0;  1 drivers
E_0x13ef26730 .event posedge, v0x13ef26ce0_0;
L_0x13ef27a40 .extend/s 16, v0x13ef27350_0;
L_0x13ef27b20 .extend/s 16, v0x13ef275a0_0;
L_0x13ef27c00 .arith/mult 16, L_0x13ef27a40, L_0x13ef27b20;
S_0x13ef27050 .scope task, "step_and_check" "step_and_check" 3 36, 3 36 0, S_0x13ef09890;
 .timescale -9 -12;
v0x13ef27230_0 .var/s "a", 7 0;
v0x13ef272c0_0 .var/s "b", 7 0;
TD_tb_pe.step_and_check ;
    %load/vec4 v0x13ef27230_0;
    %store/vec4 v0x13ef159c0_0, 0, 8;
    %load/vec4 v0x13ef272c0_0;
    %store/vec4 v0x13ef262b0_0, 0, 8;
    %fork TD_tb_pe.drive, S_0x13ef09a00;
    %join;
    %wait E_0x13ef26730;
    %delay 1000, 0;
    ; show_stmt_assign_vector: Get l-value for compressed += operand
    %load/vec4 v0x13ef27880_0;
    %load/vec4 v0x13ef27230_0;
    %pad/s 32;
    %load/vec4 v0x13ef272c0_0;
    %pad/s 32;
    %mul;
    %add;
    %store/vec4 v0x13ef27880_0, 0, 32;
    %load/vec4 v0x13ef274d0_0;
    %load/vec4 v0x13ef27880_0;
    %cmp/ne;
    %jmp/0xz  T_1.0, 6;
    %vpi_call/w 3 49 "$fatal", 32'sb00000000000000000000000000000001, "Mismatch: a=%0d b=%0d acc=%0d exp=%0d", v0x13ef27230_0, v0x13ef272c0_0, v0x13ef274d0_0, v0x13ef27880_0 {0 0 0};
T_1.0 ;
    %end;
    .scope S_0x13ef26350;
T_2 ;
    %wait E_0x13ef26730;
    %load/vec4 v0x13ef26f30_0;
    %flag_set/vec4 8;
    %jmp/0xz  T_2.0, 8;
    %pushi/vec4 0, 0, 32;
    %assign/vec4 v0x13ef26ad0_0, 0;
    %pushi/vec4 0, 0, 8;
    %assign/vec4 v0x13ef26970_0, 0;
    %pushi/vec4 0, 0, 8;
    %assign/vec4 v0x13ef26c30_0, 0;
    %jmp T_2.1;
T_2.0 ;
    %load/vec4 v0x13ef26df0_0;
    %flag_set/vec4 8;
    %jmp/0xz  T_2.2, 8;
    %load/vec4 v0x13ef268e0_0;
    %assign/vec4 v0x13ef26970_0, 0;
    %load/vec4 v0x13ef26b80_0;
    %assign/vec4 v0x13ef26c30_0, 0;
    %load/vec4 v0x13ef26ad0_0;
    %load/vec4 v0x13ef26e80_0;
    %parti/s 1, 15, 5;
    %replicate 16;
    %load/vec4 v0x13ef26e80_0;
    %concat/vec4; draw_concat_vec4
    %add;
    %assign/vec4 v0x13ef26ad0_0, 0;
T_2.2 ;
T_2.1 ;
    %jmp T_2;
    .thread T_2;
    .scope S_0x13ef09890;
T_3 ;
    %delay 5000, 0;
    %load/vec4 v0x13ef27720_0;
    %inv;
    %store/vec4 v0x13ef27720_0, 0, 1;
    %jmp T_3;
    .thread T_3;
    .scope S_0x13ef09890;
T_4 ;
    %vpi_call/w 3 55 "$dumpfile", "sim/pe.vcd" {0 0 0};
    %vpi_call/w 3 56 "$dumpvars", 32'sb00000000000000000000000000000000, S_0x13ef09890 {0 0 0};
    %pushi/vec4 0, 0, 1;
    %store/vec4 v0x13ef27720_0, 0, 1;
    %pushi/vec4 1, 0, 1;
    %store/vec4 v0x13ef27910_0, 0, 1;
    %pushi/vec4 0, 0, 1;
    %store/vec4 v0x13ef277d0_0, 0, 1;
    %pushi/vec4 0, 0, 8;
    %store/vec4 v0x13ef27350_0, 0, 8;
    %pushi/vec4 0, 0, 8;
    %store/vec4 v0x13ef275a0_0, 0, 8;
    %pushi/vec4 0, 0, 32;
    %store/vec4 v0x13ef27880_0, 0, 32;
    %pushi/vec4 3, 0, 32;
T_4.0 %dup/vec4;
    %pushi/vec4 0, 0, 32;
    %cmp/s;
    %jmp/1xz T_4.1, 5;
    %jmp/1 T_4.1, 4;
    %pushi/vec4 1, 0, 32;
    %sub;
    %wait E_0x13ef26730;
    %jmp T_4.0;
T_4.1 ;
    %pop/vec4 1;
    %pushi/vec4 0, 0, 1;
    %store/vec4 v0x13ef27910_0, 0, 1;
    %wait E_0x13ef26730;
    %pushi/vec4 1, 0, 1;
    %store/vec4 v0x13ef277d0_0, 0, 1;
    %pushi/vec4 3, 0, 8;
    %store/vec4 v0x13ef27230_0, 0, 8;
    %pushi/vec4 4, 0, 8;
    %store/vec4 v0x13ef272c0_0, 0, 8;
    %fork TD_tb_pe.step_and_check, S_0x13ef27050;
    %join;
    %pushi/vec4 254, 0, 8;
    %store/vec4 v0x13ef27230_0, 0, 8;
    %pushi/vec4 7, 0, 8;
    %store/vec4 v0x13ef272c0_0, 0, 8;
    %fork TD_tb_pe.step_and_check, S_0x13ef27050;
    %join;
    %pushi/vec4 10, 0, 8;
    %store/vec4 v0x13ef27230_0, 0, 8;
    %pushi/vec4 246, 0, 8;
    %store/vec4 v0x13ef272c0_0, 0, 8;
    %fork TD_tb_pe.step_and_check, S_0x13ef27050;
    %join;
    %pushi/vec4 248, 0, 8;
    %store/vec4 v0x13ef27230_0, 0, 8;
    %pushi/vec4 248, 0, 8;
    %store/vec4 v0x13ef272c0_0, 0, 8;
    %fork TD_tb_pe.step_and_check, S_0x13ef27050;
    %join;
    %pushi/vec4 0, 0, 1;
    %store/vec4 v0x13ef277d0_0, 0, 1;
    %pushi/vec4 100, 0, 8;
    %store/vec4 v0x13ef159c0_0, 0, 8;
    %pushi/vec4 2, 0, 8;
    %store/vec4 v0x13ef262b0_0, 0, 8;
    %fork TD_tb_pe.drive, S_0x13ef09a00;
    %join;
    %wait E_0x13ef26730;
    %delay 1000, 0;
    %load/vec4 v0x13ef274d0_0;
    %load/vec4 v0x13ef27880_0;
    %cmp/ne;
    %jmp/0xz  T_4.2, 6;
    %vpi_call/w 3 85 "$fatal", 32'sb00000000000000000000000000000001, "Mismatch when en=0: acc=%0d exp=%0d", v0x13ef274d0_0, v0x13ef27880_0 {0 0 0};
T_4.2 ;
    %vpi_call/w 3 87 "$display", "PASS: PE basic MAC + signed behavior verified." {0 0 0};
    %vpi_call/w 3 88 "$finish" {0 0 0};
    %end;
    .thread T_4;
# The file index is used to find the file name in the following table.
:file_names 5;
    "N/A";
    "<interactive>";
    "-";
    "tb/tb_pe.sv";
    "rtl/pe.sv";
