#! /opt/homebrew/Cellar/icarus-verilog/12.0/bin/vvp
:ivl_version "12.0 (stable)";
:ivl_delay_selection "TYPICAL";
:vpi_time_precision - 12;
:vpi_module "/opt/homebrew/Cellar/icarus-verilog/12.0/lib/ivl/system.vpi";
:vpi_module "/opt/homebrew/Cellar/icarus-verilog/12.0/lib/ivl/vhdl_sys.vpi";
:vpi_module "/opt/homebrew/Cellar/icarus-verilog/12.0/lib/ivl/vhdl_textio.vpi";
:vpi_module "/opt/homebrew/Cellar/icarus-verilog/12.0/lib/ivl/v2005_math.vpi";
:vpi_module "/opt/homebrew/Cellar/icarus-verilog/12.0/lib/ivl/va_math.vpi";
:vpi_module "/opt/homebrew/Cellar/icarus-verilog/12.0/lib/ivl/v2009.vpi";
S_0x159e6f620 .scope package, "$unit" "$unit" 2 1;
 .timescale 0 0;
S_0x159e6ed30 .scope module, "tb_sa4x4_pytorch" "tb_sa4x4_pytorch" 3 5;
 .timescale -9 -12;
P_0x159e10bf0 .param/l "ACC_W" 1 3 8, +C4<00000000000000000000000000100000>;
P_0x159e10c30 .param/l "N" 1 3 7, +C4<00000000000000000000000000000100>;
P_0x159e10c70 .param/l "T" 1 3 9, +C4<00000000000000000000000000001100>;
v0x159eb6fc0 .array/i "A", 15 0, 31 0;
v0x159eb7050 .array/i "B", 15 0, 31 0;
v0x159eb70e0 .array/i "C_ref", 15 0, 31 0;
v0x159eb7170_0 .var/s "_ivl_0", 31 0;
v0x159eb7200_0 .var/s "_ivl_1", 31 0;
v0x159eb7290_0 .var/s "_ivl_2", 31 0;
v0x159eb7320_0 .var/s "_ivl_7", 31 0;
v0x159eb73b0_0 .var/s "a0", 7 0;
v0x159eb7440_0 .var/s "a1", 7 0;
v0x159eb7550_0 .var/s "a2", 7 0;
v0x159eb75e0_0 .var/s "a3", 7 0;
v0x159eb7670_0 .var/s "b0", 7 0;
v0x159eb7700_0 .var/s "b1", 7 0;
v0x159eb77b0_0 .var/s "b2", 7 0;
v0x159eb7860_0 .var/s "b3", 7 0;
v0x159eb7910_0 .net/s "c00", 31 0, L_0x159ebafd0;  1 drivers
v0x159eb79e0_0 .net/s "c01", 31 0, L_0x159ebb2a0;  1 drivers
v0x159eb7bb0_0 .net/s "c02", 31 0, L_0x159ebb570;  1 drivers
v0x159eb7c40_0 .net/s "c03", 31 0, L_0x159ebb840;  1 drivers
v0x159eb7cd0_0 .net/s "c10", 31 0, L_0x159ebbb10;  1 drivers
v0x159eb7da0_0 .net/s "c11", 31 0, L_0x159ebbe40;  1 drivers
v0x159eb7e70_0 .net/s "c12", 31 0, L_0x159ebc170;  1 drivers
v0x159eb7f40_0 .net/s "c13", 31 0, L_0x159ebc4a0;  1 drivers
v0x159eb8010_0 .net/s "c20", 31 0, L_0x159ebc7d0;  1 drivers
v0x159eb80a0_0 .net/s "c21", 31 0, L_0x159ebcb00;  1 drivers
v0x159eb8170_0 .net/s "c22", 31 0, L_0x159ebce30;  1 drivers
v0x159eb8200_0 .net/s "c23", 31 0, L_0x159ebd160;  1 drivers
v0x159eb82d0_0 .net/s "c30", 31 0, L_0x159ebd490;  1 drivers
v0x159eb83a0_0 .net/s "c31", 31 0, L_0x159ebd7c0;  1 drivers
v0x159eb8470_0 .net/s "c32", 31 0, L_0x159ebdaf0;  1 drivers
v0x159eb8540_0 .net/s "c33", 31 0, L_0x159ebde20;  1 drivers
v0x159eb8610_0 .var "clk", 0 0;
v0x159eb86a0_0 .var "en", 0 0;
v0x159eb7a70_0 .var/i "fd", 31 0;
v0x159eb8930_0 .var/i "i", 31 0;
v0x159eb89c0_0 .var "line", 2047 0;
v0x159eb8a50_0 .var "reset", 0 0;
v0x159eb8ae0_0 .var/i "t", 31 0;
v0x159eb8b70_0 .var/i "tmp_a0", 31 0;
v0x159eb8c00_0 .var/i "tmp_a1", 31 0;
v0x159eb8c90_0 .var/i "tmp_a2", 31 0;
v0x159eb8d20_0 .var/i "tmp_a3", 31 0;
v0x159eb8db0_0 .var/i "tmp_b0", 31 0;
v0x159eb8e40_0 .var/i "tmp_b1", 31 0;
v0x159eb8ed0_0 .var/i "tmp_b2", 31 0;
v0x159eb8f60_0 .var/i "tmp_b3", 31 0;
v0x159eb9000_0 .var/i "x0", 31 0;
v0x159eb90b0_0 .var/i "x1", 31 0;
v0x159eb9160_0 .var/i "x2", 31 0;
v0x159eb9210_0 .var/i "x3", 31 0;
S_0x159e6e4a0 .scope autotask, "check_outputs" "check_outputs" 3 67, 3 67 0, S_0x159e6ed30;
 .timescale -9 -12;
TD_tb_sa4x4_pytorch.check_outputs ;
    %load/vec4 v0x159eb7910_0;
    %ix/load 4, 0, 0;
    %flag_set/imm 4, 0;
    %load/vec4a v0x159eb70e0, 4;
    %cmp/ne;
    %jmp/0xz  T_0.0, 6;
    %vpi_call/w 3 69 "$fatal", 32'sb00000000000000000000000000000001, "Mismatch C[0][0]: got %0d exp %0d", v0x159eb7910_0, &A<v0x159eb70e0, 0> {0 0 0};
T_0.0 ;
    %load/vec4 v0x159eb79e0_0;
    %ix/load 4, 1, 0;
    %flag_set/imm 4, 0;
    %load/vec4a v0x159eb70e0, 4;
    %cmp/ne;
    %jmp/0xz  T_0.2, 6;
    %vpi_call/w 3 70 "$fatal", 32'sb00000000000000000000000000000001, "Mismatch C[0][1]: got %0d exp %0d", v0x159eb79e0_0, &A<v0x159eb70e0, 1> {0 0 0};
T_0.2 ;
    %load/vec4 v0x159eb7bb0_0;
    %ix/load 4, 2, 0;
    %flag_set/imm 4, 0;
    %load/vec4a v0x159eb70e0, 4;
    %cmp/ne;
    %jmp/0xz  T_0.4, 6;
    %vpi_call/w 3 71 "$fatal", 32'sb00000000000000000000000000000001, "Mismatch C[0][2]: got %0d exp %0d", v0x159eb7bb0_0, &A<v0x159eb70e0, 2> {0 0 0};
T_0.4 ;
    %load/vec4 v0x159eb7c40_0;
    %ix/load 4, 3, 0;
    %flag_set/imm 4, 0;
    %load/vec4a v0x159eb70e0, 4;
    %cmp/ne;
    %jmp/0xz  T_0.6, 6;
    %vpi_call/w 3 72 "$fatal", 32'sb00000000000000000000000000000001, "Mismatch C[0][3]: got %0d exp %0d", v0x159eb7c40_0, &A<v0x159eb70e0, 3> {0 0 0};
T_0.6 ;
    %load/vec4 v0x159eb7cd0_0;
    %ix/load 4, 4, 0;
    %flag_set/imm 4, 0;
    %load/vec4a v0x159eb70e0, 4;
    %cmp/ne;
    %jmp/0xz  T_0.8, 6;
    %vpi_call/w 3 74 "$fatal", 32'sb00000000000000000000000000000001, "Mismatch C[1][0]: got %0d exp %0d", v0x159eb7cd0_0, &A<v0x159eb70e0, 4> {0 0 0};
T_0.8 ;
    %load/vec4 v0x159eb7da0_0;
    %ix/load 4, 5, 0;
    %flag_set/imm 4, 0;
    %load/vec4a v0x159eb70e0, 4;
    %cmp/ne;
    %jmp/0xz  T_0.10, 6;
    %vpi_call/w 3 75 "$fatal", 32'sb00000000000000000000000000000001, "Mismatch C[1][1]: got %0d exp %0d", v0x159eb7da0_0, &A<v0x159eb70e0, 5> {0 0 0};
T_0.10 ;
    %load/vec4 v0x159eb7e70_0;
    %ix/load 4, 6, 0;
    %flag_set/imm 4, 0;
    %load/vec4a v0x159eb70e0, 4;
    %cmp/ne;
    %jmp/0xz  T_0.12, 6;
    %vpi_call/w 3 76 "$fatal", 32'sb00000000000000000000000000000001, "Mismatch C[1][2]: got %0d exp %0d", v0x159eb7e70_0, &A<v0x159eb70e0, 6> {0 0 0};
T_0.12 ;
    %load/vec4 v0x159eb7f40_0;
    %ix/load 4, 7, 0;
    %flag_set/imm 4, 0;
    %load/vec4a v0x159eb70e0, 4;
    %cmp/ne;
    %jmp/0xz  T_0.14, 6;
    %vpi_call/w 3 77 "$fatal", 32'sb00000000000000000000000000000001, "Mismatch C[1][3]: got %0d exp %0d", v0x159eb7f40_0, &A<v0x159eb70e0, 7> {0 0 0};
T_0.14 ;
    %load/vec4 v0x159eb8010_0;
    %ix/load 4, 8, 0;
    %flag_set/imm 4, 0;
    %load/vec4a v0x159eb70e0, 4;
    %cmp/ne;
    %jmp/0xz  T_0.16, 6;
    %vpi_call/w 3 79 "$fatal", 32'sb00000000000000000000000000000001, "Mismatch C[2][0]: got %0d exp %0d", v0x159eb8010_0, &A<v0x159eb70e0, 8> {0 0 0};
T_0.16 ;
    %load/vec4 v0x159eb80a0_0;
    %ix/load 4, 9, 0;
    %flag_set/imm 4, 0;
    %load/vec4a v0x159eb70e0, 4;
    %cmp/ne;
    %jmp/0xz  T_0.18, 6;
    %vpi_call/w 3 80 "$fatal", 32'sb00000000000000000000000000000001, "Mismatch C[2][1]: got %0d exp %0d", v0x159eb80a0_0, &A<v0x159eb70e0, 9> {0 0 0};
T_0.18 ;
    %load/vec4 v0x159eb8170_0;
    %ix/load 4, 10, 0;
    %flag_set/imm 4, 0;
    %load/vec4a v0x159eb70e0, 4;
    %cmp/ne;
    %jmp/0xz  T_0.20, 6;
    %vpi_call/w 3 81 "$fatal", 32'sb00000000000000000000000000000001, "Mismatch C[2][2]: got %0d exp %0d", v0x159eb8170_0, &A<v0x159eb70e0, 10> {0 0 0};
T_0.20 ;
    %load/vec4 v0x159eb8200_0;
    %ix/load 4, 11, 0;
    %flag_set/imm 4, 0;
    %load/vec4a v0x159eb70e0, 4;
    %cmp/ne;
    %jmp/0xz  T_0.22, 6;
    %vpi_call/w 3 82 "$fatal", 32'sb00000000000000000000000000000001, "Mismatch C[2][3]: got %0d exp %0d", v0x159eb8200_0, &A<v0x159eb70e0, 11> {0 0 0};
T_0.22 ;
    %load/vec4 v0x159eb82d0_0;
    %ix/load 4, 12, 0;
    %flag_set/imm 4, 0;
    %load/vec4a v0x159eb70e0, 4;
    %cmp/ne;
    %jmp/0xz  T_0.24, 6;
    %vpi_call/w 3 84 "$fatal", 32'sb00000000000000000000000000000001, "Mismatch C[3][0]: got %0d exp %0d", v0x159eb82d0_0, &A<v0x159eb70e0, 12> {0 0 0};
T_0.24 ;
    %load/vec4 v0x159eb83a0_0;
    %ix/load 4, 13, 0;
    %flag_set/imm 4, 0;
    %load/vec4a v0x159eb70e0, 4;
    %cmp/ne;
    %jmp/0xz  T_0.26, 6;
    %vpi_call/w 3 85 "$fatal", 32'sb00000000000000000000000000000001, "Mismatch C[3][1]: got %0d exp %0d", v0x159eb83a0_0, &A<v0x159eb70e0, 13> {0 0 0};
T_0.26 ;
    %load/vec4 v0x159eb8470_0;
    %ix/load 4, 14, 0;
    %flag_set/imm 4, 0;
    %load/vec4a v0x159eb70e0, 4;
    %cmp/ne;
    %jmp/0xz  T_0.28, 6;
    %vpi_call/w 3 86 "$fatal", 32'sb00000000000000000000000000000001, "Mismatch C[3][2]: got %0d exp %0d", v0x159eb8470_0, &A<v0x159eb70e0, 14> {0 0 0};
T_0.28 ;
    %load/vec4 v0x159eb8540_0;
    %ix/load 4, 15, 0;
    %flag_set/imm 4, 0;
    %load/vec4a v0x159eb70e0, 4;
    %cmp/ne;
    %jmp/0xz  T_0.30, 6;
    %vpi_call/w 3 87 "$fatal", 32'sb00000000000000000000000000000001, "Mismatch C[3][3]: got %0d exp %0d", v0x159eb8540_0, &A<v0x159eb70e0, 15> {0 0 0};
T_0.30 ;
    %end;
S_0x159e6da10 .scope module, "dut" "sa4x4" 3 21, 4 2 0, S_0x159e6ed30;
 .timescale 0 0;
    .port_info 0 /INPUT 1 "clk";
    .port_info 1 /INPUT 1 "reset";
    .port_info 2 /INPUT 1 "en";
    .port_info 3 /INPUT 8 "a0";
    .port_info 4 /INPUT 8 "a1";
    .port_info 5 /INPUT 8 "a2";
    .port_info 6 /INPUT 8 "a3";
    .port_info 7 /INPUT 8 "b0";
    .port_info 8 /INPUT 8 "b1";
    .port_info 9 /INPUT 8 "b2";
    .port_info 10 /INPUT 8 "b3";
    .port_info 11 /OUTPUT 32 "c00";
    .port_info 12 /OUTPUT 32 "c01";
    .port_info 13 /OUTPUT 32 "c02";
    .port_info 14 /OUTPUT 32 "c03";
    .port_info 15 /OUTPUT 32 "c10";
    .port_info 16 /OUTPUT 32 "c11";
    .port_info 17 /OUTPUT 32 "c12";
    .port_info 18 /OUTPUT 32 "c13";
    .port_info 19 /OUTPUT 32 "c20";
    .port_info 20 /OUTPUT 32 "c21";
    .port_info 21 /OUTPUT 32 "c22";
    .port_info 22 /OUTPUT 32 "c23";
    .port_info 23 /OUTPUT 32 "c30";
    .port_info 24 /OUTPUT 32 "c31";
    .port_info 25 /OUTPUT 32 "c32";
    .port_info 26 /OUTPUT 32 "c33";
P_0x159e75e00 .param/l "ACC_W" 0 4 3, +C4<00000000000000000000000000100000>;
L_0x159eb92c0 .functor BUFZ 8, v0x159eb73b0_0, C4<00000000>, C4<00000000>, C4<00000000>;
L_0x159eb93c0 .functor BUFZ 8, v0x159eb7440_0, C4<00000000>, C4<00000000>, C4<00000000>;
L_0x159eb94b0 .functor BUFZ 8, v0x159eb7550_0, C4<00000000>, C4<00000000>, C4<00000000>;
L_0x159eb95a0 .functor BUFZ 8, v0x159eb75e0_0, C4<00000000>, C4<00000000>, C4<00000000>;
L_0x159eb9690 .functor BUFZ 8, v0x159eb7670_0, C4<00000000>, C4<00000000>, C4<00000000>;
L_0x159eb97b0 .functor BUFZ 8, v0x159eb7700_0, C4<00000000>, C4<00000000>, C4<00000000>;
L_0x159eb9820 .functor BUFZ 8, v0x159eb77b0_0, C4<00000000>, C4<00000000>, C4<00000000>;
L_0x159eb9910 .functor BUFZ 8, v0x159eb7860_0, C4<00000000>, C4<00000000>, C4<00000000>;
L_0x159eb9a00 .functor BUFZ 8, v0x159e84ec0_0, C4<00000000>, C4<00000000>, C4<00000000>;
L_0x159eb9b40 .functor BUFZ 8, v0x159e7a4e0_0, C4<00000000>, C4<00000000>, C4<00000000>;
L_0x159eb9bf0 .functor BUFZ 8, v0x159e6d190_0, C4<00000000>, C4<00000000>, C4<00000000>;
L_0x159eb9d00 .functor BUFZ 8, v0x159eab9c0_0, C4<00000000>, C4<00000000>, C4<00000000>;
L_0x159eb9d70 .functor BUFZ 8, v0x159eac6c0_0, C4<00000000>, C4<00000000>, C4<00000000>;
L_0x159eb9ed0 .functor BUFZ 8, v0x159ead300_0, C4<00000000>, C4<00000000>, C4<00000000>;
L_0x159eb9f40 .functor BUFZ 8, v0x159eaebc0_0, C4<00000000>, C4<00000000>, C4<00000000>;
L_0x159eb9e60 .functor BUFZ 8, v0x159eaf980_0, C4<00000000>, C4<00000000>, C4<00000000>;
L_0x159eba0b0 .functor BUFZ 8, v0x159eb05c0_0, C4<00000000>, C4<00000000>, C4<00000000>;
L_0x159eba1f0 .functor BUFZ 8, v0x159eb1e40_0, C4<00000000>, C4<00000000>, C4<00000000>;
L_0x159eb9fb0 .functor BUFZ 8, v0x159eb2a80_0, C4<00000000>, C4<00000000>, C4<00000000>;
L_0x159eba380 .functor BUFZ 8, v0x159eb36c0_0, C4<00000000>, C4<00000000>, C4<00000000>;
L_0x159eba160 .functor BUFZ 8, v0x159e82450_0, C4<00000000>, C4<00000000>, C4<00000000>;
L_0x159eba520 .functor BUFZ 8, v0x159eabc80_0, C4<00000000>, C4<00000000>, C4<00000000>;
L_0x159eba590 .functor BUFZ 8, v0x159eaee80_0, C4<00000000>, C4<00000000>, C4<00000000>;
L_0x159eba700 .functor BUFZ 8, v0x159e77a70_0, C4<00000000>, C4<00000000>, C4<00000000>;
L_0x159eba4b0 .functor BUFZ 8, v0x159eac980_0, C4<00000000>, C4<00000000>, C4<00000000>;
L_0x159eba900 .functor BUFZ 8, v0x159eafc40_0, C4<00000000>, C4<00000000>, C4<00000000>;
L_0x159eba640 .functor BUFZ 8, v0x159e6c040_0, C4<00000000>, C4<00000000>, C4<00000000>;
L_0x159ebaa50 .functor BUFZ 8, v0x159ead5c0_0, C4<00000000>, C4<00000000>, C4<00000000>;
L_0x159eba870 .functor BUFZ 8, v0x159eb0880_0, C4<00000000>, C4<00000000>, C4<00000000>;
L_0x159ebac30 .functor BUFZ 8, v0x159e24cb0_0, C4<00000000>, C4<00000000>, C4<00000000>;
L_0x159eba9b0 .functor BUFZ 8, v0x159eae200_0, C4<00000000>, C4<00000000>, C4<00000000>;
L_0x159ebae20 .functor BUFZ 8, v0x159eb14c0_0, C4<00000000>, C4<00000000>, C4<00000000>;
v0x159eb49b0_0 .net/s "a0", 7 0, v0x159eb73b0_0;  1 drivers
v0x159eb4a70_0 .net/s "a1", 7 0, v0x159eb7440_0;  1 drivers
v0x159eb4b10_0 .net/s "a2", 7 0, v0x159eb7550_0;  1 drivers
v0x159eb4ba0_0 .net/s "a3", 7 0, v0x159eb75e0_0;  1 drivers
v0x159eb4c50 .array "a_fwd", 15 0;
v0x159eb4c50_0 .net/s v0x159eb4c50 0, 7 0, v0x159e84ec0_0; 1 drivers
v0x159eb4c50_1 .net/s v0x159eb4c50 1, 7 0, v0x159e7a4e0_0; 1 drivers
v0x159eb4c50_2 .net/s v0x159eb4c50 2, 7 0, v0x159e6d190_0; 1 drivers
v0x159eb4c50_3 .net/s v0x159eb4c50 3, 7 0, v0x159e08710_0; 1 drivers
v0x159eb4c50_4 .net/s v0x159eb4c50 4, 7 0, v0x159eab9c0_0; 1 drivers
v0x159eb4c50_5 .net/s v0x159eb4c50 5, 7 0, v0x159eac6c0_0; 1 drivers
v0x159eb4c50_6 .net/s v0x159eb4c50 6, 7 0, v0x159ead300_0; 1 drivers
v0x159eb4c50_7 .net/s v0x159eb4c50 7, 7 0, v0x159eadf40_0; 1 drivers
v0x159eb4c50_8 .net/s v0x159eb4c50 8, 7 0, v0x159eaebc0_0; 1 drivers
v0x159eb4c50_9 .net/s v0x159eb4c50 9, 7 0, v0x159eaf980_0; 1 drivers
v0x159eb4c50_10 .net/s v0x159eb4c50 10, 7 0, v0x159eb05c0_0; 1 drivers
v0x159eb4c50_11 .net/s v0x159eb4c50 11, 7 0, v0x159eb1200_0; 1 drivers
v0x159eb4c50_12 .net/s v0x159eb4c50 12, 7 0, v0x159eb1e40_0; 1 drivers
v0x159eb4c50_13 .net/s v0x159eb4c50 13, 7 0, v0x159eb2a80_0; 1 drivers
v0x159eb4c50_14 .net/s v0x159eb4c50 14, 7 0, v0x159eb36c0_0; 1 drivers
v0x159eb4c50_15 .net/s v0x159eb4c50 15, 7 0, v0x159eb4300_0; 1 drivers
v0x159eb4f90 .array "a_to_pe", 15 0;
v0x159eb4f90_0 .net/s v0x159eb4f90 0, 7 0, L_0x159eb92c0; 1 drivers
v0x159eb4f90_1 .net/s v0x159eb4f90 1, 7 0, L_0x159eb9a00; 1 drivers
v0x159eb4f90_2 .net/s v0x159eb4f90 2, 7 0, L_0x159eb9b40; 1 drivers
v0x159eb4f90_3 .net/s v0x159eb4f90 3, 7 0, L_0x159eb9bf0; 1 drivers
v0x159eb4f90_4 .net/s v0x159eb4f90 4, 7 0, L_0x159eb93c0; 1 drivers
v0x159eb4f90_5 .net/s v0x159eb4f90 5, 7 0, L_0x159eb9d00; 1 drivers
v0x159eb4f90_6 .net/s v0x159eb4f90 6, 7 0, L_0x159eb9d70; 1 drivers
v0x159eb4f90_7 .net/s v0x159eb4f90 7, 7 0, L_0x159eb9ed0; 1 drivers
v0x159eb4f90_8 .net/s v0x159eb4f90 8, 7 0, L_0x159eb94b0; 1 drivers
v0x159eb4f90_9 .net/s v0x159eb4f90 9, 7 0, L_0x159eb9f40; 1 drivers
v0x159eb4f90_10 .net/s v0x159eb4f90 10, 7 0, L_0x159eb9e60; 1 drivers
v0x159eb4f90_11 .net/s v0x159eb4f90 11, 7 0, L_0x159eba0b0; 1 drivers
v0x159eb4f90_12 .net/s v0x159eb4f90 12, 7 0, L_0x159eb95a0; 1 drivers
v0x159eb4f90_13 .net/s v0x159eb4f90 13, 7 0, L_0x159eba1f0; 1 drivers
v0x159eb4f90_14 .net/s v0x159eb4f90 14, 7 0, L_0x159eb9fb0; 1 drivers
v0x159eb4f90_15 .net/s v0x159eb4f90 15, 7 0, L_0x159eba380; 1 drivers
v0x159eb52a0_0 .net/s "b0", 7 0, v0x159eb7670_0;  1 drivers
v0x159eb5330_0 .net/s "b1", 7 0, v0x159eb7700_0;  1 drivers
v0x159eb53c0_0 .net/s "b2", 7 0, v0x159eb77b0_0;  1 drivers
v0x159eb54d0_0 .net/s "b3", 7 0, v0x159eb7860_0;  1 drivers
v0x159eb5560 .array "b_fwd", 15 0;
v0x159eb5560_0 .net/s v0x159eb5560 0, 7 0, v0x159e82450_0; 1 drivers
v0x159eb5560_1 .net/s v0x159eb5560 1, 7 0, v0x159e77a70_0; 1 drivers
v0x159eb5560_2 .net/s v0x159eb5560 2, 7 0, v0x159e6c040_0; 1 drivers
v0x159eb5560_3 .net/s v0x159eb5560 3, 7 0, v0x159e24cb0_0; 1 drivers
v0x159eb5560_4 .net/s v0x159eb5560 4, 7 0, v0x159eabc80_0; 1 drivers
v0x159eb5560_5 .net/s v0x159eb5560 5, 7 0, v0x159eac980_0; 1 drivers
v0x159eb5560_6 .net/s v0x159eb5560 6, 7 0, v0x159ead5c0_0; 1 drivers
v0x159eb5560_7 .net/s v0x159eb5560 7, 7 0, v0x159eae200_0; 1 drivers
v0x159eb5560_8 .net/s v0x159eb5560 8, 7 0, v0x159eaee80_0; 1 drivers
v0x159eb5560_9 .net/s v0x159eb5560 9, 7 0, v0x159eafc40_0; 1 drivers
v0x159eb5560_10 .net/s v0x159eb5560 10, 7 0, v0x159eb0880_0; 1 drivers
v0x159eb5560_11 .net/s v0x159eb5560 11, 7 0, v0x159eb14c0_0; 1 drivers
v0x159eb5560_12 .net/s v0x159eb5560 12, 7 0, v0x159eb2100_0; 1 drivers
v0x159eb5560_13 .net/s v0x159eb5560 13, 7 0, v0x159eb2d40_0; 1 drivers
v0x159eb5560_14 .net/s v0x159eb5560 14, 7 0, v0x159eb3980_0; 1 drivers
v0x159eb5560_15 .net/s v0x159eb5560 15, 7 0, v0x159eb45c0_0; 1 drivers
v0x159eb5830 .array "b_to_pe", 15 0;
v0x159eb5830_0 .net/s v0x159eb5830 0, 7 0, L_0x159eb9690; 1 drivers
v0x159eb5830_1 .net/s v0x159eb5830 1, 7 0, L_0x159eb97b0; 1 drivers
v0x159eb5830_2 .net/s v0x159eb5830 2, 7 0, L_0x159eb9820; 1 drivers
v0x159eb5830_3 .net/s v0x159eb5830 3, 7 0, L_0x159eb9910; 1 drivers
v0x159eb5830_4 .net/s v0x159eb5830 4, 7 0, L_0x159eba160; 1 drivers
v0x159eb5830_5 .net/s v0x159eb5830 5, 7 0, L_0x159eba700; 1 drivers
v0x159eb5830_6 .net/s v0x159eb5830 6, 7 0, L_0x159eba640; 1 drivers
v0x159eb5830_7 .net/s v0x159eb5830 7, 7 0, L_0x159ebac30; 1 drivers
v0x159eb5830_8 .net/s v0x159eb5830 8, 7 0, L_0x159eba520; 1 drivers
v0x159eb5830_9 .net/s v0x159eb5830 9, 7 0, L_0x159eba4b0; 1 drivers
v0x159eb5830_10 .net/s v0x159eb5830 10, 7 0, L_0x159ebaa50; 1 drivers
v0x159eb5830_11 .net/s v0x159eb5830 11, 7 0, L_0x159eba9b0; 1 drivers
v0x159eb5830_12 .net/s v0x159eb5830 12, 7 0, L_0x159eba590; 1 drivers
v0x159eb5830_13 .net/s v0x159eb5830 13, 7 0, L_0x159eba900; 1 drivers
v0x159eb5830_14 .net/s v0x159eb5830 14, 7 0, L_0x159eba870; 1 drivers
v0x159eb5830_15 .net/s v0x159eb5830 15, 7 0, L_0x159ebae20; 1 drivers
v0x159eb5b40_0 .net/s "c00", 31 0, L_0x159ebafd0;  alias, 1 drivers
v0x159eb5bf0_0 .net/s "c01", 31 0, L_0x159ebb2a0;  alias, 1 drivers
v0x159eb5ca0_0 .net/s "c02", 31 0, L_0x159ebb570;  alias, 1 drivers
v0x159eb5d50_0 .net/s "c03", 31 0, L_0x159ebb840;  alias, 1 drivers
v0x159eb5e00_0 .net/s "c10", 31 0, L_0x159ebbb10;  alias, 1 drivers
v0x159eb5f90_0 .net/s "c11", 31 0, L_0x159ebbe40;  alias, 1 drivers
v0x159eb6020_0 .net/s "c12", 31 0, L_0x159ebc170;  alias, 1 drivers
v0x159eb60b0_0 .net/s "c13", 31 0, L_0x159ebc4a0;  alias, 1 drivers
v0x159eb6140_0 .net/s "c20", 31 0, L_0x159ebc7d0;  alias, 1 drivers
v0x159eb61d0_0 .net/s "c21", 31 0, L_0x159ebcb00;  alias, 1 drivers
v0x159eb6280_0 .net/s "c22", 31 0, L_0x159ebce30;  alias, 1 drivers
v0x159eb6330_0 .net/s "c23", 31 0, L_0x159ebd160;  alias, 1 drivers
v0x159eb63e0_0 .net/s "c30", 31 0, L_0x159ebd490;  alias, 1 drivers
v0x159eb6490_0 .net/s "c31", 31 0, L_0x159ebd7c0;  alias, 1 drivers
v0x159eb6540_0 .net/s "c32", 31 0, L_0x159ebdaf0;  alias, 1 drivers
v0x159eb65f0_0 .net/s "c33", 31 0, L_0x159ebde20;  alias, 1 drivers
v0x159eb66a0_0 .net "clk", 0 0, v0x159eb8610_0;  1 drivers
v0x159eaf040_0 .net "en", 0 0, v0x159eb86a0_0;  1 drivers
v0x159eaf1d0_0 .net "reset", 0 0, v0x159eb8a50_0;  1 drivers
S_0x159e6b790 .scope module, "pe00" "pe" 4 67, 5 1 0, S_0x159e6da10;
 .timescale 0 0;
    .port_info 0 /INPUT 1 "clk";
    .port_info 1 /INPUT 1 "reset";
    .port_info 2 /INPUT 1 "en";
    .port_info 3 /INPUT 8 "a_in";
    .port_info 4 /INPUT 8 "b_in";
    .port_info 5 /OUTPUT 8 "a_out";
    .port_info 6 /OUTPUT 8 "b_out";
    .port_info 7 /OUTPUT 32 "acc_out";
P_0x159e736d0 .param/l "ACC_W" 0 5 2, +C4<00000000000000000000000000100000>;
L_0x159ebafd0 .functor BUFZ 32, v0x159e84b20_0, C4<00000000000000000000000000000000>, C4<00000000000000000000000000000000>, C4<00000000000000000000000000000000>;
v0x159e2b740_0 .net/s *"_ivl_0", 15 0, L_0x159ebab40;  1 drivers
v0x159e87590_0 .net/s *"_ivl_2", 15 0, L_0x159ebae90;  1 drivers
v0x159e87620_0 .net/s "a_in", 7 0, L_0x159eb92c0;  alias, 1 drivers
v0x159e84ec0_0 .var/s "a_out", 7 0;
v0x159e84f50_0 .net/s "acc_out", 31 0, L_0x159ebafd0;  alias, 1 drivers
v0x159e84b20_0 .var/s "acc_reg", 31 0;
v0x159e84bb0_0 .net/s "b_in", 7 0, L_0x159eb9690;  alias, 1 drivers
v0x159e82450_0 .var/s "b_out", 7 0;
v0x159e824e0_0 .net "clk", 0 0, v0x159eb8610_0;  alias, 1 drivers
v0x159e820b0_0 .net "en", 0 0, v0x159eb86a0_0;  alias, 1 drivers
v0x159e82140_0 .net/s "product", 15 0, L_0x159ebaf30;  1 drivers
v0x159e7f9e0_0 .net "reset", 0 0, v0x159eb8a50_0;  alias, 1 drivers
E_0x159e70ee0 .event posedge, v0x159e824e0_0;
L_0x159ebab40 .extend/s 16, L_0x159eb92c0;
L_0x159ebae90 .extend/s 16, L_0x159eb9690;
L_0x159ebaf30 .arith/mult 16, L_0x159ebab40, L_0x159ebae90;
S_0x159e7f640 .scope module, "pe01" "pe" 4 68, 5 1 0, S_0x159e6da10;
 .timescale 0 0;
    .port_info 0 /INPUT 1 "clk";
    .port_info 1 /INPUT 1 "reset";
    .port_info 2 /INPUT 1 "en";
    .port_info 3 /INPUT 8 "a_in";
    .port_info 4 /INPUT 8 "b_in";
    .port_info 5 /OUTPUT 8 "a_out";
    .port_info 6 /OUTPUT 8 "b_out";
    .port_info 7 /OUTPUT 32 "acc_out";
P_0x159e0a250 .param/l "ACC_W" 0 5 2, +C4<00000000000000000000000000100000>;
L_0x159ebb2a0 .functor BUFZ 32, v0x159e7a140_0, C4<00000000000000000000000000000000>, C4<00000000000000000000000000000000>, C4<00000000000000000000000000000000>;
v0x159e7d010_0 .net/s *"_ivl_0", 15 0, L_0x159ebb040;  1 drivers
v0x159e7cbb0_0 .net/s *"_ivl_2", 15 0, L_0x159ebb0e0;  1 drivers
v0x159e7cc40_0 .net/s "a_in", 7 0, L_0x159eb9a00;  alias, 1 drivers
v0x159e7a4e0_0 .var/s "a_out", 7 0;
v0x159e7a570_0 .net/s "acc_out", 31 0, L_0x159ebb2a0;  alias, 1 drivers
v0x159e7a140_0 .var/s "acc_reg", 31 0;
v0x159e7a1d0_0 .net/s "b_in", 7 0, L_0x159eb97b0;  alias, 1 drivers
v0x159e77a70_0 .var/s "b_out", 7 0;
v0x159e77b00_0 .net "clk", 0 0, v0x159eb8610_0;  alias, 1 drivers
v0x159e776d0_0 .net "en", 0 0, v0x159eb86a0_0;  alias, 1 drivers
v0x159e77760_0 .net/s "product", 15 0, L_0x159ebb180;  1 drivers
v0x159e74f80_0 .net "reset", 0 0, v0x159eb8a50_0;  alias, 1 drivers
L_0x159ebb040 .extend/s 16, L_0x159eb9a00;
L_0x159ebb0e0 .extend/s 16, L_0x159eb97b0;
L_0x159ebb180 .arith/mult 16, L_0x159ebb040, L_0x159ebb0e0;
S_0x159e74be0 .scope module, "pe02" "pe" 4 69, 5 1 0, S_0x159e6da10;
 .timescale 0 0;
    .port_info 0 /INPUT 1 "clk";
    .port_info 1 /INPUT 1 "reset";
    .port_info 2 /INPUT 1 "en";
    .port_info 3 /INPUT 8 "a_in";
    .port_info 4 /INPUT 8 "b_in";
    .port_info 5 /OUTPUT 8 "a_out";
    .port_info 6 /OUTPUT 8 "b_out";
    .port_info 7 /OUTPUT 32 "acc_out";
P_0x159e7faf0 .param/l "ACC_W" 0 5 2, +C4<00000000000000000000000000100000>;
L_0x159ebb570 .functor BUFZ 32, v0x159e6c8e0_0, C4<00000000000000000000000000000000>, C4<00000000000000000000000000000000>, C4<00000000000000000000000000000000>;
v0x159e71080_0 .net/s *"_ivl_0", 15 0, L_0x159ebb310;  1 drivers
v0x159e70710_0 .net/s *"_ivl_2", 15 0, L_0x159ebb3b0;  1 drivers
v0x159e707a0_0 .net/s "a_in", 7 0, L_0x159eb9b40;  alias, 1 drivers
v0x159e6d190_0 .var/s "a_out", 7 0;
v0x159e6d220_0 .net/s "acc_out", 31 0, L_0x159ebb570;  alias, 1 drivers
v0x159e6c8e0_0 .var/s "acc_reg", 31 0;
v0x159e6c970_0 .net/s "b_in", 7 0, L_0x159eb9820;  alias, 1 drivers
v0x159e6c040_0 .var/s "b_out", 7 0;
v0x159e6c0d0_0 .net "clk", 0 0, v0x159eb8610_0;  alias, 1 drivers
v0x159e73a90_0 .net "en", 0 0, v0x159eb86a0_0;  alias, 1 drivers
v0x159e73b20_0 .net/s "product", 15 0, L_0x159ebb450;  1 drivers
v0x159e72980_0 .net "reset", 0 0, v0x159eb8a50_0;  alias, 1 drivers
L_0x159ebb310 .extend/s 16, L_0x159eb9b40;
L_0x159ebb3b0 .extend/s 16, L_0x159eb9820;
L_0x159ebb450 .arith/mult 16, L_0x159ebb310, L_0x159ebb3b0;
S_0x159e720d0 .scope module, "pe03" "pe" 4 70, 5 1 0, S_0x159e6da10;
 .timescale 0 0;
    .port_info 0 /INPUT 1 "clk";
    .port_info 1 /INPUT 1 "reset";
    .port_info 2 /INPUT 1 "en";
    .port_info 3 /INPUT 8 "a_in";
    .port_info 4 /INPUT 8 "b_in";
    .port_info 5 /OUTPUT 8 "a_out";
    .port_info 6 /OUTPUT 8 "b_out";
    .port_info 7 /OUTPUT 32 "acc_out";
P_0x159e75090 .param/l "ACC_W" 0 5 2, +C4<00000000000000000000000000100000>;
L_0x159ebb840 .functor BUFZ 32, v0x159e24b60_0, C4<00000000000000000000000000000000>, C4<00000000000000000000000000000000>, C4<00000000000000000000000000000000>;
v0x159e72a90_0 .net/s *"_ivl_0", 15 0, L_0x159ebb5e0;  1 drivers
v0x159e085f0_0 .net/s *"_ivl_2", 15 0, L_0x159ebb680;  1 drivers
v0x159e08680_0 .net/s "a_in", 7 0, L_0x159eb9bf0;  alias, 1 drivers
v0x159e08710_0 .var/s "a_out", 7 0;
v0x159e087a0_0 .net/s "acc_out", 31 0, L_0x159ebb840;  alias, 1 drivers
v0x159e24b60_0 .var/s "acc_reg", 31 0;
v0x159e24c00_0 .net/s "b_in", 7 0, L_0x159eb9910;  alias, 1 drivers
v0x159e24cb0_0 .var/s "b_out", 7 0;
v0x159e24d60_0 .net "clk", 0 0, v0x159eb8610_0;  alias, 1 drivers
v0x159eab1f0_0 .net "en", 0 0, v0x159eb86a0_0;  alias, 1 drivers
v0x159eab280_0 .net/s "product", 15 0, L_0x159ebb720;  1 drivers
v0x159eab310_0 .net "reset", 0 0, v0x159eb8a50_0;  alias, 1 drivers
L_0x159ebb5e0 .extend/s 16, L_0x159eb9bf0;
L_0x159ebb680 .extend/s 16, L_0x159eb9910;
L_0x159ebb720 .arith/mult 16, L_0x159ebb5e0, L_0x159ebb680;
S_0x159eab410 .scope module, "pe10" "pe" 4 72, 5 1 0, S_0x159e6da10;
 .timescale 0 0;
    .port_info 0 /INPUT 1 "clk";
    .port_info 1 /INPUT 1 "reset";
    .port_info 2 /INPUT 1 "en";
    .port_info 3 /INPUT 8 "a_in";
    .port_info 4 /INPUT 8 "b_in";
    .port_info 5 /OUTPUT 8 "a_out";
    .port_info 6 /OUTPUT 8 "b_out";
    .port_info 7 /OUTPUT 32 "acc_out";
P_0x159eab5d0 .param/l "ACC_W" 0 5 2, +C4<00000000000000000000000000100000>;
L_0x159ebbb10 .functor BUFZ 32, v0x159eabb20_0, C4<00000000000000000000000000000000>, C4<00000000000000000000000000000000>, C4<00000000000000000000000000000000>;
v0x159eab7d0_0 .net/s *"_ivl_0", 15 0, L_0x159ebb8b0;  1 drivers
v0x159eab890_0 .net/s *"_ivl_2", 15 0, L_0x159ebb950;  1 drivers
v0x159eab930_0 .net/s "a_in", 7 0, L_0x159eb93c0;  alias, 1 drivers
v0x159eab9c0_0 .var/s "a_out", 7 0;
v0x159eaba50_0 .net/s "acc_out", 31 0, L_0x159ebbb10;  alias, 1 drivers
v0x159eabb20_0 .var/s "acc_reg", 31 0;
v0x159eabbd0_0 .net/s "b_in", 7 0, L_0x159eba160;  alias, 1 drivers
v0x159eabc80_0 .var/s "b_out", 7 0;
v0x159eabd30_0 .net "clk", 0 0, v0x159eb8610_0;  alias, 1 drivers
v0x159eabec0_0 .net "en", 0 0, v0x159eb86a0_0;  alias, 1 drivers
v0x159eabfd0_0 .net/s "product", 15 0, L_0x159ebb9f0;  1 drivers
v0x159eac060_0 .net "reset", 0 0, v0x159eb8a50_0;  alias, 1 drivers
L_0x159ebb8b0 .extend/s 16, L_0x159eb93c0;
L_0x159ebb950 .extend/s 16, L_0x159eba160;
L_0x159ebb9f0 .arith/mult 16, L_0x159ebb8b0, L_0x159ebb950;
S_0x159eac170 .scope module, "pe11" "pe" 4 73, 5 1 0, S_0x159e6da10;
 .timescale 0 0;
    .port_info 0 /INPUT 1 "clk";
    .port_info 1 /INPUT 1 "reset";
    .port_info 2 /INPUT 1 "en";
    .port_info 3 /INPUT 8 "a_in";
    .port_info 4 /INPUT 8 "b_in";
    .port_info 5 /OUTPUT 8 "a_out";
    .port_info 6 /OUTPUT 8 "b_out";
    .port_info 7 /OUTPUT 32 "acc_out";
P_0x159eab6d0 .param/l "ACC_W" 0 5 2, +C4<00000000000000000000000000100000>;
L_0x159ebbe40 .functor BUFZ 32, v0x159eac820_0, C4<00000000000000000000000000000000>, C4<00000000000000000000000000000000>, C4<00000000000000000000000000000000>;
v0x159eac4d0_0 .net/s *"_ivl_0", 15 0, L_0x159ebbb80;  1 drivers
v0x159eac590_0 .net/s *"_ivl_2", 15 0, L_0x159ebbc40;  1 drivers
v0x159eac630_0 .net/s "a_in", 7 0, L_0x159eb9d00;  alias, 1 drivers
v0x159eac6c0_0 .var/s "a_out", 7 0;
v0x159eac750_0 .net/s "acc_out", 31 0, L_0x159ebbe40;  alias, 1 drivers
v0x159eac820_0 .var/s "acc_reg", 31 0;
v0x159eac8d0_0 .net/s "b_in", 7 0, L_0x159eba700;  alias, 1 drivers
v0x159eac980_0 .var/s "b_out", 7 0;
v0x159eaca30_0 .net "clk", 0 0, v0x159eb8610_0;  alias, 1 drivers
v0x159eacb40_0 .net "en", 0 0, v0x159eb86a0_0;  alias, 1 drivers
v0x159eacbd0_0 .net/s "product", 15 0, L_0x159ebbd00;  1 drivers
v0x159eacc60_0 .net "reset", 0 0, v0x159eb8a50_0;  alias, 1 drivers
L_0x159ebbb80 .extend/s 16, L_0x159eb9d00;
L_0x159ebbc40 .extend/s 16, L_0x159eba700;
L_0x159ebbd00 .arith/mult 16, L_0x159ebbb80, L_0x159ebbc40;
S_0x159eacd70 .scope module, "pe12" "pe" 4 74, 5 1 0, S_0x159e6da10;
 .timescale 0 0;
    .port_info 0 /INPUT 1 "clk";
    .port_info 1 /INPUT 1 "reset";
    .port_info 2 /INPUT 1 "en";
    .port_info 3 /INPUT 8 "a_in";
    .port_info 4 /INPUT 8 "b_in";
    .port_info 5 /OUTPUT 8 "a_out";
    .port_info 6 /OUTPUT 8 "b_out";
    .port_info 7 /OUTPUT 32 "acc_out";
P_0x159eac3d0 .param/l "ACC_W" 0 5 2, +C4<00000000000000000000000000100000>;
L_0x159ebc170 .functor BUFZ 32, v0x159ead460_0, C4<00000000000000000000000000000000>, C4<00000000000000000000000000000000>, C4<00000000000000000000000000000000>;
v0x159ead110_0 .net/s *"_ivl_0", 15 0, L_0x159ebbeb0;  1 drivers
v0x159ead1d0_0 .net/s *"_ivl_2", 15 0, L_0x159ebbf70;  1 drivers
v0x159ead270_0 .net/s "a_in", 7 0, L_0x159eb9d70;  alias, 1 drivers
v0x159ead300_0 .var/s "a_out", 7 0;
v0x159ead390_0 .net/s "acc_out", 31 0, L_0x159ebc170;  alias, 1 drivers
v0x159ead460_0 .var/s "acc_reg", 31 0;
v0x159ead510_0 .net/s "b_in", 7 0, L_0x159eba640;  alias, 1 drivers
v0x159ead5c0_0 .var/s "b_out", 7 0;
v0x159ead670_0 .net "clk", 0 0, v0x159eb8610_0;  alias, 1 drivers
v0x159ead780_0 .net "en", 0 0, v0x159eb86a0_0;  alias, 1 drivers
v0x159ead810_0 .net/s "product", 15 0, L_0x159ebc030;  1 drivers
v0x159ead8a0_0 .net "reset", 0 0, v0x159eb8a50_0;  alias, 1 drivers
L_0x159ebbeb0 .extend/s 16, L_0x159eb9d70;
L_0x159ebbf70 .extend/s 16, L_0x159eba640;
L_0x159ebc030 .arith/mult 16, L_0x159ebbeb0, L_0x159ebbf70;
S_0x159ead9b0 .scope module, "pe13" "pe" 4 75, 5 1 0, S_0x159e6da10;
 .timescale 0 0;
    .port_info 0 /INPUT 1 "clk";
    .port_info 1 /INPUT 1 "reset";
    .port_info 2 /INPUT 1 "en";
    .port_info 3 /INPUT 8 "a_in";
    .port_info 4 /INPUT 8 "b_in";
    .port_info 5 /OUTPUT 8 "a_out";
    .port_info 6 /OUTPUT 8 "b_out";
    .port_info 7 /OUTPUT 32 "acc_out";
P_0x159ead010 .param/l "ACC_W" 0 5 2, +C4<00000000000000000000000000100000>;
L_0x159ebc4a0 .functor BUFZ 32, v0x159eae0a0_0, C4<00000000000000000000000000000000>, C4<00000000000000000000000000000000>, C4<00000000000000000000000000000000>;
v0x159eadd50_0 .net/s *"_ivl_0", 15 0, L_0x159ebc1e0;  1 drivers
v0x159eade10_0 .net/s *"_ivl_2", 15 0, L_0x159ebc2a0;  1 drivers
v0x159eadeb0_0 .net/s "a_in", 7 0, L_0x159eb9ed0;  alias, 1 drivers
v0x159eadf40_0 .var/s "a_out", 7 0;
v0x159eadfd0_0 .net/s "acc_out", 31 0, L_0x159ebc4a0;  alias, 1 drivers
v0x159eae0a0_0 .var/s "acc_reg", 31 0;
v0x159eae150_0 .net/s "b_in", 7 0, L_0x159ebac30;  alias, 1 drivers
v0x159eae200_0 .var/s "b_out", 7 0;
v0x159eae2b0_0 .net "clk", 0 0, v0x159eb8610_0;  alias, 1 drivers
v0x159eae3c0_0 .net "en", 0 0, v0x159eb86a0_0;  alias, 1 drivers
v0x159eae450_0 .net/s "product", 15 0, L_0x159ebc360;  1 drivers
v0x159eae4e0_0 .net "reset", 0 0, v0x159eb8a50_0;  alias, 1 drivers
L_0x159ebc1e0 .extend/s 16, L_0x159eb9ed0;
L_0x159ebc2a0 .extend/s 16, L_0x159ebac30;
L_0x159ebc360 .arith/mult 16, L_0x159ebc1e0, L_0x159ebc2a0;
S_0x159eae5f0 .scope module, "pe20" "pe" 4 77, 5 1 0, S_0x159e6da10;
 .timescale 0 0;
    .port_info 0 /INPUT 1 "clk";
    .port_info 1 /INPUT 1 "reset";
    .port_info 2 /INPUT 1 "en";
    .port_info 3 /INPUT 8 "a_in";
    .port_info 4 /INPUT 8 "b_in";
    .port_info 5 /OUTPUT 8 "a_out";
    .port_info 6 /OUTPUT 8 "b_out";
    .port_info 7 /OUTPUT 32 "acc_out";
P_0x159e75050 .param/l "ACC_W" 0 5 2, +C4<00000000000000000000000000100000>;
L_0x159ebc7d0 .functor BUFZ 32, v0x159eaed20_0, C4<00000000000000000000000000000000>, C4<00000000000000000000000000000000>, C4<00000000000000000000000000000000>;
v0x159eae9d0_0 .net/s *"_ivl_0", 15 0, L_0x159ebc510;  1 drivers
v0x159eaea90_0 .net/s *"_ivl_2", 15 0, L_0x159ebc5d0;  1 drivers
v0x159eaeb30_0 .net/s "a_in", 7 0, L_0x159eb94b0;  alias, 1 drivers
v0x159eaebc0_0 .var/s "a_out", 7 0;
v0x159eaec50_0 .net/s "acc_out", 31 0, L_0x159ebc7d0;  alias, 1 drivers
v0x159eaed20_0 .var/s "acc_reg", 31 0;
v0x159eaedd0_0 .net/s "b_in", 7 0, L_0x159eba520;  alias, 1 drivers
v0x159eaee80_0 .var/s "b_out", 7 0;
v0x159eaef30_0 .net "clk", 0 0, v0x159eb8610_0;  alias, 1 drivers
v0x159eaf140_0 .net "en", 0 0, v0x159eb86a0_0;  alias, 1 drivers
v0x159eaf2d0_0 .net/s "product", 15 0, L_0x159ebc690;  1 drivers
v0x159eaf360_0 .net "reset", 0 0, v0x159eb8a50_0;  alias, 1 drivers
L_0x159ebc510 .extend/s 16, L_0x159eb94b0;
L_0x159ebc5d0 .extend/s 16, L_0x159eba520;
L_0x159ebc690 .arith/mult 16, L_0x159ebc510, L_0x159ebc5d0;
S_0x159eaf4f0 .scope module, "pe21" "pe" 4 78, 5 1 0, S_0x159e6da10;
 .timescale 0 0;
    .port_info 0 /INPUT 1 "clk";
    .port_info 1 /INPUT 1 "reset";
    .port_info 2 /INPUT 1 "en";
    .port_info 3 /INPUT 8 "a_in";
    .port_info 4 /INPUT 8 "b_in";
    .port_info 5 /OUTPUT 8 "a_out";
    .port_info 6 /OUTPUT 8 "b_out";
    .port_info 7 /OUTPUT 32 "acc_out";
P_0x159eae8d0 .param/l "ACC_W" 0 5 2, +C4<00000000000000000000000000100000>;
L_0x159ebcb00 .functor BUFZ 32, v0x159eafae0_0, C4<00000000000000000000000000000000>, C4<00000000000000000000000000000000>, C4<00000000000000000000000000000000>;
v0x159eaf7a0_0 .net/s *"_ivl_0", 15 0, L_0x159ebc840;  1 drivers
v0x159eaf850_0 .net/s *"_ivl_2", 15 0, L_0x159ebc900;  1 drivers
v0x159eaf8f0_0 .net/s "a_in", 7 0, L_0x159eb9f40;  alias, 1 drivers
v0x159eaf980_0 .var/s "a_out", 7 0;
v0x159eafa10_0 .net/s "acc_out", 31 0, L_0x159ebcb00;  alias, 1 drivers
v0x159eafae0_0 .var/s "acc_reg", 31 0;
v0x159eafb90_0 .net/s "b_in", 7 0, L_0x159eba4b0;  alias, 1 drivers
v0x159eafc40_0 .var/s "b_out", 7 0;
v0x159eafcf0_0 .net "clk", 0 0, v0x159eb8610_0;  alias, 1 drivers
v0x159eafe00_0 .net "en", 0 0, v0x159eb86a0_0;  alias, 1 drivers
v0x159eafe90_0 .net/s "product", 15 0, L_0x159ebc9c0;  1 drivers
v0x159eaff20_0 .net "reset", 0 0, v0x159eb8a50_0;  alias, 1 drivers
L_0x159ebc840 .extend/s 16, L_0x159eb9f40;
L_0x159ebc900 .extend/s 16, L_0x159eba4b0;
L_0x159ebc9c0 .arith/mult 16, L_0x159ebc840, L_0x159ebc900;
S_0x159eb0030 .scope module, "pe22" "pe" 4 79, 5 1 0, S_0x159e6da10;
 .timescale 0 0;
    .port_info 0 /INPUT 1 "clk";
    .port_info 1 /INPUT 1 "reset";
    .port_info 2 /INPUT 1 "en";
    .port_info 3 /INPUT 8 "a_in";
    .port_info 4 /INPUT 8 "b_in";
    .port_info 5 /OUTPUT 8 "a_out";
    .port_info 6 /OUTPUT 8 "b_out";
    .port_info 7 /OUTPUT 32 "acc_out";
P_0x159eabe80 .param/l "ACC_W" 0 5 2, +C4<00000000000000000000000000100000>;
L_0x159ebce30 .functor BUFZ 32, v0x159eb0720_0, C4<00000000000000000000000000000000>, C4<00000000000000000000000000000000>, C4<00000000000000000000000000000000>;
v0x159eb03d0_0 .net/s *"_ivl_0", 15 0, L_0x159ebcb70;  1 drivers
v0x159eb0490_0 .net/s *"_ivl_2", 15 0, L_0x159ebcc30;  1 drivers
v0x159eb0530_0 .net/s "a_in", 7 0, L_0x159eb9e60;  alias, 1 drivers
v0x159eb05c0_0 .var/s "a_out", 7 0;
v0x159eb0650_0 .net/s "acc_out", 31 0, L_0x159ebce30;  alias, 1 drivers
v0x159eb0720_0 .var/s "acc_reg", 31 0;
v0x159eb07d0_0 .net/s "b_in", 7 0, L_0x159ebaa50;  alias, 1 drivers
v0x159eb0880_0 .var/s "b_out", 7 0;
v0x159eb0930_0 .net "clk", 0 0, v0x159eb8610_0;  alias, 1 drivers
v0x159eb0a40_0 .net "en", 0 0, v0x159eb86a0_0;  alias, 1 drivers
v0x159eb0ad0_0 .net/s "product", 15 0, L_0x159ebccf0;  1 drivers
v0x159eb0b60_0 .net "reset", 0 0, v0x159eb8a50_0;  alias, 1 drivers
L_0x159ebcb70 .extend/s 16, L_0x159eb9e60;
L_0x159ebcc30 .extend/s 16, L_0x159ebaa50;
L_0x159ebccf0 .arith/mult 16, L_0x159ebcb70, L_0x159ebcc30;
S_0x159eb0c70 .scope module, "pe23" "pe" 4 80, 5 1 0, S_0x159e6da10;
 .timescale 0 0;
    .port_info 0 /INPUT 1 "clk";
    .port_info 1 /INPUT 1 "reset";
    .port_info 2 /INPUT 1 "en";
    .port_info 3 /INPUT 8 "a_in";
    .port_info 4 /INPUT 8 "b_in";
    .port_info 5 /OUTPUT 8 "a_out";
    .port_info 6 /OUTPUT 8 "b_out";
    .port_info 7 /OUTPUT 32 "acc_out";
P_0x159eb02d0 .param/l "ACC_W" 0 5 2, +C4<00000000000000000000000000100000>;
L_0x159ebd160 .functor BUFZ 32, v0x159eb1360_0, C4<00000000000000000000000000000000>, C4<00000000000000000000000000000000>, C4<00000000000000000000000000000000>;
v0x159eb1010_0 .net/s *"_ivl_0", 15 0, L_0x159ebcea0;  1 drivers
v0x159eb10d0_0 .net/s *"_ivl_2", 15 0, L_0x159ebcf60;  1 drivers
v0x159eb1170_0 .net/s "a_in", 7 0, L_0x159eba0b0;  alias, 1 drivers
v0x159eb1200_0 .var/s "a_out", 7 0;
v0x159eb1290_0 .net/s "acc_out", 31 0, L_0x159ebd160;  alias, 1 drivers
v0x159eb1360_0 .var/s "acc_reg", 31 0;
v0x159eb1410_0 .net/s "b_in", 7 0, L_0x159eba9b0;  alias, 1 drivers
v0x159eb14c0_0 .var/s "b_out", 7 0;
v0x159eb1570_0 .net "clk", 0 0, v0x159eb8610_0;  alias, 1 drivers
v0x159eb1680_0 .net "en", 0 0, v0x159eb86a0_0;  alias, 1 drivers
v0x159eb1710_0 .net/s "product", 15 0, L_0x159ebd020;  1 drivers
v0x159eb17a0_0 .net "reset", 0 0, v0x159eb8a50_0;  alias, 1 drivers
L_0x159ebcea0 .extend/s 16, L_0x159eba0b0;
L_0x159ebcf60 .extend/s 16, L_0x159eba9b0;
L_0x159ebd020 .arith/mult 16, L_0x159ebcea0, L_0x159ebcf60;
S_0x159eb18b0 .scope module, "pe30" "pe" 4 82, 5 1 0, S_0x159e6da10;
 .timescale 0 0;
    .port_info 0 /INPUT 1 "clk";
    .port_info 1 /INPUT 1 "reset";
    .port_info 2 /INPUT 1 "en";
    .port_info 3 /INPUT 8 "a_in";
    .port_info 4 /INPUT 8 "b_in";
    .port_info 5 /OUTPUT 8 "a_out";
    .port_info 6 /OUTPUT 8 "b_out";
    .port_info 7 /OUTPUT 32 "acc_out";
P_0x159eb0f10 .param/l "ACC_W" 0 5 2, +C4<00000000000000000000000000100000>;
L_0x159ebd490 .functor BUFZ 32, v0x159eb1fa0_0, C4<00000000000000000000000000000000>, C4<00000000000000000000000000000000>, C4<00000000000000000000000000000000>;
v0x159eb1c50_0 .net/s *"_ivl_0", 15 0, L_0x159ebd1d0;  1 drivers
v0x159eb1d10_0 .net/s *"_ivl_2", 15 0, L_0x159ebd290;  1 drivers
v0x159eb1db0_0 .net/s "a_in", 7 0, L_0x159eb95a0;  alias, 1 drivers
v0x159eb1e40_0 .var/s "a_out", 7 0;
v0x159eb1ed0_0 .net/s "acc_out", 31 0, L_0x159ebd490;  alias, 1 drivers
v0x159eb1fa0_0 .var/s "acc_reg", 31 0;
v0x159eb2050_0 .net/s "b_in", 7 0, L_0x159eba590;  alias, 1 drivers
v0x159eb2100_0 .var/s "b_out", 7 0;
v0x159eb21b0_0 .net "clk", 0 0, v0x159eb8610_0;  alias, 1 drivers
v0x159eb22c0_0 .net "en", 0 0, v0x159eb86a0_0;  alias, 1 drivers
v0x159eb2350_0 .net/s "product", 15 0, L_0x159ebd350;  1 drivers
v0x159eb23e0_0 .net "reset", 0 0, v0x159eb8a50_0;  alias, 1 drivers
L_0x159ebd1d0 .extend/s 16, L_0x159eb95a0;
L_0x159ebd290 .extend/s 16, L_0x159eba590;
L_0x159ebd350 .arith/mult 16, L_0x159ebd1d0, L_0x159ebd290;
S_0x159eb24f0 .scope module, "pe31" "pe" 4 83, 5 1 0, S_0x159e6da10;
 .timescale 0 0;
    .port_info 0 /INPUT 1 "clk";
    .port_info 1 /INPUT 1 "reset";
    .port_info 2 /INPUT 1 "en";
    .port_info 3 /INPUT 8 "a_in";
    .port_info 4 /INPUT 8 "b_in";
    .port_info 5 /OUTPUT 8 "a_out";
    .port_info 6 /OUTPUT 8 "b_out";
    .port_info 7 /OUTPUT 32 "acc_out";
P_0x159eb1b50 .param/l "ACC_W" 0 5 2, +C4<00000000000000000000000000100000>;
L_0x159ebd7c0 .functor BUFZ 32, v0x159eb2be0_0, C4<00000000000000000000000000000000>, C4<00000000000000000000000000000000>, C4<00000000000000000000000000000000>;
v0x159eb2890_0 .net/s *"_ivl_0", 15 0, L_0x159ebd500;  1 drivers
v0x159eb2950_0 .net/s *"_ivl_2", 15 0, L_0x159ebd5c0;  1 drivers
v0x159eb29f0_0 .net/s "a_in", 7 0, L_0x159eba1f0;  alias, 1 drivers
v0x159eb2a80_0 .var/s "a_out", 7 0;
v0x159eb2b10_0 .net/s "acc_out", 31 0, L_0x159ebd7c0;  alias, 1 drivers
v0x159eb2be0_0 .var/s "acc_reg", 31 0;
v0x159eb2c90_0 .net/s "b_in", 7 0, L_0x159eba900;  alias, 1 drivers
v0x159eb2d40_0 .var/s "b_out", 7 0;
v0x159eb2df0_0 .net "clk", 0 0, v0x159eb8610_0;  alias, 1 drivers
v0x159eb2f00_0 .net "en", 0 0, v0x159eb86a0_0;  alias, 1 drivers
v0x159eb2f90_0 .net/s "product", 15 0, L_0x159ebd680;  1 drivers
v0x159eb3020_0 .net "reset", 0 0, v0x159eb8a50_0;  alias, 1 drivers
L_0x159ebd500 .extend/s 16, L_0x159eba1f0;
L_0x159ebd5c0 .extend/s 16, L_0x159eba900;
L_0x159ebd680 .arith/mult 16, L_0x159ebd500, L_0x159ebd5c0;
S_0x159eb3130 .scope module, "pe32" "pe" 4 84, 5 1 0, S_0x159e6da10;
 .timescale 0 0;
    .port_info 0 /INPUT 1 "clk";
    .port_info 1 /INPUT 1 "reset";
    .port_info 2 /INPUT 1 "en";
    .port_info 3 /INPUT 8 "a_in";
    .port_info 4 /INPUT 8 "b_in";
    .port_info 5 /OUTPUT 8 "a_out";
    .port_info 6 /OUTPUT 8 "b_out";
    .port_info 7 /OUTPUT 32 "acc_out";
P_0x159eb2790 .param/l "ACC_W" 0 5 2, +C4<00000000000000000000000000100000>;
L_0x159ebdaf0 .functor BUFZ 32, v0x159eb3820_0, C4<00000000000000000000000000000000>, C4<00000000000000000000000000000000>, C4<00000000000000000000000000000000>;
v0x159eb34d0_0 .net/s *"_ivl_0", 15 0, L_0x159ebd830;  1 drivers
v0x159eb3590_0 .net/s *"_ivl_2", 15 0, L_0x159ebd8f0;  1 drivers
v0x159eb3630_0 .net/s "a_in", 7 0, L_0x159eb9fb0;  alias, 1 drivers
v0x159eb36c0_0 .var/s "a_out", 7 0;
v0x159eb3750_0 .net/s "acc_out", 31 0, L_0x159ebdaf0;  alias, 1 drivers
v0x159eb3820_0 .var/s "acc_reg", 31 0;
v0x159eb38d0_0 .net/s "b_in", 7 0, L_0x159eba870;  alias, 1 drivers
v0x159eb3980_0 .var/s "b_out", 7 0;
v0x159eb3a30_0 .net "clk", 0 0, v0x159eb8610_0;  alias, 1 drivers
v0x159eb3b40_0 .net "en", 0 0, v0x159eb86a0_0;  alias, 1 drivers
v0x159eb3bd0_0 .net/s "product", 15 0, L_0x159ebd9b0;  1 drivers
v0x159eb3c60_0 .net "reset", 0 0, v0x159eb8a50_0;  alias, 1 drivers
L_0x159ebd830 .extend/s 16, L_0x159eb9fb0;
L_0x159ebd8f0 .extend/s 16, L_0x159eba870;
L_0x159ebd9b0 .arith/mult 16, L_0x159ebd830, L_0x159ebd8f0;
S_0x159eb3d70 .scope module, "pe33" "pe" 4 85, 5 1 0, S_0x159e6da10;
 .timescale 0 0;
    .port_info 0 /INPUT 1 "clk";
    .port_info 1 /INPUT 1 "reset";
    .port_info 2 /INPUT 1 "en";
    .port_info 3 /INPUT 8 "a_in";
    .port_info 4 /INPUT 8 "b_in";
    .port_info 5 /OUTPUT 8 "a_out";
    .port_info 6 /OUTPUT 8 "b_out";
    .port_info 7 /OUTPUT 32 "acc_out";
P_0x159eb33d0 .param/l "ACC_W" 0 5 2, +C4<00000000000000000000000000100000>;
L_0x159ebde20 .functor BUFZ 32, v0x159eb4460_0, C4<00000000000000000000000000000000>, C4<00000000000000000000000000000000>, C4<00000000000000000000000000000000>;
v0x159eb4110_0 .net/s *"_ivl_0", 15 0, L_0x159ebdb60;  1 drivers
v0x159eb41d0_0 .net/s *"_ivl_2", 15 0, L_0x159ebdc20;  1 drivers
v0x159eb4270_0 .net/s "a_in", 7 0, L_0x159eba380;  alias, 1 drivers
v0x159eb4300_0 .var/s "a_out", 7 0;
v0x159eb4390_0 .net/s "acc_out", 31 0, L_0x159ebde20;  alias, 1 drivers
v0x159eb4460_0 .var/s "acc_reg", 31 0;
v0x159eb4510_0 .net/s "b_in", 7 0, L_0x159ebae20;  alias, 1 drivers
v0x159eb45c0_0 .var/s "b_out", 7 0;
v0x159eb4670_0 .net "clk", 0 0, v0x159eb8610_0;  alias, 1 drivers
v0x159eb4780_0 .net "en", 0 0, v0x159eb86a0_0;  alias, 1 drivers
v0x159eb4810_0 .net/s "product", 15 0, L_0x159ebdce0;  1 drivers
v0x159eb48a0_0 .net "reset", 0 0, v0x159eb8a50_0;  alias, 1 drivers
L_0x159ebdb60 .extend/s 16, L_0x159eba380;
L_0x159ebdc20 .extend/s 16, L_0x159ebae20;
L_0x159ebdce0 .arith/mult 16, L_0x159ebdb60, L_0x159ebdc20;
S_0x159eb6d30 .scope autotask, "seek_marker" "seek_marker" 3 50, 3 50 0, S_0x159e6ed30;
 .timescale -9 -12;
v0x159e71660_0 .var/i "found", 31 0;
v0x159eb6ea0_0 .var "marker", 127 0;
v0x159eb6f30_0 .var "tok", 255 0;
TD_tb_sa4x4_pytorch.seek_marker ;
    %pushi/vec4 0, 0, 32;
    %store/vec4 v0x159e71660_0, 0, 32;
T_1.32 ;
    %vpi_func 3 55 "$feof" 32, v0x159eb7a70_0 {0 0 0};
    %nor/r;
    %flag_set/vec4 9;
    %flag_get/vec4 9;
    %jmp/0 T_1.34, 9;
    %load/vec4 v0x159e71660_0;
    %nor/r;
    %and;
T_1.34;
    %flag_set/vec4 8;
    %jmp/0xz T_1.33, 8;
    %vpi_func 3 56 "$fgets" 32, v0x159eb89c0_0, v0x159eb7a70_0 {0 0 0};
    %cmpi/ne 0, 0, 32;
    %jmp/0xz  T_1.35, 4;
    %pushi/vec4 0, 0, 32; draw_string_vec4
    %pushi/vec4 0, 0, 32; draw_string_vec4
    %concat/vec4; draw_string_vec4
    %pushi/vec4 0, 0, 32; draw_string_vec4
    %concat/vec4; draw_string_vec4
    %pushi/vec4 0, 0, 32; draw_string_vec4
    %concat/vec4; draw_string_vec4
    %pushi/vec4 0, 0, 32; draw_string_vec4
    %concat/vec4; draw_string_vec4
    %pushi/vec4 0, 0, 32; draw_string_vec4
    %concat/vec4; draw_string_vec4
    %pushi/vec4 0, 0, 32; draw_string_vec4
    %concat/vec4; draw_string_vec4
    %pushi/vec4 0, 0, 32; draw_string_vec4
    %concat/vec4; draw_string_vec4
    %store/vec4 v0x159eb6f30_0, 0, 256;
    %vpi_func 3 58 "$sscanf" 32, v0x159eb89c0_0, "%s", v0x159eb6f30_0 {0 0 0};
    %cmpi/e 1, 0, 32;
    %jmp/0xz  T_1.37, 4;
    %load/vec4 v0x159eb6f30_0;
    %load/vec4 v0x159eb6ea0_0;
    %pad/u 256;
    %cmp/e;
    %jmp/0xz  T_1.39, 4;
    %pushi/vec4 1, 0, 32;
    %store/vec4 v0x159e71660_0, 0, 32;
T_1.39 ;
T_1.37 ;
T_1.35 ;
    %jmp T_1.32;
T_1.33 ;
    %load/vec4 v0x159e71660_0;
    %nor/r;
    %flag_set/vec4 8;
    %jmp/0xz  T_1.41, 8;
    %vpi_call/w 3 63 "$fatal", 32'sb00000000000000000000000000000001, "Marker %0s not found in vectors.txt", v0x159eb6ea0_0 {0 0 0};
T_1.41 ;
    %end;
    .scope S_0x159e6b790;
T_2 ;
    %wait E_0x159e70ee0;
    %load/vec4 v0x159e7f9e0_0;
    %flag_set/vec4 8;
    %jmp/0xz  T_2.0, 8;
    %pushi/vec4 0, 0, 32;
    %assign/vec4 v0x159e84b20_0, 0;
    %pushi/vec4 0, 0, 8;
    %assign/vec4 v0x159e84ec0_0, 0;
    %pushi/vec4 0, 0, 8;
    %assign/vec4 v0x159e82450_0, 0;
    %jmp T_2.1;
T_2.0 ;
    %load/vec4 v0x159e820b0_0;
    %flag_set/vec4 8;
    %jmp/0xz  T_2.2, 8;
    %load/vec4 v0x159e87620_0;
    %assign/vec4 v0x159e84ec0_0, 0;
    %load/vec4 v0x159e84bb0_0;
    %assign/vec4 v0x159e82450_0, 0;
    %load/vec4 v0x159e84b20_0;
    %load/vec4 v0x159e82140_0;
    %parti/s 1, 15, 5;
    %replicate 16;
    %load/vec4 v0x159e82140_0;
    %concat/vec4; draw_concat_vec4
    %add;
    %assign/vec4 v0x159e84b20_0, 0;
T_2.2 ;
T_2.1 ;
    %jmp T_2;
    .thread T_2;
    .scope S_0x159e7f640;
T_3 ;
    %wait E_0x159e70ee0;
    %load/vec4 v0x159e74f80_0;
    %flag_set/vec4 8;
    %jmp/0xz  T_3.0, 8;
    %pushi/vec4 0, 0, 32;
    %assign/vec4 v0x159e7a140_0, 0;
    %pushi/vec4 0, 0, 8;
    %assign/vec4 v0x159e7a4e0_0, 0;
    %pushi/vec4 0, 0, 8;
    %assign/vec4 v0x159e77a70_0, 0;
    %jmp T_3.1;
T_3.0 ;
    %load/vec4 v0x159e776d0_0;
    %flag_set/vec4 8;
    %jmp/0xz  T_3.2, 8;
    %load/vec4 v0x159e7cc40_0;
    %assign/vec4 v0x159e7a4e0_0, 0;
    %load/vec4 v0x159e7a1d0_0;
    %assign/vec4 v0x159e77a70_0, 0;
    %load/vec4 v0x159e7a140_0;
    %load/vec4 v0x159e77760_0;
    %parti/s 1, 15, 5;
    %replicate 16;
    %load/vec4 v0x159e77760_0;
    %concat/vec4; draw_concat_vec4
    %add;
    %assign/vec4 v0x159e7a140_0, 0;
T_3.2 ;
T_3.1 ;
    %jmp T_3;
    .thread T_3;
    .scope S_0x159e74be0;
T_4 ;
    %wait E_0x159e70ee0;
    %load/vec4 v0x159e72980_0;
    %flag_set/vec4 8;
    %jmp/0xz  T_4.0, 8;
    %pushi/vec4 0, 0, 32;
    %assign/vec4 v0x159e6c8e0_0, 0;
    %pushi/vec4 0, 0, 8;
    %assign/vec4 v0x159e6d190_0, 0;
    %pushi/vec4 0, 0, 8;
    %assign/vec4 v0x159e6c040_0, 0;
    %jmp T_4.1;
T_4.0 ;
    %load/vec4 v0x159e73a90_0;
    %flag_set/vec4 8;
    %jmp/0xz  T_4.2, 8;
    %load/vec4 v0x159e707a0_0;
    %assign/vec4 v0x159e6d190_0, 0;
    %load/vec4 v0x159e6c970_0;
    %assign/vec4 v0x159e6c040_0, 0;
    %load/vec4 v0x159e6c8e0_0;
    %load/vec4 v0x159e73b20_0;
    %parti/s 1, 15, 5;
    %replicate 16;
    %load/vec4 v0x159e73b20_0;
    %concat/vec4; draw_concat_vec4
    %add;
    %assign/vec4 v0x159e6c8e0_0, 0;
T_4.2 ;
T_4.1 ;
    %jmp T_4;
    .thread T_4;
    .scope S_0x159e720d0;
T_5 ;
    %wait E_0x159e70ee0;
    %load/vec4 v0x159eab310_0;
    %flag_set/vec4 8;
    %jmp/0xz  T_5.0, 8;
    %pushi/vec4 0, 0, 32;
    %assign/vec4 v0x159e24b60_0, 0;
    %pushi/vec4 0, 0, 8;
    %assign/vec4 v0x159e08710_0, 0;
    %pushi/vec4 0, 0, 8;
    %assign/vec4 v0x159e24cb0_0, 0;
    %jmp T_5.1;
T_5.0 ;
    %load/vec4 v0x159eab1f0_0;
    %flag_set/vec4 8;
    %jmp/0xz  T_5.2, 8;
    %load/vec4 v0x159e08680_0;
    %assign/vec4 v0x159e08710_0, 0;
    %load/vec4 v0x159e24c00_0;
    %assign/vec4 v0x159e24cb0_0, 0;
    %load/vec4 v0x159e24b60_0;
    %load/vec4 v0x159eab280_0;
    %parti/s 1, 15, 5;
    %replicate 16;
    %load/vec4 v0x159eab280_0;
    %concat/vec4; draw_concat_vec4
    %add;
    %assign/vec4 v0x159e24b60_0, 0;
T_5.2 ;
T_5.1 ;
    %jmp T_5;
    .thread T_5;
    .scope S_0x159eab410;
T_6 ;
    %wait E_0x159e70ee0;
    %load/vec4 v0x159eac060_0;
    %flag_set/vec4 8;
    %jmp/0xz  T_6.0, 8;
    %pushi/vec4 0, 0, 32;
    %assign/vec4 v0x159eabb20_0, 0;
    %pushi/vec4 0, 0, 8;
    %assign/vec4 v0x159eab9c0_0, 0;
    %pushi/vec4 0, 0, 8;
    %assign/vec4 v0x159eabc80_0, 0;
    %jmp T_6.1;
T_6.0 ;
    %load/vec4 v0x159eabec0_0;
    %flag_set/vec4 8;
    %jmp/0xz  T_6.2, 8;
    %load/vec4 v0x159eab930_0;
    %assign/vec4 v0x159eab9c0_0, 0;
    %load/vec4 v0x159eabbd0_0;
    %assign/vec4 v0x159eabc80_0, 0;
    %load/vec4 v0x159eabb20_0;
    %load/vec4 v0x159eabfd0_0;
    %parti/s 1, 15, 5;
    %replicate 16;
    %load/vec4 v0x159eabfd0_0;
    %concat/vec4; draw_concat_vec4
    %add;
    %assign/vec4 v0x159eabb20_0, 0;
T_6.2 ;
T_6.1 ;
    %jmp T_6;
    .thread T_6;
    .scope S_0x159eac170;
T_7 ;
    %wait E_0x159e70ee0;
    %load/vec4 v0x159eacc60_0;
    %flag_set/vec4 8;
    %jmp/0xz  T_7.0, 8;
    %pushi/vec4 0, 0, 32;
    %assign/vec4 v0x159eac820_0, 0;
    %pushi/vec4 0, 0, 8;
    %assign/vec4 v0x159eac6c0_0, 0;
    %pushi/vec4 0, 0, 8;
    %assign/vec4 v0x159eac980_0, 0;
    %jmp T_7.1;
T_7.0 ;
    %load/vec4 v0x159eacb40_0;
    %flag_set/vec4 8;
    %jmp/0xz  T_7.2, 8;
    %load/vec4 v0x159eac630_0;
    %assign/vec4 v0x159eac6c0_0, 0;
    %load/vec4 v0x159eac8d0_0;
    %assign/vec4 v0x159eac980_0, 0;
    %load/vec4 v0x159eac820_0;
    %load/vec4 v0x159eacbd0_0;
    %parti/s 1, 15, 5;
    %replicate 16;
    %load/vec4 v0x159eacbd0_0;
    %concat/vec4; draw_concat_vec4
    %add;
    %assign/vec4 v0x159eac820_0, 0;
T_7.2 ;
T_7.1 ;
    %jmp T_7;
    .thread T_7;
    .scope S_0x159eacd70;
T_8 ;
    %wait E_0x159e70ee0;
    %load/vec4 v0x159ead8a0_0;
    %flag_set/vec4 8;
    %jmp/0xz  T_8.0, 8;
    %pushi/vec4 0, 0, 32;
    %assign/vec4 v0x159ead460_0, 0;
    %pushi/vec4 0, 0, 8;
    %assign/vec4 v0x159ead300_0, 0;
    %pushi/vec4 0, 0, 8;
    %assign/vec4 v0x159ead5c0_0, 0;
    %jmp T_8.1;
T_8.0 ;
    %load/vec4 v0x159ead780_0;
    %flag_set/vec4 8;
    %jmp/0xz  T_8.2, 8;
    %load/vec4 v0x159ead270_0;
    %assign/vec4 v0x159ead300_0, 0;
    %load/vec4 v0x159ead510_0;
    %assign/vec4 v0x159ead5c0_0, 0;
    %load/vec4 v0x159ead460_0;
    %load/vec4 v0x159ead810_0;
    %parti/s 1, 15, 5;
    %replicate 16;
    %load/vec4 v0x159ead810_0;
    %concat/vec4; draw_concat_vec4
    %add;
    %assign/vec4 v0x159ead460_0, 0;
T_8.2 ;
T_8.1 ;
    %jmp T_8;
    .thread T_8;
    .scope S_0x159ead9b0;
T_9 ;
    %wait E_0x159e70ee0;
    %load/vec4 v0x159eae4e0_0;
    %flag_set/vec4 8;
    %jmp/0xz  T_9.0, 8;
    %pushi/vec4 0, 0, 32;
    %assign/vec4 v0x159eae0a0_0, 0;
    %pushi/vec4 0, 0, 8;
    %assign/vec4 v0x159eadf40_0, 0;
    %pushi/vec4 0, 0, 8;
    %assign/vec4 v0x159eae200_0, 0;
    %jmp T_9.1;
T_9.0 ;
    %load/vec4 v0x159eae3c0_0;
    %flag_set/vec4 8;
    %jmp/0xz  T_9.2, 8;
    %load/vec4 v0x159eadeb0_0;
    %assign/vec4 v0x159eadf40_0, 0;
    %load/vec4 v0x159eae150_0;
    %assign/vec4 v0x159eae200_0, 0;
    %load/vec4 v0x159eae0a0_0;
    %load/vec4 v0x159eae450_0;
    %parti/s 1, 15, 5;
    %replicate 16;
    %load/vec4 v0x159eae450_0;
    %concat/vec4; draw_concat_vec4
    %add;
    %assign/vec4 v0x159eae0a0_0, 0;
T_9.2 ;
T_9.1 ;
    %jmp T_9;
    .thread T_9;
    .scope S_0x159eae5f0;
T_10 ;
    %wait E_0x159e70ee0;
    %load/vec4 v0x159eaf360_0;
    %flag_set/vec4 8;
    %jmp/0xz  T_10.0, 8;
    %pushi/vec4 0, 0, 32;
    %assign/vec4 v0x159eaed20_0, 0;
    %pushi/vec4 0, 0, 8;
    %assign/vec4 v0x159eaebc0_0, 0;
    %pushi/vec4 0, 0, 8;
    %assign/vec4 v0x159eaee80_0, 0;
    %jmp T_10.1;
T_10.0 ;
    %load/vec4 v0x159eaf140_0;
    %flag_set/vec4 8;
    %jmp/0xz  T_10.2, 8;
    %load/vec4 v0x159eaeb30_0;
    %assign/vec4 v0x159eaebc0_0, 0;
    %load/vec4 v0x159eaedd0_0;
    %assign/vec4 v0x159eaee80_0, 0;
    %load/vec4 v0x159eaed20_0;
    %load/vec4 v0x159eaf2d0_0;
    %parti/s 1, 15, 5;
    %replicate 16;
    %load/vec4 v0x159eaf2d0_0;
    %concat/vec4; draw_concat_vec4
    %add;
    %assign/vec4 v0x159eaed20_0, 0;
T_10.2 ;
T_10.1 ;
    %jmp T_10;
    .thread T_10;
    .scope S_0x159eaf4f0;
T_11 ;
    %wait E_0x159e70ee0;
    %load/vec4 v0x159eaff20_0;
    %flag_set/vec4 8;
    %jmp/0xz  T_11.0, 8;
    %pushi/vec4 0, 0, 32;
    %assign/vec4 v0x159eafae0_0, 0;
    %pushi/vec4 0, 0, 8;
    %assign/vec4 v0x159eaf980_0, 0;
    %pushi/vec4 0, 0, 8;
    %assign/vec4 v0x159eafc40_0, 0;
    %jmp T_11.1;
T_11.0 ;
    %load/vec4 v0x159eafe00_0;
    %flag_set/vec4 8;
    %jmp/0xz  T_11.2, 8;
    %load/vec4 v0x159eaf8f0_0;
    %assign/vec4 v0x159eaf980_0, 0;
    %load/vec4 v0x159eafb90_0;
    %assign/vec4 v0x159eafc40_0, 0;
    %load/vec4 v0x159eafae0_0;
    %load/vec4 v0x159eafe90_0;
    %parti/s 1, 15, 5;
    %replicate 16;
    %load/vec4 v0x159eafe90_0;
    %concat/vec4; draw_concat_vec4
    %add;
    %assign/vec4 v0x159eafae0_0, 0;
T_11.2 ;
T_11.1 ;
    %jmp T_11;
    .thread T_11;
    .scope S_0x159eb0030;
T_12 ;
    %wait E_0x159e70ee0;
    %load/vec4 v0x159eb0b60_0;
    %flag_set/vec4 8;
    %jmp/0xz  T_12.0, 8;
    %pushi/vec4 0, 0, 32;
    %assign/vec4 v0x159eb0720_0, 0;
    %pushi/vec4 0, 0, 8;
    %assign/vec4 v0x159eb05c0_0, 0;
    %pushi/vec4 0, 0, 8;
    %assign/vec4 v0x159eb0880_0, 0;
    %jmp T_12.1;
T_12.0 ;
    %load/vec4 v0x159eb0a40_0;
    %flag_set/vec4 8;
    %jmp/0xz  T_12.2, 8;
    %load/vec4 v0x159eb0530_0;
    %assign/vec4 v0x159eb05c0_0, 0;
    %load/vec4 v0x159eb07d0_0;
    %assign/vec4 v0x159eb0880_0, 0;
    %load/vec4 v0x159eb0720_0;
    %load/vec4 v0x159eb0ad0_0;
    %parti/s 1, 15, 5;
    %replicate 16;
    %load/vec4 v0x159eb0ad0_0;
    %concat/vec4; draw_concat_vec4
    %add;
    %assign/vec4 v0x159eb0720_0, 0;
T_12.2 ;
T_12.1 ;
    %jmp T_12;
    .thread T_12;
    .scope S_0x159eb0c70;
T_13 ;
    %wait E_0x159e70ee0;
    %load/vec4 v0x159eb17a0_0;
    %flag_set/vec4 8;
    %jmp/0xz  T_13.0, 8;
    %pushi/vec4 0, 0, 32;
    %assign/vec4 v0x159eb1360_0, 0;
    %pushi/vec4 0, 0, 8;
    %assign/vec4 v0x159eb1200_0, 0;
    %pushi/vec4 0, 0, 8;
    %assign/vec4 v0x159eb14c0_0, 0;
    %jmp T_13.1;
T_13.0 ;
    %load/vec4 v0x159eb1680_0;
    %flag_set/vec4 8;
    %jmp/0xz  T_13.2, 8;
    %load/vec4 v0x159eb1170_0;
    %assign/vec4 v0x159eb1200_0, 0;
    %load/vec4 v0x159eb1410_0;
    %assign/vec4 v0x159eb14c0_0, 0;
    %load/vec4 v0x159eb1360_0;
    %load/vec4 v0x159eb1710_0;
    %parti/s 1, 15, 5;
    %replicate 16;
    %load/vec4 v0x159eb1710_0;
    %concat/vec4; draw_concat_vec4
    %add;
    %assign/vec4 v0x159eb1360_0, 0;
T_13.2 ;
T_13.1 ;
    %jmp T_13;
    .thread T_13;
    .scope S_0x159eb18b0;
T_14 ;
    %wait E_0x159e70ee0;
    %load/vec4 v0x159eb23e0_0;
    %flag_set/vec4 8;
    %jmp/0xz  T_14.0, 8;
    %pushi/vec4 0, 0, 32;
    %assign/vec4 v0x159eb1fa0_0, 0;
    %pushi/vec4 0, 0, 8;
    %assign/vec4 v0x159eb1e40_0, 0;
    %pushi/vec4 0, 0, 8;
    %assign/vec4 v0x159eb2100_0, 0;
    %jmp T_14.1;
T_14.0 ;
    %load/vec4 v0x159eb22c0_0;
    %flag_set/vec4 8;
    %jmp/0xz  T_14.2, 8;
    %load/vec4 v0x159eb1db0_0;
    %assign/vec4 v0x159eb1e40_0, 0;
    %load/vec4 v0x159eb2050_0;
    %assign/vec4 v0x159eb2100_0, 0;
    %load/vec4 v0x159eb1fa0_0;
    %load/vec4 v0x159eb2350_0;
    %parti/s 1, 15, 5;
    %replicate 16;
    %load/vec4 v0x159eb2350_0;
    %concat/vec4; draw_concat_vec4
    %add;
    %assign/vec4 v0x159eb1fa0_0, 0;
T_14.2 ;
T_14.1 ;
    %jmp T_14;
    .thread T_14;
    .scope S_0x159eb24f0;
T_15 ;
    %wait E_0x159e70ee0;
    %load/vec4 v0x159eb3020_0;
    %flag_set/vec4 8;
    %jmp/0xz  T_15.0, 8;
    %pushi/vec4 0, 0, 32;
    %assign/vec4 v0x159eb2be0_0, 0;
    %pushi/vec4 0, 0, 8;
    %assign/vec4 v0x159eb2a80_0, 0;
    %pushi/vec4 0, 0, 8;
    %assign/vec4 v0x159eb2d40_0, 0;
    %jmp T_15.1;
T_15.0 ;
    %load/vec4 v0x159eb2f00_0;
    %flag_set/vec4 8;
    %jmp/0xz  T_15.2, 8;
    %load/vec4 v0x159eb29f0_0;
    %assign/vec4 v0x159eb2a80_0, 0;
    %load/vec4 v0x159eb2c90_0;
    %assign/vec4 v0x159eb2d40_0, 0;
    %load/vec4 v0x159eb2be0_0;
    %load/vec4 v0x159eb2f90_0;
    %parti/s 1, 15, 5;
    %replicate 16;
    %load/vec4 v0x159eb2f90_0;
    %concat/vec4; draw_concat_vec4
    %add;
    %assign/vec4 v0x159eb2be0_0, 0;
T_15.2 ;
T_15.1 ;
    %jmp T_15;
    .thread T_15;
    .scope S_0x159eb3130;
T_16 ;
    %wait E_0x159e70ee0;
    %load/vec4 v0x159eb3c60_0;
    %flag_set/vec4 8;
    %jmp/0xz  T_16.0, 8;
    %pushi/vec4 0, 0, 32;
    %assign/vec4 v0x159eb3820_0, 0;
    %pushi/vec4 0, 0, 8;
    %assign/vec4 v0x159eb36c0_0, 0;
    %pushi/vec4 0, 0, 8;
    %assign/vec4 v0x159eb3980_0, 0;
    %jmp T_16.1;
T_16.0 ;
    %load/vec4 v0x159eb3b40_0;
    %flag_set/vec4 8;
    %jmp/0xz  T_16.2, 8;
    %load/vec4 v0x159eb3630_0;
    %assign/vec4 v0x159eb36c0_0, 0;
    %load/vec4 v0x159eb38d0_0;
    %assign/vec4 v0x159eb3980_0, 0;
    %load/vec4 v0x159eb3820_0;
    %load/vec4 v0x159eb3bd0_0;
    %parti/s 1, 15, 5;
    %replicate 16;
    %load/vec4 v0x159eb3bd0_0;
    %concat/vec4; draw_concat_vec4
    %add;
    %assign/vec4 v0x159eb3820_0, 0;
T_16.2 ;
T_16.1 ;
    %jmp T_16;
    .thread T_16;
    .scope S_0x159eb3d70;
T_17 ;
    %wait E_0x159e70ee0;
    %load/vec4 v0x159eb48a0_0;
    %flag_set/vec4 8;
    %jmp/0xz  T_17.0, 8;
    %pushi/vec4 0, 0, 32;
    %assign/vec4 v0x159eb4460_0, 0;
    %pushi/vec4 0, 0, 8;
    %assign/vec4 v0x159eb4300_0, 0;
    %pushi/vec4 0, 0, 8;
    %assign/vec4 v0x159eb45c0_0, 0;
    %jmp T_17.1;
T_17.0 ;
    %load/vec4 v0x159eb4780_0;
    %flag_set/vec4 8;
    %jmp/0xz  T_17.2, 8;
    %load/vec4 v0x159eb4270_0;
    %assign/vec4 v0x159eb4300_0, 0;
    %load/vec4 v0x159eb4510_0;
    %assign/vec4 v0x159eb45c0_0, 0;
    %load/vec4 v0x159eb4460_0;
    %load/vec4 v0x159eb4810_0;
    %parti/s 1, 15, 5;
    %replicate 16;
    %load/vec4 v0x159eb4810_0;
    %concat/vec4; draw_concat_vec4
    %add;
    %assign/vec4 v0x159eb4460_0, 0;
T_17.2 ;
T_17.1 ;
    %jmp T_17;
    .thread T_17;
    .scope S_0x159e6ed30;
T_18 ;
    %delay 5000, 0;
    %load/vec4 v0x159eb8610_0;
    %inv;
    %store/vec4 v0x159eb8610_0, 0, 1;
    %jmp T_18;
    .thread T_18;
    .scope S_0x159e6ed30;
T_19 ;
    %vpi_call/w 3 92 "$dumpfile", "sim/sa4x4_pytorch.vcd" {0 0 0};
    %vpi_call/w 3 93 "$dumpvars", 32'sb00000000000000000000000000000000, S_0x159e6ed30 {0 0 0};
    %pushi/vec4 0, 0, 1;
    %store/vec4 v0x159eb8610_0, 0, 1;
    %pushi/vec4 1, 0, 1;
    %store/vec4 v0x159eb8a50_0, 0, 1;
    %pushi/vec4 0, 0, 1;
    %store/vec4 v0x159eb86a0_0, 0, 1;
    %pushi/vec4 0, 0, 8;
    %store/vec4 v0x159eb73b0_0, 0, 8;
    %pushi/vec4 0, 0, 8;
    %store/vec4 v0x159eb7440_0, 0, 8;
    %pushi/vec4 0, 0, 8;
    %store/vec4 v0x159eb7550_0, 0, 8;
    %pushi/vec4 0, 0, 8;
    %store/vec4 v0x159eb75e0_0, 0, 8;
    %pushi/vec4 0, 0, 8;
    %store/vec4 v0x159eb7670_0, 0, 8;
    %pushi/vec4 0, 0, 8;
    %store/vec4 v0x159eb7700_0, 0, 8;
    %pushi/vec4 0, 0, 8;
    %store/vec4 v0x159eb77b0_0, 0, 8;
    %pushi/vec4 0, 0, 8;
    %store/vec4 v0x159eb7860_0, 0, 8;
    %vpi_func 3 99 "$fopen" 32, "vectors.txt", "r" {0 0 0};
    %store/vec4 v0x159eb7a70_0, 0, 32;
    %load/vec4 v0x159eb7a70_0;
    %cmpi/e 0, 0, 32;
    %jmp/0xz  T_19.0, 4;
    %vpi_call/w 3 100 "$fatal", 32'sb00000000000000000000000000000001, "Could not open vectors.txt (run python script first)" {0 0 0};
T_19.0 ;
    %alloc S_0x159eb6d30;
    %pushi/vec4 0, 0, 32; draw_string_vec4
    %pushi/vec4 0, 0, 32; draw_string_vec4
    %concat/vec4; draw_string_vec4
    %pushi/vec4 0, 0, 32; draw_string_vec4
    %concat/vec4; draw_string_vec4
    %pushi/vec4 16698, 0, 32; draw_string_vec4
    %concat/vec4; draw_string_vec4
    %store/vec4 v0x159eb6ea0_0, 0, 128;
    %fork TD_tb_sa4x4_pytorch.seek_marker, S_0x159eb6d30;
    %join;
    %free S_0x159eb6d30;
    %pushi/vec4 0, 0, 32;
    %store/vec4 v0x159eb8930_0, 0, 32;
T_19.2 ;
    %load/vec4 v0x159eb8930_0;
    %cmpi/s 4, 0, 32;
    %jmp/0xz T_19.3, 5;
    %vpi_func 3 105 "$fgets" 32, v0x159eb89c0_0, v0x159eb7a70_0 {0 0 0};
    %store/vec4 v0x159eb7170_0, 0, 32;
    %vpi_func 3 106 "$sscanf" 32, v0x159eb89c0_0, "%d %d %d %d", v0x159eb9000_0, v0x159eb90b0_0, v0x159eb9160_0, v0x159eb9210_0 {0 0 0};
    %cmpi/ne 4, 0, 32;
    %jmp/0xz  T_19.4, 4;
    %vpi_call/w 3 107 "$fatal", 32'sb00000000000000000000000000000001, "Bad A row line: %0s", v0x159eb89c0_0 {0 0 0};
T_19.4 ;
    %load/vec4 v0x159eb9000_0;
    %load/vec4 v0x159eb8930_0;
    %pad/s 35;
    %pad/s 37;
    %muli 4, 0, 37;
    %ix/vec4/s 4;
    %store/vec4a v0x159eb6fc0, 4, 0;
    %load/vec4 v0x159eb90b0_0;
    %load/vec4 v0x159eb8930_0;
    %pad/s 35;
    %pad/s 37;
    %muli 4, 0, 37;
    %pad/s 38;
    %pushi/vec4 1, 0, 2;
    %pad/s 38;
    %add;
    %ix/vec4/s 4;
    %store/vec4a v0x159eb6fc0, 4, 0;
    %load/vec4 v0x159eb9160_0;
    %load/vec4 v0x159eb8930_0;
    %pad/s 35;
    %pad/s 37;
    %muli 4, 0, 37;
    %pad/s 38;
    %pushi/vec4 2, 0, 3;
    %pad/s 38;
    %add;
    %ix/vec4/s 4;
    %store/vec4a v0x159eb6fc0, 4, 0;
    %load/vec4 v0x159eb9210_0;
    %load/vec4 v0x159eb8930_0;
    %pad/s 35;
    %pad/s 37;
    %muli 4, 0, 37;
    %pad/s 38;
    %pushi/vec4 3, 0, 3;
    %pad/s 38;
    %add;
    %ix/vec4/s 4;
    %store/vec4a v0x159eb6fc0, 4, 0;
    %load/vec4 v0x159eb8930_0;
    %addi 1, 0, 32;
    %store/vec4 v0x159eb8930_0, 0, 32;
    %jmp T_19.2;
T_19.3 ;
    %alloc S_0x159eb6d30;
    %pushi/vec4 0, 0, 32; draw_string_vec4
    %pushi/vec4 0, 0, 32; draw_string_vec4
    %concat/vec4; draw_string_vec4
    %pushi/vec4 0, 0, 32; draw_string_vec4
    %concat/vec4; draw_string_vec4
    %pushi/vec4 16954, 0, 32; draw_string_vec4
    %concat/vec4; draw_string_vec4
    %store/vec4 v0x159eb6ea0_0, 0, 128;
    %fork TD_tb_sa4x4_pytorch.seek_marker, S_0x159eb6d30;
    %join;
    %free S_0x159eb6d30;
    %pushi/vec4 0, 0, 32;
    %store/vec4 v0x159eb8930_0, 0, 32;
T_19.6 ;
    %load/vec4 v0x159eb8930_0;
    %cmpi/s 4, 0, 32;
    %jmp/0xz T_19.7, 5;
    %vpi_func 3 114 "$fgets" 32, v0x159eb89c0_0, v0x159eb7a70_0 {0 0 0};
    %store/vec4 v0x159eb7200_0, 0, 32;
    %vpi_func 3 115 "$sscanf" 32, v0x159eb89c0_0, "%d %d %d %d", v0x159eb9000_0, v0x159eb90b0_0, v0x159eb9160_0, v0x159eb9210_0 {0 0 0};
    %cmpi/ne 4, 0, 32;
    %jmp/0xz  T_19.8, 4;
    %vpi_call/w 3 116 "$fatal", 32'sb00000000000000000000000000000001, "Bad B row line: %0s", v0x159eb89c0_0 {0 0 0};
T_19.8 ;
    %load/vec4 v0x159eb9000_0;
    %load/vec4 v0x159eb8930_0;
    %pad/s 35;
    %pad/s 37;
    %muli 4, 0, 37;
    %ix/vec4/s 4;
    %store/vec4a v0x159eb7050, 4, 0;
    %load/vec4 v0x159eb90b0_0;
    %load/vec4 v0x159eb8930_0;
    %pad/s 35;
    %pad/s 37;
    %muli 4, 0, 37;
    %pad/s 38;
    %pushi/vec4 1, 0, 2;
    %pad/s 38;
    %add;
    %ix/vec4/s 4;
    %store/vec4a v0x159eb7050, 4, 0;
    %load/vec4 v0x159eb9160_0;
    %load/vec4 v0x159eb8930_0;
    %pad/s 35;
    %pad/s 37;
    %muli 4, 0, 37;
    %pad/s 38;
    %pushi/vec4 2, 0, 3;
    %pad/s 38;
    %add;
    %ix/vec4/s 4;
    %store/vec4a v0x159eb7050, 4, 0;
    %load/vec4 v0x159eb9210_0;
    %load/vec4 v0x159eb8930_0;
    %pad/s 35;
    %pad/s 37;
    %muli 4, 0, 37;
    %pad/s 38;
    %pushi/vec4 3, 0, 3;
    %pad/s 38;
    %add;
    %ix/vec4/s 4;
    %store/vec4a v0x159eb7050, 4, 0;
    %load/vec4 v0x159eb8930_0;
    %addi 1, 0, 32;
    %store/vec4 v0x159eb8930_0, 0, 32;
    %jmp T_19.6;
T_19.7 ;
    %alloc S_0x159eb6d30;
    %pushi/vec4 0, 0, 32; draw_string_vec4
    %pushi/vec4 0, 0, 32; draw_string_vec4
    %concat/vec4; draw_string_vec4
    %pushi/vec4 0, 0, 32; draw_string_vec4
    %concat/vec4; draw_string_vec4
    %pushi/vec4 17210, 0, 32; draw_string_vec4
    %concat/vec4; draw_string_vec4
    %store/vec4 v0x159eb6ea0_0, 0, 128;
    %fork TD_tb_sa4x4_pytorch.seek_marker, S_0x159eb6d30;
    %join;
    %free S_0x159eb6d30;
    %pushi/vec4 0, 0, 32;
    %store/vec4 v0x159eb8930_0, 0, 32;
T_19.10 ;
    %load/vec4 v0x159eb8930_0;
    %cmpi/s 4, 0, 32;
    %jmp/0xz T_19.11, 5;
    %vpi_func 3 123 "$fgets" 32, v0x159eb89c0_0, v0x159eb7a70_0 {0 0 0};
    %store/vec4 v0x159eb7290_0, 0, 32;
    %vpi_func 3 124 "$sscanf" 32, v0x159eb89c0_0, "%d %d %d %d", v0x159eb9000_0, v0x159eb90b0_0, v0x159eb9160_0, v0x159eb9210_0 {0 0 0};
    %cmpi/ne 4, 0, 32;
    %jmp/0xz  T_19.12, 4;
    %vpi_call/w 3 125 "$fatal", 32'sb00000000000000000000000000000001, "Bad C row line: %0s", v0x159eb89c0_0 {0 0 0};
T_19.12 ;
    %load/vec4 v0x159eb9000_0;
    %load/vec4 v0x159eb8930_0;
    %pad/s 35;
    %pad/s 37;
    %muli 4, 0, 37;
    %ix/vec4/s 4;
    %store/vec4a v0x159eb70e0, 4, 0;
    %load/vec4 v0x159eb90b0_0;
    %load/vec4 v0x159eb8930_0;
    %pad/s 35;
    %pad/s 37;
    %muli 4, 0, 37;
    %pad/s 38;
    %pushi/vec4 1, 0, 2;
    %pad/s 38;
    %add;
    %ix/vec4/s 4;
    %store/vec4a v0x159eb70e0, 4, 0;
    %load/vec4 v0x159eb9160_0;
    %load/vec4 v0x159eb8930_0;
    %pad/s 35;
    %pad/s 37;
    %muli 4, 0, 37;
    %pad/s 38;
    %pushi/vec4 2, 0, 3;
    %pad/s 38;
    %add;
    %ix/vec4/s 4;
    %store/vec4a v0x159eb70e0, 4, 0;
    %load/vec4 v0x159eb9210_0;
    %load/vec4 v0x159eb8930_0;
    %pad/s 35;
    %pad/s 37;
    %muli 4, 0, 37;
    %pad/s 38;
    %pushi/vec4 3, 0, 3;
    %pad/s 38;
    %add;
    %ix/vec4/s 4;
    %store/vec4a v0x159eb70e0, 4, 0;
    %load/vec4 v0x159eb8930_0;
    %addi 1, 0, 32;
    %store/vec4 v0x159eb8930_0, 0, 32;
    %jmp T_19.10;
T_19.11 ;
    %alloc S_0x159eb6d30;
    %pushi/vec4 0, 0, 32; draw_string_vec4
    %pushi/vec4 0, 0, 32; draw_string_vec4
    %concat/vec4; draw_string_vec4
    %pushi/vec4 4804170, 0, 32; draw_string_vec4
    %concat/vec4; draw_string_vec4
    %pushi/vec4 1162040378, 0, 32; draw_string_vec4
    %concat/vec4; draw_string_vec4
    %store/vec4 v0x159eb6ea0_0, 0, 128;
    %fork TD_tb_sa4x4_pytorch.seek_marker, S_0x159eb6d30;
    %join;
    %free S_0x159eb6d30;
    %pushi/vec4 3, 0, 32;
T_19.14 %dup/vec4;
    %pushi/vec4 0, 0, 32;
    %cmp/s;
    %jmp/1xz T_19.15, 5;
    %jmp/1 T_19.15, 4;
    %pushi/vec4 1, 0, 32;
    %sub;
    %wait E_0x159e70ee0;
    %jmp T_19.14;
T_19.15 ;
    %pop/vec4 1;
    %pushi/vec4 0, 0, 1;
    %store/vec4 v0x159eb8a50_0, 0, 1;
    %wait E_0x159e70ee0;
    %pushi/vec4 1, 0, 1;
    %store/vec4 v0x159eb86a0_0, 0, 1;
    %pushi/vec4 0, 0, 32;
    %store/vec4 v0x159eb8ae0_0, 0, 32;
T_19.16 ;
    %load/vec4 v0x159eb8ae0_0;
    %cmpi/s 12, 0, 32;
    %jmp/0xz T_19.17, 5;
    %vpi_func 3 139 "$fgets" 32, v0x159eb89c0_0, v0x159eb7a70_0 {0 0 0};
    %store/vec4 v0x159eb7320_0, 0, 32;
    %vpi_func 3 140 "$sscanf" 32, v0x159eb89c0_0, "%d %d %d %d %d %d %d %d", v0x159eb8b70_0, v0x159eb8c00_0, v0x159eb8c90_0, v0x159eb8d20_0, v0x159eb8db0_0, v0x159eb8e40_0, v0x159eb8ed0_0, v0x159eb8f60_0 {0 0 0};
    %cmpi/ne 8, 0, 32;
    %jmp/0xz  T_19.18, 4;
    %vpi_call/w 3 142 "$fatal", 32'sb00000000000000000000000000000001, "Bad INJECT line: %0s", v0x159eb89c0_0 {0 0 0};
T_19.18 ;
    %load/vec4 v0x159eb8b70_0;
    %pad/s 8;
    %store/vec4 v0x159eb73b0_0, 0, 8;
    %load/vec4 v0x159eb8c00_0;
    %pad/s 8;
    %store/vec4 v0x159eb7440_0, 0, 8;
    %load/vec4 v0x159eb8c90_0;
    %pad/s 8;
    %store/vec4 v0x159eb7550_0, 0, 8;
    %load/vec4 v0x159eb8d20_0;
    %pad/s 8;
    %store/vec4 v0x159eb75e0_0, 0, 8;
    %load/vec4 v0x159eb8db0_0;
    %pad/s 8;
    %store/vec4 v0x159eb7670_0, 0, 8;
    %load/vec4 v0x159eb8e40_0;
    %pad/s 8;
    %store/vec4 v0x159eb7700_0, 0, 8;
    %load/vec4 v0x159eb8ed0_0;
    %pad/s 8;
    %store/vec4 v0x159eb77b0_0, 0, 8;
    %load/vec4 v0x159eb8f60_0;
    %pad/s 8;
    %store/vec4 v0x159eb7860_0, 0, 8;
    %wait E_0x159e70ee0;
    %delay 1000, 0;
    %load/vec4 v0x159eb8ae0_0;
    %addi 1, 0, 32;
    %store/vec4 v0x159eb8ae0_0, 0, 32;
    %jmp T_19.16;
T_19.17 ;
    %pushi/vec4 3, 0, 32;
T_19.20 %dup/vec4;
    %pushi/vec4 0, 0, 32;
    %cmp/s;
    %jmp/1xz T_19.21, 5;
    %jmp/1 T_19.21, 4;
    %pushi/vec4 1, 0, 32;
    %sub;
    %wait E_0x159e70ee0;
    %jmp T_19.20;
T_19.21 ;
    %pop/vec4 1;
    %pushi/vec4 0, 0, 1;
    %store/vec4 v0x159eb86a0_0, 0, 1;
    %wait E_0x159e70ee0;
    %delay 1000, 0;
    %alloc S_0x159e6e4a0;
    %fork TD_tb_sa4x4_pytorch.check_outputs, S_0x159e6e4a0;
    %join;
    %free S_0x159e6e4a0;
    %vpi_call/w 3 158 "$display", "PASS: RTL sa4x4 matches PyTorch golden model." {0 0 0};
    %vpi_call/w 3 159 "$finish" {0 0 0};
    %end;
    .thread T_19;
# The file index is used to find the file name in the following table.
:file_names 6;
    "N/A";
    "<interactive>";
    "-";
    "tb/tb_sa4x4_pytorch.sv";
    "rtl/sa4x4.sv";
    "rtl/pe.sv";
