#! /opt/homebrew/Cellar/icarus-verilog/12.0/bin/vvp
:ivl_version "12.0 (stable)";
:ivl_delay_selection "TYPICAL";
:vpi_time_precision - 12;
:vpi_module "/opt/homebrew/Cellar/icarus-verilog/12.0/lib/ivl/system.vpi";
:vpi_module "/opt/homebrew/Cellar/icarus-verilog/12.0/lib/ivl/vhdl_sys.vpi";
:vpi_module "/opt/homebrew/Cellar/icarus-verilog/12.0/lib/ivl/vhdl_textio.vpi";
:vpi_module "/opt/homebrew/Cellar/icarus-verilog/12.0/lib/ivl/v2005_math.vpi";
:vpi_module "/opt/homebrew/Cellar/icarus-verilog/12.0/lib/ivl/va_math.vpi";
:vpi_module "/opt/homebrew/Cellar/icarus-verilog/12.0/lib/ivl/v2009.vpi";
S_0x15b681930 .scope package, "$unit" "$unit" 2 1;
 .timescale 0 0;
S_0x15b67e130 .scope module, "tb_sa4x4" "tb_sa4x4" 3 4;
 .timescale -9 -12;
P_0x15b60c570 .param/l "ACC_W" 1 3 10, +C4<00000000000000000000000000100000>;
P_0x15b60c5b0 .param/l "N" 1 3 9, +C4<00000000000000000000000000000100>;
L_0x15b69de20 .functor BUFZ 32, v0x15b649aa0_0, C4<00000000000000000000000000000000>, C4<00000000000000000000000000000000>, C4<00000000000000000000000000000000>;
L_0x15b69dee0 .functor BUFZ 32, v0x15b657500_0, C4<00000000000000000000000000000000>, C4<00000000000000000000000000000000>, C4<00000000000000000000000000000000>;
L_0x15b69df50 .functor BUFZ 32, v0x15b608510_0, C4<00000000000000000000000000000000>, C4<00000000000000000000000000000000>, C4<00000000000000000000000000000000>;
L_0x15b69e020 .functor BUFZ 32, v0x15b688050_0, C4<00000000000000000000000000000000>, C4<00000000000000000000000000000000>, C4<00000000000000000000000000000000>;
L_0x15b69e090 .functor BUFZ 32, v0x15b689500_0, C4<00000000000000000000000000000000>, C4<00000000000000000000000000000000>, C4<00000000000000000000000000000000>;
L_0x15b69e170 .functor BUFZ 32, v0x15b68a800_0, C4<00000000000000000000000000000000>, C4<00000000000000000000000000000000>, C4<00000000000000000000000000000000>;
L_0x15b69e1e0 .functor BUFZ 32, v0x15b68ba50_0, C4<00000000000000000000000000000000>, C4<00000000000000000000000000000000>, C4<00000000000000000000000000000000>;
L_0x15b69e100 .functor BUFZ 32, v0x15b68cc90_0, C4<00000000000000000000000000000000>, C4<00000000000000000000000000000000>, C4<00000000000000000000000000000000>;
L_0x15b69e2d0 .functor BUFZ 32, v0x15b68e150_0, C4<00000000000000000000000000000000>, C4<00000000000000000000000000000000>, C4<00000000000000000000000000000000>;
L_0x15b69e3d0 .functor BUFZ 32, v0x15b68f510_0, C4<00000000000000000000000000000000>, C4<00000000000000000000000000000000>, C4<00000000000000000000000000000000>;
L_0x15b69e250 .functor BUFZ 32, v0x15b690760_0, C4<00000000000000000000000000000000>, C4<00000000000000000000000000000000>, C4<00000000000000000000000000000000>;
L_0x15b69e520 .functor BUFZ 32, v0x15b6919a0_0, C4<00000000000000000000000000000000>, C4<00000000000000000000000000000000>, C4<00000000000000000000000000000000>;
L_0x15b69e340 .functor BUFZ 32, v0x15b692e50_0, C4<00000000000000000000000000000000>, C4<00000000000000000000000000000000>, C4<00000000000000000000000000000000>;
L_0x15b69e660 .functor BUFZ 32, v0x15b694090_0, C4<00000000000000000000000000000000>, C4<00000000000000000000000000000000>, C4<00000000000000000000000000000000>;
L_0x15b69e480 .functor BUFZ 32, v0x15b6952e0_0, C4<00000000000000000000000000000000>, C4<00000000000000000000000000000000>, C4<00000000000000000000000000000000>;
L_0x15b69e7b0 .functor BUFZ 32, v0x15b696520_0, C4<00000000000000000000000000000000>, C4<00000000000000000000000000000000>, C4<00000000000000000000000000000000>;
v0x15b698550 .array/s "A", 15 0, 7 0;
v0x15b6985e0 .array/s "B", 15 0, 7 0;
v0x15b698670 .array/s "C_ref", 15 0, 31 0;
v0x15b698700 .array/s "a_in", 3 0, 7 0;
v0x15b698790 .array/s "b_in", 3 0, 7 0;
v0x15b698820 .array/s "c_out", 15 0, 31 0;
v0x15b698930_0 .var "clk", 0 0;
v0x15b6989c0_0 .var "en", 0 0;
v0x15b698a50_0 .var/i "i", 31 0;
v0x15b698b60_0 .var/i "j", 31 0;
v0x15b698bf0_0 .var/i "k", 31 0;
v0x15b698c80_0 .var "reset", 0 0;
S_0x15b67a930 .scope begin, "$ivl_for_loop0" "$ivl_for_loop0" 3 160, 3 160 0, S_0x15b67e130;
 .timescale -9 -12;
v0x15b685d80_0 .var/2s "t", 31 0;
S_0x15b662af0 .scope task, "check_outputs" "check_outputs" 3 97, 3 97 0, S_0x15b67e130;
 .timescale -9 -12;
TD_tb_sa4x4.check_outputs ;
    %pushi/vec4 0, 0, 32;
    %store/vec4 v0x15b698a50_0, 0, 32;
T_0.0 ;
    %load/vec4 v0x15b698a50_0;
    %cmpi/s 4, 0, 32;
    %jmp/0xz T_0.1, 5;
    %pushi/vec4 0, 0, 32;
    %store/vec4 v0x15b698b60_0, 0, 32;
T_0.2 ;
    %load/vec4 v0x15b698b60_0;
    %cmpi/s 4, 0, 32;
    %jmp/0xz T_0.3, 5;
    %load/vec4 v0x15b698a50_0;
    %pad/s 35;
    %pad/s 37;
    %muli 4, 0, 37;
    %pad/s 38;
    %load/vec4 v0x15b698b60_0;
    %pad/s 38;
    %add;
    %ix/vec4/s 4;
    %load/vec4a v0x15b698820, 4;
    %load/vec4 v0x15b698a50_0;
    %pad/s 35;
    %pad/s 37;
    %muli 4, 0, 37;
    %pad/s 38;
    %load/vec4 v0x15b698b60_0;
    %pad/s 38;
    %add;
    %ix/vec4/s 4;
    %load/vec4a v0x15b698670, 4;
    %cmp/ne;
    %jmp/0xz  T_0.4, 6;
    %load/vec4 v0x15b698a50_0;
    %pad/s 35;
    %pad/s 37;
    %muli 4, 0, 37;
    %pad/s 38;
    %load/vec4 v0x15b698b60_0;
    %pad/s 38;
    %add;
    %ix/vec4/s 4;
    %load/vec4a v0x15b698820, 4;
    %load/vec4 v0x15b698a50_0;
    %pad/s 35;
    %pad/s 37;
    %muli 4, 0, 37;
    %pad/s 38;
    %load/vec4 v0x15b698b60_0;
    %pad/s 38;
    %add;
    %ix/vec4/s 4;
    %load/vec4a v0x15b698670, 4;
    %vpi_call/w 3 102 "$fatal", 32'sb00000000000000000000000000000001, "Mismatch C[%0d][%0d]: got %0d exp %0d", v0x15b698a50_0, v0x15b698b60_0, S<1,vec4,s32>, S<0,vec4,s32> {2 0 0};
T_0.4 ;
    ; show_stmt_assign_vector: Get l-value for compressed += operand
    %load/vec4 v0x15b698b60_0;
    %pushi/vec4 1, 0, 32;
    %add;
    %store/vec4 v0x15b698b60_0, 0, 32;
    %jmp T_0.2;
T_0.3 ;
    ; show_stmt_assign_vector: Get l-value for compressed += operand
    %load/vec4 v0x15b698a50_0;
    %pushi/vec4 1, 0, 32;
    %add;
    %store/vec4 v0x15b698a50_0, 0, 32;
    %jmp T_0.0;
T_0.1 ;
    %end;
S_0x15b65f6d0 .scope task, "compute_reference" "compute_reference" 3 51, 3 51 0, S_0x15b67e130;
 .timescale -9 -12;
TD_tb_sa4x4.compute_reference ;
    %pushi/vec4 0, 0, 32;
    %store/vec4 v0x15b698a50_0, 0, 32;
T_1.6 ;
    %load/vec4 v0x15b698a50_0;
    %cmpi/s 4, 0, 32;
    %jmp/0xz T_1.7, 5;
    %pushi/vec4 0, 0, 32;
    %store/vec4 v0x15b698b60_0, 0, 32;
T_1.8 ;
    %load/vec4 v0x15b698b60_0;
    %cmpi/s 4, 0, 32;
    %jmp/0xz T_1.9, 5;
    %pushi/vec4 0, 0, 32;
    %load/vec4 v0x15b698a50_0;
    %pad/s 35;
    %pad/s 37;
    %muli 4, 0, 37;
    %pad/s 38;
    %load/vec4 v0x15b698b60_0;
    %pad/s 38;
    %add;
    %ix/vec4/s 4;
    %store/vec4a v0x15b698670, 4, 0;
    %pushi/vec4 0, 0, 32;
    %store/vec4 v0x15b698bf0_0, 0, 32;
T_1.10 ;
    %load/vec4 v0x15b698bf0_0;
    %cmpi/s 4, 0, 32;
    %jmp/0xz T_1.11, 5;
    ; show_stmt_assign_vector: Get l-value for compressed += operand
    %load/vec4 v0x15b698a50_0;
    %pad/s 35;
    %pad/s 37;
    %muli 4, 0, 37;
    %pad/s 38;
    %load/vec4 v0x15b698b60_0;
    %pad/s 38;
    %add;
    %ix/vec4/s 4;
    %flag_mov 8, 4;
    %load/vec4a v0x15b698670, 4;
    %load/vec4 v0x15b698a50_0;
    %pad/s 35;
    %pad/s 37;
    %muli 4, 0, 37;
    %pad/s 38;
    %load/vec4 v0x15b698bf0_0;
    %pad/s 38;
    %add;
    %ix/vec4/s 5;
    %load/vec4a v0x15b698550, 5;
    %pad/u 32;
    %load/vec4 v0x15b698bf0_0;
    %pad/s 35;
    %pad/s 37;
    %muli 4, 0, 37;
    %pad/s 38;
    %load/vec4 v0x15b698b60_0;
    %pad/s 38;
    %add;
    %ix/vec4/s 5;
    %load/vec4a v0x15b6985e0, 5;
    %pad/u 32;
    %mul;
    %add;
    %flag_mov 4, 8;
    %store/vec4a v0x15b698670, 4, 0;
    ; show_stmt_assign_vector: Get l-value for compressed += operand
    %load/vec4 v0x15b698bf0_0;
    %pushi/vec4 1, 0, 32;
    %add;
    %store/vec4 v0x15b698bf0_0, 0, 32;
    %jmp T_1.10;
T_1.11 ;
    ; show_stmt_assign_vector: Get l-value for compressed += operand
    %load/vec4 v0x15b698b60_0;
    %pushi/vec4 1, 0, 32;
    %add;
    %store/vec4 v0x15b698b60_0, 0, 32;
    %jmp T_1.8;
T_1.9 ;
    ; show_stmt_assign_vector: Get l-value for compressed += operand
    %load/vec4 v0x15b698a50_0;
    %pushi/vec4 1, 0, 32;
    %add;
    %store/vec4 v0x15b698a50_0, 0, 32;
    %jmp T_1.6;
T_1.7 ;
    %end;
S_0x15b65f330 .scope module, "dut" "saNxN" 3 25, 4 2 0, S_0x15b67e130;
 .timescale 0 0;
    .port_info 0 /INPUT 1 "clk";
    .port_info 1 /INPUT 1 "reset";
    .port_info 2 /INPUT 1 "en";
    .port_info 3 /INPUT 32 "a_in";
    .port_info 4 /INPUT 32 "b_in";
    .port_info 5 /OUTPUT 512 "c_out";
P_0x15b65bf10 .param/l "ACC_W" 0 4 4, +C4<00000000000000000000000000100000>;
P_0x15b65bf50 .param/l "N" 0 4 3, +C4<00000000000000000000000000000100>;
v0x15b696a70 .array "a_fwd", 15 0;
v0x15b696a70_0 .net/s v0x15b696a70 0, 7 0, v0x15b649e40_0; 1 drivers
v0x15b696a70_1 .net/s v0x15b696a70 1, 7 0, v0x15b661be0_0; 1 drivers
v0x15b696a70_2 .net/s v0x15b696a70 2, 7 0, v0x15b6083f0_0; 1 drivers
v0x15b696a70_3 .net/s v0x15b696a70 3, 7 0, v0x15b687ef0_0; 1 drivers
v0x15b696a70_4 .net/s v0x15b696a70 4, 7 0, v0x15b6893a0_0; 1 drivers
v0x15b696a70_5 .net/s v0x15b696a70 5, 7 0, v0x15b68a6a0_0; 1 drivers
v0x15b696a70_6 .net/s v0x15b696a70 6, 7 0, v0x15b68b8f0_0; 1 drivers
v0x15b696a70_7 .net/s v0x15b696a70 7, 7 0, v0x15b68cb30_0; 1 drivers
v0x15b696a70_8 .net/s v0x15b696a70 8, 7 0, v0x15b68dff0_0; 1 drivers
v0x15b696a70_9 .net/s v0x15b696a70 9, 7 0, v0x15b68f3b0_0; 1 drivers
v0x15b696a70_10 .net/s v0x15b696a70 10, 7 0, v0x15b690600_0; 1 drivers
v0x15b696a70_11 .net/s v0x15b696a70 11, 7 0, v0x15b691840_0; 1 drivers
v0x15b696a70_12 .net/s v0x15b696a70 12, 7 0, v0x15b692cf0_0; 1 drivers
v0x15b696a70_13 .net/s v0x15b696a70 13, 7 0, v0x15b693f30_0; 1 drivers
v0x15b696a70_14 .net/s v0x15b696a70 14, 7 0, v0x15b695180_0; 1 drivers
v0x15b696a70_15 .net/s v0x15b696a70 15, 7 0, v0x15b6963c0_0; 1 drivers
v0x15b698700_0 .array/port v0x15b698700, 0;
v0x15b696d60 .array "a_in", 3 0;
v0x15b696d60_0 .net/s v0x15b696d60 0, 7 0, v0x15b698700_0; 1 drivers
v0x15b698700_1 .array/port v0x15b698700, 1;
v0x15b696d60_1 .net/s v0x15b696d60 1, 7 0, v0x15b698700_1; 1 drivers
v0x15b698700_2 .array/port v0x15b698700, 2;
v0x15b696d60_2 .net/s v0x15b696d60 2, 7 0, v0x15b698700_2; 1 drivers
v0x15b698700_3 .array/port v0x15b698700, 3;
v0x15b696d60_3 .net/s v0x15b696d60 3, 7 0, v0x15b698700_3; 1 drivers
v0x15b696e10 .array "a_to_pe", 15 0;
v0x15b696e10_0 .net/s v0x15b696e10 0, 7 0, L_0x15b699020; 1 drivers
v0x15b696e10_1 .net/s v0x15b696e10 1, 7 0, L_0x15b6994d0; 1 drivers
v0x15b696e10_2 .net/s v0x15b696e10 2, 7 0, L_0x15b699980; 1 drivers
v0x15b696e10_3 .net/s v0x15b696e10 3, 7 0, L_0x15b699e30; 1 drivers
v0x15b696e10_4 .net/s v0x15b696e10 4, 7 0, L_0x15b69a2e0; 1 drivers
v0x15b696e10_5 .net/s v0x15b696e10 5, 7 0, L_0x15b69a790; 1 drivers
v0x15b696e10_6 .net/s v0x15b696e10 6, 7 0, L_0x15b69ac40; 1 drivers
v0x15b696e10_7 .net/s v0x15b696e10 7, 7 0, L_0x15b69b0f0; 1 drivers
v0x15b696e10_8 .net/s v0x15b696e10 8, 7 0, L_0x15b69b5a0; 1 drivers
v0x15b696e10_9 .net/s v0x15b696e10 9, 7 0, L_0x15b69ba50; 1 drivers
v0x15b696e10_10 .net/s v0x15b696e10 10, 7 0, L_0x15b69bf00; 1 drivers
v0x15b696e10_11 .net/s v0x15b696e10 11, 7 0, L_0x15b69c3f0; 1 drivers
v0x15b696e10_12 .net/s v0x15b696e10 12, 7 0, L_0x15b69c8a0; 1 drivers
v0x15b696e10_13 .net/s v0x15b696e10 13, 7 0, L_0x15b69cd10; 1 drivers
v0x15b696e10_14 .net/s v0x15b696e10 14, 7 0, L_0x15b69d200; 1 drivers
v0x15b696e10_15 .net/s v0x15b696e10 15, 7 0, L_0x15b69d6b0; 1 drivers
v0x15b697140 .array "b_fwd", 15 0;
v0x15b697140_0 .net/s v0x15b697140 0, 7 0, v0x15b64d440_0; 1 drivers
v0x15b697140_1 .net/s v0x15b697140 1, 7 0, v0x15b653d70_0; 1 drivers
v0x15b697140_2 .net/s v0x15b697140 2, 7 0, v0x15b686f60_0; 1 drivers
v0x15b697140_3 .net/s v0x15b697140 3, 7 0, v0x15b6881b0_0; 1 drivers
v0x15b697140_4 .net/s v0x15b697140 4, 7 0, v0x15b689660_0; 1 drivers
v0x15b697140_5 .net/s v0x15b697140 5, 7 0, v0x15b68a960_0; 1 drivers
v0x15b697140_6 .net/s v0x15b697140 6, 7 0, v0x15b68bbb0_0; 1 drivers
v0x15b697140_7 .net/s v0x15b697140 7, 7 0, v0x15b68cdf0_0; 1 drivers
v0x15b697140_8 .net/s v0x15b697140 8, 7 0, v0x15b68e2b0_0; 1 drivers
v0x15b697140_9 .net/s v0x15b697140 9, 7 0, v0x15b68f670_0; 1 drivers
v0x15b697140_10 .net/s v0x15b697140 10, 7 0, v0x15b6908c0_0; 1 drivers
v0x15b697140_11 .net/s v0x15b697140 11, 7 0, v0x15b691b00_0; 1 drivers
v0x15b697140_12 .net/s v0x15b697140 12, 7 0, v0x15b692fb0_0; 1 drivers
v0x15b697140_13 .net/s v0x15b697140 13, 7 0, v0x15b6941f0_0; 1 drivers
v0x15b697140_14 .net/s v0x15b697140 14, 7 0, v0x15b695440_0; 1 drivers
v0x15b697140_15 .net/s v0x15b697140 15, 7 0, v0x15b696680_0; 1 drivers
v0x15b698790_0 .array/port v0x15b698790, 0;
v0x15b697450 .array "b_in", 3 0;
v0x15b697450_0 .net/s v0x15b697450 0, 7 0, v0x15b698790_0; 1 drivers
v0x15b698790_1 .array/port v0x15b698790, 1;
v0x15b697450_1 .net/s v0x15b697450 1, 7 0, v0x15b698790_1; 1 drivers
v0x15b698790_2 .array/port v0x15b698790, 2;
v0x15b697450_2 .net/s v0x15b697450 2, 7 0, v0x15b698790_2; 1 drivers
v0x15b698790_3 .array/port v0x15b698790, 3;
v0x15b697450_3 .net/s v0x15b697450 3, 7 0, v0x15b698790_3; 1 drivers
v0x15b697520 .array "b_to_pe", 15 0;
v0x15b697520_0 .net/s v0x15b697520 0, 7 0, L_0x15b699090; 1 drivers
v0x15b697520_1 .net/s v0x15b697520 1, 7 0, L_0x15b699580; 1 drivers
v0x15b697520_2 .net/s v0x15b697520 2, 7 0, L_0x15b699a30; 1 drivers
v0x15b697520_3 .net/s v0x15b697520 3, 7 0, L_0x15b699ee0; 1 drivers
v0x15b697520_4 .net/s v0x15b697520 4, 7 0, L_0x15b69a350; 1 drivers
v0x15b697520_5 .net/s v0x15b697520 5, 7 0, L_0x15b69a840; 1 drivers
v0x15b697520_6 .net/s v0x15b697520 6, 7 0, L_0x15b69acf0; 1 drivers
v0x15b697520_7 .net/s v0x15b697520 7, 7 0, L_0x15b69b1a0; 1 drivers
v0x15b697520_8 .net/s v0x15b697520 8, 7 0, L_0x15b69b610; 1 drivers
v0x15b697520_9 .net/s v0x15b697520 9, 7 0, L_0x15b69bb00; 1 drivers
v0x15b697520_10 .net/s v0x15b697520 10, 7 0, L_0x15b69bfb0; 1 drivers
v0x15b697520_11 .net/s v0x15b697520 11, 7 0, L_0x15b69c4a0; 1 drivers
v0x15b697520_12 .net/s v0x15b697520 12, 7 0, L_0x15b69c910; 1 drivers
v0x15b697520_13 .net/s v0x15b697520 13, 7 0, L_0x15b69cdc0; 1 drivers
v0x15b697520_14 .net/s v0x15b697520 14, 7 0, L_0x15b69d2b0; 1 drivers
v0x15b697520_15 .net/s v0x15b697520 15, 7 0, L_0x15b69d760; 1 drivers
v0x15b697830 .array "c_out", 15 0;
v0x15b697830_0 .net/s v0x15b697830 0, 31 0, v0x15b649aa0_0; 1 drivers
v0x15b697830_1 .net/s v0x15b697830 1, 31 0, v0x15b657500_0; 1 drivers
v0x15b697830_2 .net/s v0x15b697830 2, 31 0, v0x15b608510_0; 1 drivers
v0x15b697830_3 .net/s v0x15b697830 3, 31 0, v0x15b688050_0; 1 drivers
v0x15b697830_4 .net/s v0x15b697830 4, 31 0, v0x15b689500_0; 1 drivers
v0x15b697830_5 .net/s v0x15b697830 5, 31 0, v0x15b68a800_0; 1 drivers
v0x15b697830_6 .net/s v0x15b697830 6, 31 0, v0x15b68ba50_0; 1 drivers
v0x15b697830_7 .net/s v0x15b697830 7, 31 0, v0x15b68cc90_0; 1 drivers
v0x15b697830_8 .net/s v0x15b697830 8, 31 0, v0x15b68e150_0; 1 drivers
v0x15b697830_9 .net/s v0x15b697830 9, 31 0, v0x15b68f510_0; 1 drivers
v0x15b697830_10 .net/s v0x15b697830 10, 31 0, v0x15b690760_0; 1 drivers
v0x15b697830_11 .net/s v0x15b697830 11, 31 0, v0x15b6919a0_0; 1 drivers
v0x15b697830_12 .net/s v0x15b697830 12, 31 0, v0x15b692e50_0; 1 drivers
v0x15b697830_13 .net/s v0x15b697830 13, 31 0, v0x15b694090_0; 1 drivers
v0x15b697830_14 .net/s v0x15b697830 14, 31 0, v0x15b6952e0_0; 1 drivers
v0x15b697830_15 .net/s v0x15b697830 15, 31 0, v0x15b696520_0; 1 drivers
v0x15b697b20_0 .net "clk", 0 0, v0x15b698930_0;  1 drivers
v0x15b68e470_0 .net "en", 0 0, v0x15b6989c0_0;  1 drivers
v0x15b68e600_0 .net "reset", 0 0, v0x15b698c80_0;  1 drivers
S_0x15b65e380 .scope generate, "GEN_ROW[0]" "GEN_ROW[0]" 4 27, 4 27 0, S_0x15b65f330;
 .timescale 0 0;
P_0x15b65bc80 .param/l "i" 1 4 27, +C4<00>;
S_0x15b658780 .scope generate, "GEN_COL[0]" "GEN_COL[0]" 4 28, 4 28 0, S_0x15b65e380;
 .timescale 0 0;
P_0x15b6583e0 .param/l "j" 1 4 28, +C4<00>;
S_0x15b654ff0 .scope generate, "genblk1" "genblk1" 4 31, 4 31 0, S_0x15b658780;
 .timescale 0 0;
L_0x15b699020 .functor BUFZ 8, v0x15b698700_0, C4<00000000>, C4<00000000>, C4<00000000>;
S_0x15b654c50 .scope generate, "genblk2" "genblk2" 4 37, 4 37 0, S_0x15b658780;
 .timescale 0 0;
L_0x15b699090 .functor BUFZ 8, v0x15b698790_0, C4<00000000>, C4<00000000>, C4<00000000>;
S_0x15b651860 .scope module, "u_pe" "pe" 4 44, 5 1 0, S_0x15b658780;
 .timescale 0 0;
    .port_info 0 /INPUT 1 "clk";
    .port_info 1 /INPUT 1 "reset";
    .port_info 2 /INPUT 1 "en";
    .port_info 3 /INPUT 8 "a_in";
    .port_info 4 /INPUT 8 "b_in";
    .port_info 5 /OUTPUT 8 "a_out";
    .port_info 6 /OUTPUT 8 "b_out";
    .port_info 7 /OUTPUT 32 "acc_out";
P_0x15b6514c0 .param/l "ACC_W" 0 5 2, +C4<00000000000000000000000000100000>;
v0x15b64e190_0 .net/s *"_ivl_0", 15 0, L_0x15b698d10;  1 drivers
v0x15b64dd30_0 .net/s *"_ivl_2", 15 0, L_0x15b698db0;  1 drivers
v0x15b64ddc0_0 .net/s "a_in", 7 0, L_0x15b699020;  alias, 1 drivers
v0x15b649e40_0 .var/s "a_out", 7 0;
v0x15b649ed0_0 .net/s "acc_out", 31 0, v0x15b649aa0_0;  alias, 1 drivers
v0x15b649aa0_0 .var/s "acc_reg", 31 0;
v0x15b649b30_0 .net/s "b_in", 7 0, L_0x15b699090;  alias, 1 drivers
v0x15b64d440_0 .var/s "b_out", 7 0;
v0x15b64d4d0_0 .net "clk", 0 0, v0x15b698930_0;  alias, 1 drivers
v0x15b64cda0_0 .net "en", 0 0, v0x15b6989c0_0;  alias, 1 drivers
v0x15b64ce30_0 .net/s "product", 15 0, L_0x15b698e50;  1 drivers
v0x15b6812c0_0 .net "reset", 0 0, v0x15b698c80_0;  alias, 1 drivers
E_0x15b651600 .event posedge, v0x15b64d4d0_0;
L_0x15b698d10 .extend/s 16, L_0x15b699020;
L_0x15b698db0 .extend/s 16, L_0x15b699090;
L_0x15b698e50 .arith/mult 16, L_0x15b698d10, L_0x15b698db0;
S_0x15b67dac0 .scope generate, "GEN_COL[1]" "GEN_COL[1]" 4 28, 4 28 0, S_0x15b65e380;
 .timescale 0 0;
P_0x15b6515c0 .param/l "j" 1 4 28, +C4<01>;
S_0x15b67a2c0 .scope generate, "genblk1" "genblk1" 4 31, 4 31 0, S_0x15b67dac0;
 .timescale 0 0;
L_0x15b6994d0 .functor BUFZ 8, v0x15b649e40_0, C4<00000000>, C4<00000000>, C4<00000000>;
S_0x15b673310 .scope generate, "genblk2" "genblk2" 4 37, 4 37 0, S_0x15b67dac0;
 .timescale 0 0;
L_0x15b699580 .functor BUFZ 8, v0x15b698790_1, C4<00000000>, C4<00000000>, C4<00000000>;
S_0x15b66fb20 .scope module, "u_pe" "pe" 4 44, 5 1 0, S_0x15b67dac0;
 .timescale 0 0;
    .port_info 0 /INPUT 1 "clk";
    .port_info 1 /INPUT 1 "reset";
    .port_info 2 /INPUT 1 "en";
    .port_info 3 /INPUT 8 "a_in";
    .port_info 4 /INPUT 8 "b_in";
    .port_info 5 /OUTPUT 8 "a_out";
    .port_info 6 /OUTPUT 8 "b_out";
    .port_info 7 /OUTPUT 32 "acc_out";
P_0x15b66c330 .param/l "ACC_W" 0 5 2, +C4<00000000000000000000000000100000>;
v0x15b668b80_0 .net/s *"_ivl_0", 15 0, L_0x15b699120;  1 drivers
v0x15b6653a0_0 .net/s *"_ivl_2", 15 0, L_0x15b699220;  1 drivers
v0x15b665430_0 .net/s "a_in", 7 0, L_0x15b6994d0;  alias, 1 drivers
v0x15b661be0_0 .var/s "a_out", 7 0;
v0x15b661c70_0 .net/s "acc_out", 31 0, v0x15b657500_0;  alias, 1 drivers
v0x15b657500_0 .var/s "acc_reg", 31 0;
v0x15b657590_0 .net/s "b_in", 7 0, L_0x15b699580;  alias, 1 drivers
v0x15b653d70_0 .var/s "b_out", 7 0;
v0x15b653e00_0 .net "clk", 0 0, v0x15b698930_0;  alias, 1 drivers
v0x15b6505e0_0 .net "en", 0 0, v0x15b6989c0_0;  alias, 1 drivers
v0x15b650670_0 .net/s "product", 15 0, L_0x15b699300;  1 drivers
v0x15b676a40_0 .net "reset", 0 0, v0x15b698c80_0;  alias, 1 drivers
L_0x15b699120 .extend/s 16, L_0x15b6994d0;
L_0x15b699220 .extend/s 16, L_0x15b699580;
L_0x15b699300 .arith/mult 16, L_0x15b699120, L_0x15b699220;
S_0x15b65abd0 .scope generate, "GEN_COL[2]" "GEN_COL[2]" 4 28, 4 28 0, S_0x15b65e380;
 .timescale 0 0;
P_0x15b657640 .param/l "j" 1 4 28, +C4<010>;
S_0x15b612340 .scope generate, "genblk1" "genblk1" 4 31, 4 31 0, S_0x15b65abd0;
 .timescale 0 0;
L_0x15b699980 .functor BUFZ 8, v0x15b661be0_0, C4<00000000>, C4<00000000>, C4<00000000>;
S_0x15b6124b0 .scope generate, "genblk2" "genblk2" 4 37, 4 37 0, S_0x15b65abd0;
 .timescale 0 0;
L_0x15b699a30 .functor BUFZ 8, v0x15b698790_2, C4<00000000>, C4<00000000>, C4<00000000>;
S_0x15b60c020 .scope module, "u_pe" "pe" 4 44, 5 1 0, S_0x15b65abd0;
 .timescale 0 0;
    .port_info 0 /INPUT 1 "clk";
    .port_info 1 /INPUT 1 "reset";
    .port_info 2 /INPUT 1 "en";
    .port_info 3 /INPUT 8 "a_in";
    .port_info 4 /INPUT 8 "b_in";
    .port_info 5 /OUTPUT 8 "a_out";
    .port_info 6 /OUTPUT 8 "b_out";
    .port_info 7 /OUTPUT 32 "acc_out";
P_0x15b661d40 .param/l "ACC_W" 0 5 2, +C4<00000000000000000000000000100000>;
v0x15b60c250_0 .net/s *"_ivl_0", 15 0, L_0x15b6995f0;  1 drivers
v0x15b6082d0_0 .net/s *"_ivl_2", 15 0, L_0x15b6996d0;  1 drivers
v0x15b608360_0 .net/s "a_in", 7 0, L_0x15b699980;  alias, 1 drivers
v0x15b6083f0_0 .var/s "a_out", 7 0;
v0x15b608480_0 .net/s "acc_out", 31 0, v0x15b608510_0;  alias, 1 drivers
v0x15b608510_0 .var/s "acc_reg", 31 0;
v0x15b686ed0_0 .net/s "b_in", 7 0, L_0x15b699a30;  alias, 1 drivers
v0x15b686f60_0 .var/s "b_out", 7 0;
v0x15b686ff0_0 .net "clk", 0 0, v0x15b698930_0;  alias, 1 drivers
v0x15b687100_0 .net "en", 0 0, v0x15b6989c0_0;  alias, 1 drivers
v0x15b6871d0_0 .net/s "product", 15 0, L_0x15b6997b0;  1 drivers
v0x15b687260_0 .net "reset", 0 0, v0x15b698c80_0;  alias, 1 drivers
L_0x15b6995f0 .extend/s 16, L_0x15b699980;
L_0x15b6996d0 .extend/s 16, L_0x15b699a30;
L_0x15b6997b0 .arith/mult 16, L_0x15b6995f0, L_0x15b6996d0;
S_0x15b687380 .scope generate, "GEN_COL[3]" "GEN_COL[3]" 4 28, 4 28 0, S_0x15b65e380;
 .timescale 0 0;
P_0x15b676b90 .param/l "j" 1 4 28, +C4<011>;
S_0x15b687590 .scope generate, "genblk1" "genblk1" 4 31, 4 31 0, S_0x15b687380;
 .timescale 0 0;
L_0x15b699e30 .functor BUFZ 8, v0x15b6083f0_0, C4<00000000>, C4<00000000>, C4<00000000>;
S_0x15b687750 .scope generate, "genblk2" "genblk2" 4 37, 4 37 0, S_0x15b687380;
 .timescale 0 0;
L_0x15b699ee0 .functor BUFZ 8, v0x15b698790_3, C4<00000000>, C4<00000000>, C4<00000000>;
S_0x15b687920 .scope module, "u_pe" "pe" 4 44, 5 1 0, S_0x15b687380;
 .timescale 0 0;
    .port_info 0 /INPUT 1 "clk";
    .port_info 1 /INPUT 1 "reset";
    .port_info 2 /INPUT 1 "en";
    .port_info 3 /INPUT 8 "a_in";
    .port_info 4 /INPUT 8 "b_in";
    .port_info 5 /OUTPUT 8 "a_out";
    .port_info 6 /OUTPUT 8 "b_out";
    .port_info 7 /OUTPUT 32 "acc_out";
P_0x15b687b00 .param/l "ACC_W" 0 5 2, +C4<00000000000000000000000000100000>;
v0x15b687d20_0 .net/s *"_ivl_0", 15 0, L_0x15b699aa0;  1 drivers
v0x15b687dc0_0 .net/s *"_ivl_2", 15 0, L_0x15b699b80;  1 drivers
v0x15b687e60_0 .net/s "a_in", 7 0, L_0x15b699e30;  alias, 1 drivers
v0x15b687ef0_0 .var/s "a_out", 7 0;
v0x15b687f80_0 .net/s "acc_out", 31 0, v0x15b688050_0;  alias, 1 drivers
v0x15b688050_0 .var/s "acc_reg", 31 0;
v0x15b688100_0 .net/s "b_in", 7 0, L_0x15b699ee0;  alias, 1 drivers
v0x15b6881b0_0 .var/s "b_out", 7 0;
v0x15b688260_0 .net "clk", 0 0, v0x15b698930_0;  alias, 1 drivers
v0x15b688370_0 .net "en", 0 0, v0x15b6989c0_0;  alias, 1 drivers
v0x15b688400_0 .net/s "product", 15 0, L_0x15b699c60;  1 drivers
v0x15b688490_0 .net "reset", 0 0, v0x15b698c80_0;  alias, 1 drivers
L_0x15b699aa0 .extend/s 16, L_0x15b699e30;
L_0x15b699b80 .extend/s 16, L_0x15b699ee0;
L_0x15b699c60 .arith/mult 16, L_0x15b699aa0, L_0x15b699b80;
S_0x15b6885a0 .scope generate, "GEN_ROW[1]" "GEN_ROW[1]" 4 27, 4 27 0, S_0x15b65f330;
 .timescale 0 0;
P_0x15b687c20 .param/l "i" 1 4 27, +C4<01>;
S_0x15b6887d0 .scope generate, "GEN_COL[0]" "GEN_COL[0]" 4 28, 4 28 0, S_0x15b6885a0;
 .timescale 0 0;
P_0x15b6889a0 .param/l "j" 1 4 28, +C4<00>;
S_0x15b688a40 .scope generate, "genblk1" "genblk1" 4 31, 4 31 0, S_0x15b6887d0;
 .timescale 0 0;
L_0x15b69a2e0 .functor BUFZ 8, v0x15b698700_1, C4<00000000>, C4<00000000>, C4<00000000>;
S_0x15b688c00 .scope generate, "genblk2" "genblk2" 4 37, 4 37 0, S_0x15b6887d0;
 .timescale 0 0;
L_0x15b69a350 .functor BUFZ 8, v0x15b64d440_0, C4<00000000>, C4<00000000>, C4<00000000>;
S_0x15b688dd0 .scope module, "u_pe" "pe" 4 44, 5 1 0, S_0x15b6887d0;
 .timescale 0 0;
    .port_info 0 /INPUT 1 "clk";
    .port_info 1 /INPUT 1 "reset";
    .port_info 2 /INPUT 1 "en";
    .port_info 3 /INPUT 8 "a_in";
    .port_info 4 /INPUT 8 "b_in";
    .port_info 5 /OUTPUT 8 "a_out";
    .port_info 6 /OUTPUT 8 "b_out";
    .port_info 7 /OUTPUT 32 "acc_out";
P_0x15b688fb0 .param/l "ACC_W" 0 5 2, +C4<00000000000000000000000000100000>;
v0x15b6891d0_0 .net/s *"_ivl_0", 15 0, L_0x15b699f50;  1 drivers
v0x15b689270_0 .net/s *"_ivl_2", 15 0, L_0x15b69a030;  1 drivers
v0x15b689310_0 .net/s "a_in", 7 0, L_0x15b69a2e0;  alias, 1 drivers
v0x15b6893a0_0 .var/s "a_out", 7 0;
v0x15b689430_0 .net/s "acc_out", 31 0, v0x15b689500_0;  alias, 1 drivers
v0x15b689500_0 .var/s "acc_reg", 31 0;
v0x15b6895b0_0 .net/s "b_in", 7 0, L_0x15b69a350;  alias, 1 drivers
v0x15b689660_0 .var/s "b_out", 7 0;
v0x15b689710_0 .net "clk", 0 0, v0x15b698930_0;  alias, 1 drivers
v0x15b6898a0_0 .net "en", 0 0, v0x15b6989c0_0;  alias, 1 drivers
v0x15b6899b0_0 .net/s "product", 15 0, L_0x15b69a110;  1 drivers
v0x15b689a40_0 .net "reset", 0 0, v0x15b698c80_0;  alias, 1 drivers
L_0x15b699f50 .extend/s 16, L_0x15b69a2e0;
L_0x15b69a030 .extend/s 16, L_0x15b69a350;
L_0x15b69a110 .arith/mult 16, L_0x15b699f50, L_0x15b69a030;
S_0x15b689b50 .scope generate, "GEN_COL[1]" "GEN_COL[1]" 4 28, 4 28 0, S_0x15b6885a0;
 .timescale 0 0;
P_0x15b6890d0 .param/l "j" 1 4 28, +C4<01>;
S_0x15b689d50 .scope generate, "genblk1" "genblk1" 4 31, 4 31 0, S_0x15b689b50;
 .timescale 0 0;
L_0x15b69a790 .functor BUFZ 8, v0x15b6893a0_0, C4<00000000>, C4<00000000>, C4<00000000>;
S_0x15b689f10 .scope generate, "genblk2" "genblk2" 4 37, 4 37 0, S_0x15b689b50;
 .timescale 0 0;
L_0x15b69a840 .functor BUFZ 8, v0x15b653d70_0, C4<00000000>, C4<00000000>, C4<00000000>;
S_0x15b68a0d0 .scope module, "u_pe" "pe" 4 44, 5 1 0, S_0x15b689b50;
 .timescale 0 0;
    .port_info 0 /INPUT 1 "clk";
    .port_info 1 /INPUT 1 "reset";
    .port_info 2 /INPUT 1 "en";
    .port_info 3 /INPUT 8 "a_in";
    .port_info 4 /INPUT 8 "b_in";
    .port_info 5 /OUTPUT 8 "a_out";
    .port_info 6 /OUTPUT 8 "b_out";
    .port_info 7 /OUTPUT 32 "acc_out";
P_0x15b68a2b0 .param/l "ACC_W" 0 5 2, +C4<00000000000000000000000000100000>;
v0x15b68a4d0_0 .net/s *"_ivl_0", 15 0, L_0x15b69a400;  1 drivers
v0x15b68a570_0 .net/s *"_ivl_2", 15 0, L_0x15b69a4e0;  1 drivers
v0x15b68a610_0 .net/s "a_in", 7 0, L_0x15b69a790;  alias, 1 drivers
v0x15b68a6a0_0 .var/s "a_out", 7 0;
v0x15b68a730_0 .net/s "acc_out", 31 0, v0x15b68a800_0;  alias, 1 drivers
v0x15b68a800_0 .var/s "acc_reg", 31 0;
v0x15b68a8b0_0 .net/s "b_in", 7 0, L_0x15b69a840;  alias, 1 drivers
v0x15b68a960_0 .var/s "b_out", 7 0;
v0x15b68aa10_0 .net "clk", 0 0, v0x15b698930_0;  alias, 1 drivers
v0x15b68ab20_0 .net "en", 0 0, v0x15b6989c0_0;  alias, 1 drivers
v0x15b68abb0_0 .net/s "product", 15 0, L_0x15b69a5c0;  1 drivers
v0x15b68ac40_0 .net "reset", 0 0, v0x15b698c80_0;  alias, 1 drivers
L_0x15b69a400 .extend/s 16, L_0x15b69a790;
L_0x15b69a4e0 .extend/s 16, L_0x15b69a840;
L_0x15b69a5c0 .arith/mult 16, L_0x15b69a400, L_0x15b69a4e0;
S_0x15b68ad50 .scope generate, "GEN_COL[2]" "GEN_COL[2]" 4 28, 4 28 0, S_0x15b6885a0;
 .timescale 0 0;
P_0x15b68a3d0 .param/l "j" 1 4 28, +C4<010>;
S_0x15b68af90 .scope generate, "genblk1" "genblk1" 4 31, 4 31 0, S_0x15b68ad50;
 .timescale 0 0;
L_0x15b69ac40 .functor BUFZ 8, v0x15b68a6a0_0, C4<00000000>, C4<00000000>, C4<00000000>;
S_0x15b68b150 .scope generate, "genblk2" "genblk2" 4 37, 4 37 0, S_0x15b68ad50;
 .timescale 0 0;
L_0x15b69acf0 .functor BUFZ 8, v0x15b686f60_0, C4<00000000>, C4<00000000>, C4<00000000>;
S_0x15b68b320 .scope module, "u_pe" "pe" 4 44, 5 1 0, S_0x15b68ad50;
 .timescale 0 0;
    .port_info 0 /INPUT 1 "clk";
    .port_info 1 /INPUT 1 "reset";
    .port_info 2 /INPUT 1 "en";
    .port_info 3 /INPUT 8 "a_in";
    .port_info 4 /INPUT 8 "b_in";
    .port_info 5 /OUTPUT 8 "a_out";
    .port_info 6 /OUTPUT 8 "b_out";
    .port_info 7 /OUTPUT 32 "acc_out";
P_0x15b68b500 .param/l "ACC_W" 0 5 2, +C4<00000000000000000000000000100000>;
v0x15b68b720_0 .net/s *"_ivl_0", 15 0, L_0x15b69a8f0;  1 drivers
v0x15b68b7c0_0 .net/s *"_ivl_2", 15 0, L_0x15b69a9d0;  1 drivers
v0x15b68b860_0 .net/s "a_in", 7 0, L_0x15b69ac40;  alias, 1 drivers
v0x15b68b8f0_0 .var/s "a_out", 7 0;
v0x15b68b980_0 .net/s "acc_out", 31 0, v0x15b68ba50_0;  alias, 1 drivers
v0x15b68ba50_0 .var/s "acc_reg", 31 0;
v0x15b68bb00_0 .net/s "b_in", 7 0, L_0x15b69acf0;  alias, 1 drivers
v0x15b68bbb0_0 .var/s "b_out", 7 0;
v0x15b68bc60_0 .net "clk", 0 0, v0x15b698930_0;  alias, 1 drivers
v0x15b68bd70_0 .net "en", 0 0, v0x15b6989c0_0;  alias, 1 drivers
v0x15b68be00_0 .net/s "product", 15 0, L_0x15b69aab0;  1 drivers
v0x15b68be90_0 .net "reset", 0 0, v0x15b698c80_0;  alias, 1 drivers
L_0x15b69a8f0 .extend/s 16, L_0x15b69ac40;
L_0x15b69a9d0 .extend/s 16, L_0x15b69acf0;
L_0x15b69aab0 .arith/mult 16, L_0x15b69a8f0, L_0x15b69a9d0;
S_0x15b68bfa0 .scope generate, "GEN_COL[3]" "GEN_COL[3]" 4 28, 4 28 0, S_0x15b6885a0;
 .timescale 0 0;
P_0x15b68b620 .param/l "j" 1 4 28, +C4<011>;
S_0x15b68c1d0 .scope generate, "genblk1" "genblk1" 4 31, 4 31 0, S_0x15b68bfa0;
 .timescale 0 0;
L_0x15b69b0f0 .functor BUFZ 8, v0x15b68b8f0_0, C4<00000000>, C4<00000000>, C4<00000000>;
S_0x15b68c390 .scope generate, "genblk2" "genblk2" 4 37, 4 37 0, S_0x15b68bfa0;
 .timescale 0 0;
L_0x15b69b1a0 .functor BUFZ 8, v0x15b6881b0_0, C4<00000000>, C4<00000000>, C4<00000000>;
S_0x15b68c560 .scope module, "u_pe" "pe" 4 44, 5 1 0, S_0x15b68bfa0;
 .timescale 0 0;
    .port_info 0 /INPUT 1 "clk";
    .port_info 1 /INPUT 1 "reset";
    .port_info 2 /INPUT 1 "en";
    .port_info 3 /INPUT 8 "a_in";
    .port_info 4 /INPUT 8 "b_in";
    .port_info 5 /OUTPUT 8 "a_out";
    .port_info 6 /OUTPUT 8 "b_out";
    .port_info 7 /OUTPUT 32 "acc_out";
P_0x15b68c740 .param/l "ACC_W" 0 5 2, +C4<00000000000000000000000000100000>;
v0x15b68c960_0 .net/s *"_ivl_0", 15 0, L_0x15b69ada0;  1 drivers
v0x15b68ca00_0 .net/s *"_ivl_2", 15 0, L_0x15b69ae40;  1 drivers
v0x15b68caa0_0 .net/s "a_in", 7 0, L_0x15b69b0f0;  alias, 1 drivers
v0x15b68cb30_0 .var/s "a_out", 7 0;
v0x15b68cbc0_0 .net/s "acc_out", 31 0, v0x15b68cc90_0;  alias, 1 drivers
v0x15b68cc90_0 .var/s "acc_reg", 31 0;
v0x15b68cd40_0 .net/s "b_in", 7 0, L_0x15b69b1a0;  alias, 1 drivers
v0x15b68cdf0_0 .var/s "b_out", 7 0;
v0x15b68cea0_0 .net "clk", 0 0, v0x15b698930_0;  alias, 1 drivers
v0x15b68cfb0_0 .net "en", 0 0, v0x15b6989c0_0;  alias, 1 drivers
v0x15b68d040_0 .net/s "product", 15 0, L_0x15b69af20;  1 drivers
v0x15b68d0d0_0 .net "reset", 0 0, v0x15b698c80_0;  alias, 1 drivers
L_0x15b69ada0 .extend/s 16, L_0x15b69b0f0;
L_0x15b69ae40 .extend/s 16, L_0x15b69b1a0;
L_0x15b69af20 .arith/mult 16, L_0x15b69ada0, L_0x15b69ae40;
S_0x15b68d1e0 .scope generate, "GEN_ROW[2]" "GEN_ROW[2]" 4 27, 4 27 0, S_0x15b65f330;
 .timescale 0 0;
P_0x15b68c860 .param/l "i" 1 4 27, +C4<010>;
S_0x15b68d420 .scope generate, "GEN_COL[0]" "GEN_COL[0]" 4 28, 4 28 0, S_0x15b68d1e0;
 .timescale 0 0;
P_0x15b68d5f0 .param/l "j" 1 4 28, +C4<00>;
S_0x15b68d690 .scope generate, "genblk1" "genblk1" 4 31, 4 31 0, S_0x15b68d420;
 .timescale 0 0;
L_0x15b69b5a0 .functor BUFZ 8, v0x15b698700_2, C4<00000000>, C4<00000000>, C4<00000000>;
S_0x15b68d850 .scope generate, "genblk2" "genblk2" 4 37, 4 37 0, S_0x15b68d420;
 .timescale 0 0;
L_0x15b69b610 .functor BUFZ 8, v0x15b689660_0, C4<00000000>, C4<00000000>, C4<00000000>;
S_0x15b68da20 .scope module, "u_pe" "pe" 4 44, 5 1 0, S_0x15b68d420;
 .timescale 0 0;
    .port_info 0 /INPUT 1 "clk";
    .port_info 1 /INPUT 1 "reset";
    .port_info 2 /INPUT 1 "en";
    .port_info 3 /INPUT 8 "a_in";
    .port_info 4 /INPUT 8 "b_in";
    .port_info 5 /OUTPUT 8 "a_out";
    .port_info 6 /OUTPUT 8 "b_out";
    .port_info 7 /OUTPUT 32 "acc_out";
P_0x15b68dc00 .param/l "ACC_W" 0 5 2, +C4<00000000000000000000000000100000>;
v0x15b68de20_0 .net/s *"_ivl_0", 15 0, L_0x15b69b250;  1 drivers
v0x15b68dec0_0 .net/s *"_ivl_2", 15 0, L_0x15b69b330;  1 drivers
v0x15b68df60_0 .net/s "a_in", 7 0, L_0x15b69b5a0;  alias, 1 drivers
v0x15b68dff0_0 .var/s "a_out", 7 0;
v0x15b68e080_0 .net/s "acc_out", 31 0, v0x15b68e150_0;  alias, 1 drivers
v0x15b68e150_0 .var/s "acc_reg", 31 0;
v0x15b68e200_0 .net/s "b_in", 7 0, L_0x15b69b610;  alias, 1 drivers
v0x15b68e2b0_0 .var/s "b_out", 7 0;
v0x15b68e360_0 .net "clk", 0 0, v0x15b698930_0;  alias, 1 drivers
v0x15b68e570_0 .net "en", 0 0, v0x15b6989c0_0;  alias, 1 drivers
v0x15b68e700_0 .net/s "product", 15 0, L_0x15b69b410;  1 drivers
v0x15b68e790_0 .net "reset", 0 0, v0x15b698c80_0;  alias, 1 drivers
L_0x15b69b250 .extend/s 16, L_0x15b69b5a0;
L_0x15b69b330 .extend/s 16, L_0x15b69b610;
L_0x15b69b410 .arith/mult 16, L_0x15b69b250, L_0x15b69b330;
S_0x15b68e920 .scope generate, "GEN_COL[1]" "GEN_COL[1]" 4 28, 4 28 0, S_0x15b68d1e0;
 .timescale 0 0;
P_0x15b68dd20 .param/l "j" 1 4 28, +C4<01>;
S_0x15b68ea90 .scope generate, "genblk1" "genblk1" 4 31, 4 31 0, S_0x15b68e920;
 .timescale 0 0;
L_0x15b69ba50 .functor BUFZ 8, v0x15b68dff0_0, C4<00000000>, C4<00000000>, C4<00000000>;
S_0x15b68ec50 .scope generate, "genblk2" "genblk2" 4 37, 4 37 0, S_0x15b68e920;
 .timescale 0 0;
L_0x15b69bb00 .functor BUFZ 8, v0x15b68a960_0, C4<00000000>, C4<00000000>, C4<00000000>;
S_0x15b68ee10 .scope module, "u_pe" "pe" 4 44, 5 1 0, S_0x15b68e920;
 .timescale 0 0;
    .port_info 0 /INPUT 1 "clk";
    .port_info 1 /INPUT 1 "reset";
    .port_info 2 /INPUT 1 "en";
    .port_info 3 /INPUT 8 "a_in";
    .port_info 4 /INPUT 8 "b_in";
    .port_info 5 /OUTPUT 8 "a_out";
    .port_info 6 /OUTPUT 8 "b_out";
    .port_info 7 /OUTPUT 32 "acc_out";
P_0x15b68efd0 .param/l "ACC_W" 0 5 2, +C4<00000000000000000000000000100000>;
v0x15b68f1f0_0 .net/s *"_ivl_0", 15 0, L_0x15b69b6c0;  1 drivers
v0x15b68f280_0 .net/s *"_ivl_2", 15 0, L_0x15b69b7a0;  1 drivers
v0x15b68f320_0 .net/s "a_in", 7 0, L_0x15b69ba50;  alias, 1 drivers
v0x15b68f3b0_0 .var/s "a_out", 7 0;
v0x15b68f440_0 .net/s "acc_out", 31 0, v0x15b68f510_0;  alias, 1 drivers
v0x15b68f510_0 .var/s "acc_reg", 31 0;
v0x15b68f5c0_0 .net/s "b_in", 7 0, L_0x15b69bb00;  alias, 1 drivers
v0x15b68f670_0 .var/s "b_out", 7 0;
v0x15b68f720_0 .net "clk", 0 0, v0x15b698930_0;  alias, 1 drivers
v0x15b68f830_0 .net "en", 0 0, v0x15b6989c0_0;  alias, 1 drivers
v0x15b68f8c0_0 .net/s "product", 15 0, L_0x15b69b880;  1 drivers
v0x15b68f950_0 .net "reset", 0 0, v0x15b698c80_0;  alias, 1 drivers
L_0x15b69b6c0 .extend/s 16, L_0x15b69ba50;
L_0x15b69b7a0 .extend/s 16, L_0x15b69bb00;
L_0x15b69b880 .arith/mult 16, L_0x15b69b6c0, L_0x15b69b7a0;
S_0x15b68fa60 .scope generate, "GEN_COL[2]" "GEN_COL[2]" 4 28, 4 28 0, S_0x15b68d1e0;
 .timescale 0 0;
P_0x15b68f0f0 .param/l "j" 1 4 28, +C4<010>;
S_0x15b68fca0 .scope generate, "genblk1" "genblk1" 4 31, 4 31 0, S_0x15b68fa60;
 .timescale 0 0;
L_0x15b69bf00 .functor BUFZ 8, v0x15b68f3b0_0, C4<00000000>, C4<00000000>, C4<00000000>;
S_0x15b68fe60 .scope generate, "genblk2" "genblk2" 4 37, 4 37 0, S_0x15b68fa60;
 .timescale 0 0;
L_0x15b69bfb0 .functor BUFZ 8, v0x15b68bbb0_0, C4<00000000>, C4<00000000>, C4<00000000>;
S_0x15b690030 .scope module, "u_pe" "pe" 4 44, 5 1 0, S_0x15b68fa60;
 .timescale 0 0;
    .port_info 0 /INPUT 1 "clk";
    .port_info 1 /INPUT 1 "reset";
    .port_info 2 /INPUT 1 "en";
    .port_info 3 /INPUT 8 "a_in";
    .port_info 4 /INPUT 8 "b_in";
    .port_info 5 /OUTPUT 8 "a_out";
    .port_info 6 /OUTPUT 8 "b_out";
    .port_info 7 /OUTPUT 32 "acc_out";
P_0x15b690210 .param/l "ACC_W" 0 5 2, +C4<00000000000000000000000000100000>;
v0x15b690430_0 .net/s *"_ivl_0", 15 0, L_0x15b69bbb0;  1 drivers
v0x15b6904d0_0 .net/s *"_ivl_2", 15 0, L_0x15b69bc90;  1 drivers
v0x15b690570_0 .net/s "a_in", 7 0, L_0x15b69bf00;  alias, 1 drivers
v0x15b690600_0 .var/s "a_out", 7 0;
v0x15b690690_0 .net/s "acc_out", 31 0, v0x15b690760_0;  alias, 1 drivers
v0x15b690760_0 .var/s "acc_reg", 31 0;
v0x15b690810_0 .net/s "b_in", 7 0, L_0x15b69bfb0;  alias, 1 drivers
v0x15b6908c0_0 .var/s "b_out", 7 0;
v0x15b690970_0 .net "clk", 0 0, v0x15b698930_0;  alias, 1 drivers
v0x15b690a80_0 .net "en", 0 0, v0x15b6989c0_0;  alias, 1 drivers
v0x15b690b10_0 .net/s "product", 15 0, L_0x15b69bd70;  1 drivers
v0x15b690ba0_0 .net "reset", 0 0, v0x15b698c80_0;  alias, 1 drivers
L_0x15b69bbb0 .extend/s 16, L_0x15b69bf00;
L_0x15b69bc90 .extend/s 16, L_0x15b69bfb0;
L_0x15b69bd70 .arith/mult 16, L_0x15b69bbb0, L_0x15b69bc90;
S_0x15b690cb0 .scope generate, "GEN_COL[3]" "GEN_COL[3]" 4 28, 4 28 0, S_0x15b68d1e0;
 .timescale 0 0;
P_0x15b690330 .param/l "j" 1 4 28, +C4<011>;
S_0x15b690ee0 .scope generate, "genblk1" "genblk1" 4 31, 4 31 0, S_0x15b690cb0;
 .timescale 0 0;
L_0x15b69c3f0 .functor BUFZ 8, v0x15b690600_0, C4<00000000>, C4<00000000>, C4<00000000>;
S_0x15b6910a0 .scope generate, "genblk2" "genblk2" 4 37, 4 37 0, S_0x15b690cb0;
 .timescale 0 0;
L_0x15b69c4a0 .functor BUFZ 8, v0x15b68cdf0_0, C4<00000000>, C4<00000000>, C4<00000000>;
S_0x15b691270 .scope module, "u_pe" "pe" 4 44, 5 1 0, S_0x15b690cb0;
 .timescale 0 0;
    .port_info 0 /INPUT 1 "clk";
    .port_info 1 /INPUT 1 "reset";
    .port_info 2 /INPUT 1 "en";
    .port_info 3 /INPUT 8 "a_in";
    .port_info 4 /INPUT 8 "b_in";
    .port_info 5 /OUTPUT 8 "a_out";
    .port_info 6 /OUTPUT 8 "b_out";
    .port_info 7 /OUTPUT 32 "acc_out";
P_0x15b691450 .param/l "ACC_W" 0 5 2, +C4<00000000000000000000000000100000>;
v0x15b691670_0 .net/s *"_ivl_0", 15 0, L_0x15b69c060;  1 drivers
v0x15b691710_0 .net/s *"_ivl_2", 15 0, L_0x15b69c140;  1 drivers
v0x15b6917b0_0 .net/s "a_in", 7 0, L_0x15b69c3f0;  alias, 1 drivers
v0x15b691840_0 .var/s "a_out", 7 0;
v0x15b6918d0_0 .net/s "acc_out", 31 0, v0x15b6919a0_0;  alias, 1 drivers
v0x15b6919a0_0 .var/s "acc_reg", 31 0;
v0x15b691a50_0 .net/s "b_in", 7 0, L_0x15b69c4a0;  alias, 1 drivers
v0x15b691b00_0 .var/s "b_out", 7 0;
v0x15b691bb0_0 .net "clk", 0 0, v0x15b698930_0;  alias, 1 drivers
v0x15b691cc0_0 .net "en", 0 0, v0x15b6989c0_0;  alias, 1 drivers
v0x15b691d50_0 .net/s "product", 15 0, L_0x15b69c220;  1 drivers
v0x15b691de0_0 .net "reset", 0 0, v0x15b698c80_0;  alias, 1 drivers
L_0x15b69c060 .extend/s 16, L_0x15b69c3f0;
L_0x15b69c140 .extend/s 16, L_0x15b69c4a0;
L_0x15b69c220 .arith/mult 16, L_0x15b69c060, L_0x15b69c140;
S_0x15b691ef0 .scope generate, "GEN_ROW[3]" "GEN_ROW[3]" 4 27, 4 27 0, S_0x15b65f330;
 .timescale 0 0;
P_0x15b691570 .param/l "i" 1 4 27, +C4<011>;
S_0x15b692120 .scope generate, "GEN_COL[0]" "GEN_COL[0]" 4 28, 4 28 0, S_0x15b691ef0;
 .timescale 0 0;
P_0x15b6922f0 .param/l "j" 1 4 28, +C4<00>;
S_0x15b692390 .scope generate, "genblk1" "genblk1" 4 31, 4 31 0, S_0x15b692120;
 .timescale 0 0;
L_0x15b69c8a0 .functor BUFZ 8, v0x15b698700_3, C4<00000000>, C4<00000000>, C4<00000000>;
S_0x15b692550 .scope generate, "genblk2" "genblk2" 4 37, 4 37 0, S_0x15b692120;
 .timescale 0 0;
L_0x15b69c910 .functor BUFZ 8, v0x15b68e2b0_0, C4<00000000>, C4<00000000>, C4<00000000>;
S_0x15b692720 .scope module, "u_pe" "pe" 4 44, 5 1 0, S_0x15b692120;
 .timescale 0 0;
    .port_info 0 /INPUT 1 "clk";
    .port_info 1 /INPUT 1 "reset";
    .port_info 2 /INPUT 1 "en";
    .port_info 3 /INPUT 8 "a_in";
    .port_info 4 /INPUT 8 "b_in";
    .port_info 5 /OUTPUT 8 "a_out";
    .port_info 6 /OUTPUT 8 "b_out";
    .port_info 7 /OUTPUT 32 "acc_out";
P_0x15b692900 .param/l "ACC_W" 0 5 2, +C4<00000000000000000000000000100000>;
v0x15b692b20_0 .net/s *"_ivl_0", 15 0, L_0x15b69c550;  1 drivers
v0x15b692bc0_0 .net/s *"_ivl_2", 15 0, L_0x15b69c5f0;  1 drivers
v0x15b692c60_0 .net/s "a_in", 7 0, L_0x15b69c8a0;  alias, 1 drivers
v0x15b692cf0_0 .var/s "a_out", 7 0;
v0x15b692d80_0 .net/s "acc_out", 31 0, v0x15b692e50_0;  alias, 1 drivers
v0x15b692e50_0 .var/s "acc_reg", 31 0;
v0x15b692f00_0 .net/s "b_in", 7 0, L_0x15b69c910;  alias, 1 drivers
v0x15b692fb0_0 .var/s "b_out", 7 0;
v0x15b693060_0 .net "clk", 0 0, v0x15b698930_0;  alias, 1 drivers
v0x15b693170_0 .net "en", 0 0, v0x15b6989c0_0;  alias, 1 drivers
v0x15b693200_0 .net/s "product", 15 0, L_0x15b69c6d0;  1 drivers
v0x15b693290_0 .net "reset", 0 0, v0x15b698c80_0;  alias, 1 drivers
L_0x15b69c550 .extend/s 16, L_0x15b69c8a0;
L_0x15b69c5f0 .extend/s 16, L_0x15b69c910;
L_0x15b69c6d0 .arith/mult 16, L_0x15b69c550, L_0x15b69c5f0;
S_0x15b6933a0 .scope generate, "GEN_COL[1]" "GEN_COL[1]" 4 28, 4 28 0, S_0x15b691ef0;
 .timescale 0 0;
P_0x15b692a20 .param/l "j" 1 4 28, +C4<01>;
S_0x15b6935d0 .scope generate, "genblk1" "genblk1" 4 31, 4 31 0, S_0x15b6933a0;
 .timescale 0 0;
L_0x15b69cd10 .functor BUFZ 8, v0x15b692cf0_0, C4<00000000>, C4<00000000>, C4<00000000>;
S_0x15b693790 .scope generate, "genblk2" "genblk2" 4 37, 4 37 0, S_0x15b6933a0;
 .timescale 0 0;
L_0x15b69cdc0 .functor BUFZ 8, v0x15b68f670_0, C4<00000000>, C4<00000000>, C4<00000000>;
S_0x15b693960 .scope module, "u_pe" "pe" 4 44, 5 1 0, S_0x15b6933a0;
 .timescale 0 0;
    .port_info 0 /INPUT 1 "clk";
    .port_info 1 /INPUT 1 "reset";
    .port_info 2 /INPUT 1 "en";
    .port_info 3 /INPUT 8 "a_in";
    .port_info 4 /INPUT 8 "b_in";
    .port_info 5 /OUTPUT 8 "a_out";
    .port_info 6 /OUTPUT 8 "b_out";
    .port_info 7 /OUTPUT 32 "acc_out";
P_0x15b693b40 .param/l "ACC_W" 0 5 2, +C4<00000000000000000000000000100000>;
v0x15b693d60_0 .net/s *"_ivl_0", 15 0, L_0x15b69c9c0;  1 drivers
v0x15b693e00_0 .net/s *"_ivl_2", 15 0, L_0x15b69caa0;  1 drivers
v0x15b693ea0_0 .net/s "a_in", 7 0, L_0x15b69cd10;  alias, 1 drivers
v0x15b693f30_0 .var/s "a_out", 7 0;
v0x15b693fc0_0 .net/s "acc_out", 31 0, v0x15b694090_0;  alias, 1 drivers
v0x15b694090_0 .var/s "acc_reg", 31 0;
v0x15b694140_0 .net/s "b_in", 7 0, L_0x15b69cdc0;  alias, 1 drivers
v0x15b6941f0_0 .var/s "b_out", 7 0;
v0x15b6942a0_0 .net "clk", 0 0, v0x15b698930_0;  alias, 1 drivers
v0x15b6943b0_0 .net "en", 0 0, v0x15b6989c0_0;  alias, 1 drivers
v0x15b694440_0 .net/s "product", 15 0, L_0x15b69cb80;  1 drivers
v0x15b6944d0_0 .net "reset", 0 0, v0x15b698c80_0;  alias, 1 drivers
L_0x15b69c9c0 .extend/s 16, L_0x15b69cd10;
L_0x15b69caa0 .extend/s 16, L_0x15b69cdc0;
L_0x15b69cb80 .arith/mult 16, L_0x15b69c9c0, L_0x15b69caa0;
S_0x15b6945e0 .scope generate, "GEN_COL[2]" "GEN_COL[2]" 4 28, 4 28 0, S_0x15b691ef0;
 .timescale 0 0;
P_0x15b693c60 .param/l "j" 1 4 28, +C4<010>;
S_0x15b694820 .scope generate, "genblk1" "genblk1" 4 31, 4 31 0, S_0x15b6945e0;
 .timescale 0 0;
L_0x15b69d200 .functor BUFZ 8, v0x15b693f30_0, C4<00000000>, C4<00000000>, C4<00000000>;
S_0x15b6949e0 .scope generate, "genblk2" "genblk2" 4 37, 4 37 0, S_0x15b6945e0;
 .timescale 0 0;
L_0x15b69d2b0 .functor BUFZ 8, v0x15b6908c0_0, C4<00000000>, C4<00000000>, C4<00000000>;
S_0x15b694bb0 .scope module, "u_pe" "pe" 4 44, 5 1 0, S_0x15b6945e0;
 .timescale 0 0;
    .port_info 0 /INPUT 1 "clk";
    .port_info 1 /INPUT 1 "reset";
    .port_info 2 /INPUT 1 "en";
    .port_info 3 /INPUT 8 "a_in";
    .port_info 4 /INPUT 8 "b_in";
    .port_info 5 /OUTPUT 8 "a_out";
    .port_info 6 /OUTPUT 8 "b_out";
    .port_info 7 /OUTPUT 32 "acc_out";
P_0x15b694d90 .param/l "ACC_W" 0 5 2, +C4<00000000000000000000000000100000>;
v0x15b694fb0_0 .net/s *"_ivl_0", 15 0, L_0x15b69ce70;  1 drivers
v0x15b695050_0 .net/s *"_ivl_2", 15 0, L_0x15b69cf50;  1 drivers
v0x15b6950f0_0 .net/s "a_in", 7 0, L_0x15b69d200;  alias, 1 drivers
v0x15b695180_0 .var/s "a_out", 7 0;
v0x15b695210_0 .net/s "acc_out", 31 0, v0x15b6952e0_0;  alias, 1 drivers
v0x15b6952e0_0 .var/s "acc_reg", 31 0;
v0x15b695390_0 .net/s "b_in", 7 0, L_0x15b69d2b0;  alias, 1 drivers
v0x15b695440_0 .var/s "b_out", 7 0;
v0x15b6954f0_0 .net "clk", 0 0, v0x15b698930_0;  alias, 1 drivers
v0x15b695600_0 .net "en", 0 0, v0x15b6989c0_0;  alias, 1 drivers
v0x15b695690_0 .net/s "product", 15 0, L_0x15b69d030;  1 drivers
v0x15b695720_0 .net "reset", 0 0, v0x15b698c80_0;  alias, 1 drivers
L_0x15b69ce70 .extend/s 16, L_0x15b69d200;
L_0x15b69cf50 .extend/s 16, L_0x15b69d2b0;
L_0x15b69d030 .arith/mult 16, L_0x15b69ce70, L_0x15b69cf50;
S_0x15b695830 .scope generate, "GEN_COL[3]" "GEN_COL[3]" 4 28, 4 28 0, S_0x15b691ef0;
 .timescale 0 0;
P_0x15b694eb0 .param/l "j" 1 4 28, +C4<011>;
S_0x15b695a60 .scope generate, "genblk1" "genblk1" 4 31, 4 31 0, S_0x15b695830;
 .timescale 0 0;
L_0x15b69d6b0 .functor BUFZ 8, v0x15b695180_0, C4<00000000>, C4<00000000>, C4<00000000>;
S_0x15b695c20 .scope generate, "genblk2" "genblk2" 4 37, 4 37 0, S_0x15b695830;
 .timescale 0 0;
L_0x15b69d760 .functor BUFZ 8, v0x15b691b00_0, C4<00000000>, C4<00000000>, C4<00000000>;
S_0x15b695df0 .scope module, "u_pe" "pe" 4 44, 5 1 0, S_0x15b695830;
 .timescale 0 0;
    .port_info 0 /INPUT 1 "clk";
    .port_info 1 /INPUT 1 "reset";
    .port_info 2 /INPUT 1 "en";
    .port_info 3 /INPUT 8 "a_in";
    .port_info 4 /INPUT 8 "b_in";
    .port_info 5 /OUTPUT 8 "a_out";
    .port_info 6 /OUTPUT 8 "b_out";
    .port_info 7 /OUTPUT 32 "acc_out";
P_0x15b695fd0 .param/l "ACC_W" 0 5 2, +C4<00000000000000000000000000100000>;
v0x15b6961f0_0 .net/s *"_ivl_0", 15 0, L_0x15b69d360;  1 drivers
v0x15b696290_0 .net/s *"_ivl_2", 15 0, L_0x15b69d440;  1 drivers
v0x15b696330_0 .net/s "a_in", 7 0, L_0x15b69d6b0;  alias, 1 drivers
v0x15b6963c0_0 .var/s "a_out", 7 0;
v0x15b696450_0 .net/s "acc_out", 31 0, v0x15b696520_0;  alias, 1 drivers
v0x15b696520_0 .var/s "acc_reg", 31 0;
v0x15b6965d0_0 .net/s "b_in", 7 0, L_0x15b69d760;  alias, 1 drivers
v0x15b696680_0 .var/s "b_out", 7 0;
v0x15b696730_0 .net "clk", 0 0, v0x15b698930_0;  alias, 1 drivers
v0x15b696840_0 .net "en", 0 0, v0x15b6989c0_0;  alias, 1 drivers
v0x15b6968d0_0 .net/s "product", 15 0, L_0x15b69d520;  1 drivers
v0x15b696960_0 .net "reset", 0 0, v0x15b698c80_0;  alias, 1 drivers
L_0x15b69d360 .extend/s 16, L_0x15b69d6b0;
L_0x15b69d440 .extend/s 16, L_0x15b69d760;
L_0x15b69d520 .arith/mult 16, L_0x15b69d360, L_0x15b69d440;
S_0x15b698230 .scope task, "inject_time" "inject_time" 3 71, 3 71 0, S_0x15b67e130;
 .timescale -9 -12;
v0x15b68e820_0 .var/2s "ii", 31 0;
v0x15b6983a0_0 .var/2s "jj", 31 0;
v0x15b698430_0 .var/2s "kk", 31 0;
v0x15b6984c0_0 .var/2s "t", 31 0;
TD_tb_sa4x4.inject_time ;
    %pushi/vec4 0, 0, 32;
    %store/vec4 v0x15b68e820_0, 0, 32;
T_2.12 ;
    %load/vec4 v0x15b68e820_0;
    %cmpi/s 4, 0, 32;
    %jmp/0xz T_2.13, 5;
    %load/vec4 v0x15b6984c0_0;
    %load/vec4 v0x15b68e820_0;
    %sub;
    %cast2;
    %store/vec4 v0x15b698430_0, 0, 32;
    %load/vec4 v0x15b698430_0;
    %cmpi/s 0, 0, 32;
    %flag_inv 5; GE is !LT
    %flag_get/vec4 5;
    %jmp/0 T_2.16, 5;
    %load/vec4 v0x15b698430_0;
    %cmpi/s 4, 0, 32;
    %flag_get/vec4 5;
    %and;
T_2.16;
    %flag_set/vec4 8;
    %jmp/0xz  T_2.14, 8;
    %load/vec4 v0x15b68e820_0;
    %pad/s 35;
    %pad/s 37;
    %muli 4, 0, 37;
    %pad/s 38;
    %load/vec4 v0x15b698430_0;
    %pad/s 38;
    %add;
    %ix/vec4/s 4;
    %load/vec4a v0x15b698550, 4;
    %ix/getv/s 4, v0x15b68e820_0;
    %store/vec4a v0x15b698700, 4, 0;
    %jmp T_2.15;
T_2.14 ;
    %pushi/vec4 0, 0, 8;
    %ix/getv/s 4, v0x15b68e820_0;
    %store/vec4a v0x15b698700, 4, 0;
T_2.15 ;
    ; show_stmt_assign_vector: Get l-value for compressed += operand
    %load/vec4 v0x15b68e820_0;
    %pushi/vec4 1, 0, 32;
    %add;
    %cast2;
    %store/vec4 v0x15b68e820_0, 0, 32;
    %jmp T_2.12;
T_2.13 ;
    %pushi/vec4 0, 0, 32;
    %store/vec4 v0x15b6983a0_0, 0, 32;
T_2.17 ;
    %load/vec4 v0x15b6983a0_0;
    %cmpi/s 4, 0, 32;
    %jmp/0xz T_2.18, 5;
    %load/vec4 v0x15b6984c0_0;
    %load/vec4 v0x15b6983a0_0;
    %sub;
    %cast2;
    %store/vec4 v0x15b698430_0, 0, 32;
    %load/vec4 v0x15b698430_0;
    %cmpi/s 0, 0, 32;
    %flag_inv 5; GE is !LT
    %flag_get/vec4 5;
    %jmp/0 T_2.21, 5;
    %load/vec4 v0x15b698430_0;
    %cmpi/s 4, 0, 32;
    %flag_get/vec4 5;
    %and;
T_2.21;
    %flag_set/vec4 8;
    %jmp/0xz  T_2.19, 8;
    %load/vec4 v0x15b698430_0;
    %pad/s 35;
    %pad/s 37;
    %muli 4, 0, 37;
    %pad/s 38;
    %load/vec4 v0x15b6983a0_0;
    %pad/s 38;
    %add;
    %ix/vec4/s 4;
    %load/vec4a v0x15b6985e0, 4;
    %ix/getv/s 4, v0x15b6983a0_0;
    %store/vec4a v0x15b698790, 4, 0;
    %jmp T_2.20;
T_2.19 ;
    %pushi/vec4 0, 0, 8;
    %ix/getv/s 4, v0x15b6983a0_0;
    %store/vec4a v0x15b698790, 4, 0;
T_2.20 ;
    ; show_stmt_assign_vector: Get l-value for compressed += operand
    %load/vec4 v0x15b6983a0_0;
    %pushi/vec4 1, 0, 32;
    %add;
    %cast2;
    %store/vec4 v0x15b6983a0_0, 0, 32;
    %jmp T_2.17;
T_2.18 ;
    %wait E_0x15b651600;
    %delay 1000, 0;
    %end;
    .scope S_0x15b651860;
T_3 ;
    %wait E_0x15b651600;
    %load/vec4 v0x15b6812c0_0;
    %flag_set/vec4 8;
    %jmp/0xz  T_3.0, 8;
    %pushi/vec4 0, 0, 32;
    %assign/vec4 v0x15b649aa0_0, 0;
    %pushi/vec4 0, 0, 8;
    %assign/vec4 v0x15b649e40_0, 0;
    %pushi/vec4 0, 0, 8;
    %assign/vec4 v0x15b64d440_0, 0;
    %jmp T_3.1;
T_3.0 ;
    %load/vec4 v0x15b64cda0_0;
    %flag_set/vec4 8;
    %jmp/0xz  T_3.2, 8;
    %load/vec4 v0x15b64ddc0_0;
    %assign/vec4 v0x15b649e40_0, 0;
    %load/vec4 v0x15b649b30_0;
    %assign/vec4 v0x15b64d440_0, 0;
    %load/vec4 v0x15b649aa0_0;
    %load/vec4 v0x15b64ce30_0;
    %parti/s 1, 15, 5;
    %replicate 16;
    %load/vec4 v0x15b64ce30_0;
    %concat/vec4; draw_concat_vec4
    %add;
    %assign/vec4 v0x15b649aa0_0, 0;
T_3.2 ;
T_3.1 ;
    %jmp T_3;
    .thread T_3;
    .scope S_0x15b66fb20;
T_4 ;
    %wait E_0x15b651600;
    %load/vec4 v0x15b676a40_0;
    %flag_set/vec4 8;
    %jmp/0xz  T_4.0, 8;
    %pushi/vec4 0, 0, 32;
    %assign/vec4 v0x15b657500_0, 0;
    %pushi/vec4 0, 0, 8;
    %assign/vec4 v0x15b661be0_0, 0;
    %pushi/vec4 0, 0, 8;
    %assign/vec4 v0x15b653d70_0, 0;
    %jmp T_4.1;
T_4.0 ;
    %load/vec4 v0x15b6505e0_0;
    %flag_set/vec4 8;
    %jmp/0xz  T_4.2, 8;
    %load/vec4 v0x15b665430_0;
    %assign/vec4 v0x15b661be0_0, 0;
    %load/vec4 v0x15b657590_0;
    %assign/vec4 v0x15b653d70_0, 0;
    %load/vec4 v0x15b657500_0;
    %load/vec4 v0x15b650670_0;
    %parti/s 1, 15, 5;
    %replicate 16;
    %load/vec4 v0x15b650670_0;
    %concat/vec4; draw_concat_vec4
    %add;
    %assign/vec4 v0x15b657500_0, 0;
T_4.2 ;
T_4.1 ;
    %jmp T_4;
    .thread T_4;
    .scope S_0x15b60c020;
T_5 ;
    %wait E_0x15b651600;
    %load/vec4 v0x15b687260_0;
    %flag_set/vec4 8;
    %jmp/0xz  T_5.0, 8;
    %pushi/vec4 0, 0, 32;
    %assign/vec4 v0x15b608510_0, 0;
    %pushi/vec4 0, 0, 8;
    %assign/vec4 v0x15b6083f0_0, 0;
    %pushi/vec4 0, 0, 8;
    %assign/vec4 v0x15b686f60_0, 0;
    %jmp T_5.1;
T_5.0 ;
    %load/vec4 v0x15b687100_0;
    %flag_set/vec4 8;
    %jmp/0xz  T_5.2, 8;
    %load/vec4 v0x15b608360_0;
    %assign/vec4 v0x15b6083f0_0, 0;
    %load/vec4 v0x15b686ed0_0;
    %assign/vec4 v0x15b686f60_0, 0;
    %load/vec4 v0x15b608510_0;
    %load/vec4 v0x15b6871d0_0;
    %parti/s 1, 15, 5;
    %replicate 16;
    %load/vec4 v0x15b6871d0_0;
    %concat/vec4; draw_concat_vec4
    %add;
    %assign/vec4 v0x15b608510_0, 0;
T_5.2 ;
T_5.1 ;
    %jmp T_5;
    .thread T_5;
    .scope S_0x15b687920;
T_6 ;
    %wait E_0x15b651600;
    %load/vec4 v0x15b688490_0;
    %flag_set/vec4 8;
    %jmp/0xz  T_6.0, 8;
    %pushi/vec4 0, 0, 32;
    %assign/vec4 v0x15b688050_0, 0;
    %pushi/vec4 0, 0, 8;
    %assign/vec4 v0x15b687ef0_0, 0;
    %pushi/vec4 0, 0, 8;
    %assign/vec4 v0x15b6881b0_0, 0;
    %jmp T_6.1;
T_6.0 ;
    %load/vec4 v0x15b688370_0;
    %flag_set/vec4 8;
    %jmp/0xz  T_6.2, 8;
    %load/vec4 v0x15b687e60_0;
    %assign/vec4 v0x15b687ef0_0, 0;
    %load/vec4 v0x15b688100_0;
    %assign/vec4 v0x15b6881b0_0, 0;
    %load/vec4 v0x15b688050_0;
    %load/vec4 v0x15b688400_0;
    %parti/s 1, 15, 5;
    %replicate 16;
    %load/vec4 v0x15b688400_0;
    %concat/vec4; draw_concat_vec4
    %add;
    %assign/vec4 v0x15b688050_0, 0;
T_6.2 ;
T_6.1 ;
    %jmp T_6;
    .thread T_6;
    .scope S_0x15b688dd0;
T_7 ;
    %wait E_0x15b651600;
    %load/vec4 v0x15b689a40_0;
    %flag_set/vec4 8;
    %jmp/0xz  T_7.0, 8;
    %pushi/vec4 0, 0, 32;
    %assign/vec4 v0x15b689500_0, 0;
    %pushi/vec4 0, 0, 8;
    %assign/vec4 v0x15b6893a0_0, 0;
    %pushi/vec4 0, 0, 8;
    %assign/vec4 v0x15b689660_0, 0;
    %jmp T_7.1;
T_7.0 ;
    %load/vec4 v0x15b6898a0_0;
    %flag_set/vec4 8;
    %jmp/0xz  T_7.2, 8;
    %load/vec4 v0x15b689310_0;
    %assign/vec4 v0x15b6893a0_0, 0;
    %load/vec4 v0x15b6895b0_0;
    %assign/vec4 v0x15b689660_0, 0;
    %load/vec4 v0x15b689500_0;
    %load/vec4 v0x15b6899b0_0;
    %parti/s 1, 15, 5;
    %replicate 16;
    %load/vec4 v0x15b6899b0_0;
    %concat/vec4; draw_concat_vec4
    %add;
    %assign/vec4 v0x15b689500_0, 0;
T_7.2 ;
T_7.1 ;
    %jmp T_7;
    .thread T_7;
    .scope S_0x15b68a0d0;
T_8 ;
    %wait E_0x15b651600;
    %load/vec4 v0x15b68ac40_0;
    %flag_set/vec4 8;
    %jmp/0xz  T_8.0, 8;
    %pushi/vec4 0, 0, 32;
    %assign/vec4 v0x15b68a800_0, 0;
    %pushi/vec4 0, 0, 8;
    %assign/vec4 v0x15b68a6a0_0, 0;
    %pushi/vec4 0, 0, 8;
    %assign/vec4 v0x15b68a960_0, 0;
    %jmp T_8.1;
T_8.0 ;
    %load/vec4 v0x15b68ab20_0;
    %flag_set/vec4 8;
    %jmp/0xz  T_8.2, 8;
    %load/vec4 v0x15b68a610_0;
    %assign/vec4 v0x15b68a6a0_0, 0;
    %load/vec4 v0x15b68a8b0_0;
    %assign/vec4 v0x15b68a960_0, 0;
    %load/vec4 v0x15b68a800_0;
    %load/vec4 v0x15b68abb0_0;
    %parti/s 1, 15, 5;
    %replicate 16;
    %load/vec4 v0x15b68abb0_0;
    %concat/vec4; draw_concat_vec4
    %add;
    %assign/vec4 v0x15b68a800_0, 0;
T_8.2 ;
T_8.1 ;
    %jmp T_8;
    .thread T_8;
    .scope S_0x15b68b320;
T_9 ;
    %wait E_0x15b651600;
    %load/vec4 v0x15b68be90_0;
    %flag_set/vec4 8;
    %jmp/0xz  T_9.0, 8;
    %pushi/vec4 0, 0, 32;
    %assign/vec4 v0x15b68ba50_0, 0;
    %pushi/vec4 0, 0, 8;
    %assign/vec4 v0x15b68b8f0_0, 0;
    %pushi/vec4 0, 0, 8;
    %assign/vec4 v0x15b68bbb0_0, 0;
    %jmp T_9.1;
T_9.0 ;
    %load/vec4 v0x15b68bd70_0;
    %flag_set/vec4 8;
    %jmp/0xz  T_9.2, 8;
    %load/vec4 v0x15b68b860_0;
    %assign/vec4 v0x15b68b8f0_0, 0;
    %load/vec4 v0x15b68bb00_0;
    %assign/vec4 v0x15b68bbb0_0, 0;
    %load/vec4 v0x15b68ba50_0;
    %load/vec4 v0x15b68be00_0;
    %parti/s 1, 15, 5;
    %replicate 16;
    %load/vec4 v0x15b68be00_0;
    %concat/vec4; draw_concat_vec4
    %add;
    %assign/vec4 v0x15b68ba50_0, 0;
T_9.2 ;
T_9.1 ;
    %jmp T_9;
    .thread T_9;
    .scope S_0x15b68c560;
T_10 ;
    %wait E_0x15b651600;
    %load/vec4 v0x15b68d0d0_0;
    %flag_set/vec4 8;
    %jmp/0xz  T_10.0, 8;
    %pushi/vec4 0, 0, 32;
    %assign/vec4 v0x15b68cc90_0, 0;
    %pushi/vec4 0, 0, 8;
    %assign/vec4 v0x15b68cb30_0, 0;
    %pushi/vec4 0, 0, 8;
    %assign/vec4 v0x15b68cdf0_0, 0;
    %jmp T_10.1;
T_10.0 ;
    %load/vec4 v0x15b68cfb0_0;
    %flag_set/vec4 8;
    %jmp/0xz  T_10.2, 8;
    %load/vec4 v0x15b68caa0_0;
    %assign/vec4 v0x15b68cb30_0, 0;
    %load/vec4 v0x15b68cd40_0;
    %assign/vec4 v0x15b68cdf0_0, 0;
    %load/vec4 v0x15b68cc90_0;
    %load/vec4 v0x15b68d040_0;
    %parti/s 1, 15, 5;
    %replicate 16;
    %load/vec4 v0x15b68d040_0;
    %concat/vec4; draw_concat_vec4
    %add;
    %assign/vec4 v0x15b68cc90_0, 0;
T_10.2 ;
T_10.1 ;
    %jmp T_10;
    .thread T_10;
    .scope S_0x15b68da20;
T_11 ;
    %wait E_0x15b651600;
    %load/vec4 v0x15b68e790_0;
    %flag_set/vec4 8;
    %jmp/0xz  T_11.0, 8;
    %pushi/vec4 0, 0, 32;
    %assign/vec4 v0x15b68e150_0, 0;
    %pushi/vec4 0, 0, 8;
    %assign/vec4 v0x15b68dff0_0, 0;
    %pushi/vec4 0, 0, 8;
    %assign/vec4 v0x15b68e2b0_0, 0;
    %jmp T_11.1;
T_11.0 ;
    %load/vec4 v0x15b68e570_0;
    %flag_set/vec4 8;
    %jmp/0xz  T_11.2, 8;
    %load/vec4 v0x15b68df60_0;
    %assign/vec4 v0x15b68dff0_0, 0;
    %load/vec4 v0x15b68e200_0;
    %assign/vec4 v0x15b68e2b0_0, 0;
    %load/vec4 v0x15b68e150_0;
    %load/vec4 v0x15b68e700_0;
    %parti/s 1, 15, 5;
    %replicate 16;
    %load/vec4 v0x15b68e700_0;
    %concat/vec4; draw_concat_vec4
    %add;
    %assign/vec4 v0x15b68e150_0, 0;
T_11.2 ;
T_11.1 ;
    %jmp T_11;
    .thread T_11;
    .scope S_0x15b68ee10;
T_12 ;
    %wait E_0x15b651600;
    %load/vec4 v0x15b68f950_0;
    %flag_set/vec4 8;
    %jmp/0xz  T_12.0, 8;
    %pushi/vec4 0, 0, 32;
    %assign/vec4 v0x15b68f510_0, 0;
    %pushi/vec4 0, 0, 8;
    %assign/vec4 v0x15b68f3b0_0, 0;
    %pushi/vec4 0, 0, 8;
    %assign/vec4 v0x15b68f670_0, 0;
    %jmp T_12.1;
T_12.0 ;
    %load/vec4 v0x15b68f830_0;
    %flag_set/vec4 8;
    %jmp/0xz  T_12.2, 8;
    %load/vec4 v0x15b68f320_0;
    %assign/vec4 v0x15b68f3b0_0, 0;
    %load/vec4 v0x15b68f5c0_0;
    %assign/vec4 v0x15b68f670_0, 0;
    %load/vec4 v0x15b68f510_0;
    %load/vec4 v0x15b68f8c0_0;
    %parti/s 1, 15, 5;
    %replicate 16;
    %load/vec4 v0x15b68f8c0_0;
    %concat/vec4; draw_concat_vec4
    %add;
    %assign/vec4 v0x15b68f510_0, 0;
T_12.2 ;
T_12.1 ;
    %jmp T_12;
    .thread T_12;
    .scope S_0x15b690030;
T_13 ;
    %wait E_0x15b651600;
    %load/vec4 v0x15b690ba0_0;
    %flag_set/vec4 8;
    %jmp/0xz  T_13.0, 8;
    %pushi/vec4 0, 0, 32;
    %assign/vec4 v0x15b690760_0, 0;
    %pushi/vec4 0, 0, 8;
    %assign/vec4 v0x15b690600_0, 0;
    %pushi/vec4 0, 0, 8;
    %assign/vec4 v0x15b6908c0_0, 0;
    %jmp T_13.1;
T_13.0 ;
    %load/vec4 v0x15b690a80_0;
    %flag_set/vec4 8;
    %jmp/0xz  T_13.2, 8;
    %load/vec4 v0x15b690570_0;
    %assign/vec4 v0x15b690600_0, 0;
    %load/vec4 v0x15b690810_0;
    %assign/vec4 v0x15b6908c0_0, 0;
    %load/vec4 v0x15b690760_0;
    %load/vec4 v0x15b690b10_0;
    %parti/s 1, 15, 5;
    %replicate 16;
    %load/vec4 v0x15b690b10_0;
    %concat/vec4; draw_concat_vec4
    %add;
    %assign/vec4 v0x15b690760_0, 0;
T_13.2 ;
T_13.1 ;
    %jmp T_13;
    .thread T_13;
    .scope S_0x15b691270;
T_14 ;
    %wait E_0x15b651600;
    %load/vec4 v0x15b691de0_0;
    %flag_set/vec4 8;
    %jmp/0xz  T_14.0, 8;
    %pushi/vec4 0, 0, 32;
    %assign/vec4 v0x15b6919a0_0, 0;
    %pushi/vec4 0, 0, 8;
    %assign/vec4 v0x15b691840_0, 0;
    %pushi/vec4 0, 0, 8;
    %assign/vec4 v0x15b691b00_0, 0;
    %jmp T_14.1;
T_14.0 ;
    %load/vec4 v0x15b691cc0_0;
    %flag_set/vec4 8;
    %jmp/0xz  T_14.2, 8;
    %load/vec4 v0x15b6917b0_0;
    %assign/vec4 v0x15b691840_0, 0;
    %load/vec4 v0x15b691a50_0;
    %assign/vec4 v0x15b691b00_0, 0;
    %load/vec4 v0x15b6919a0_0;
    %load/vec4 v0x15b691d50_0;
    %parti/s 1, 15, 5;
    %replicate 16;
    %load/vec4 v0x15b691d50_0;
    %concat/vec4; draw_concat_vec4
    %add;
    %assign/vec4 v0x15b6919a0_0, 0;
T_14.2 ;
T_14.1 ;
    %jmp T_14;
    .thread T_14;
    .scope S_0x15b692720;
T_15 ;
    %wait E_0x15b651600;
    %load/vec4 v0x15b693290_0;
    %flag_set/vec4 8;
    %jmp/0xz  T_15.0, 8;
    %pushi/vec4 0, 0, 32;
    %assign/vec4 v0x15b692e50_0, 0;
    %pushi/vec4 0, 0, 8;
    %assign/vec4 v0x15b692cf0_0, 0;
    %pushi/vec4 0, 0, 8;
    %assign/vec4 v0x15b692fb0_0, 0;
    %jmp T_15.1;
T_15.0 ;
    %load/vec4 v0x15b693170_0;
    %flag_set/vec4 8;
    %jmp/0xz  T_15.2, 8;
    %load/vec4 v0x15b692c60_0;
    %assign/vec4 v0x15b692cf0_0, 0;
    %load/vec4 v0x15b692f00_0;
    %assign/vec4 v0x15b692fb0_0, 0;
    %load/vec4 v0x15b692e50_0;
    %load/vec4 v0x15b693200_0;
    %parti/s 1, 15, 5;
    %replicate 16;
    %load/vec4 v0x15b693200_0;
    %concat/vec4; draw_concat_vec4
    %add;
    %assign/vec4 v0x15b692e50_0, 0;
T_15.2 ;
T_15.1 ;
    %jmp T_15;
    .thread T_15;
    .scope S_0x15b693960;
T_16 ;
    %wait E_0x15b651600;
    %load/vec4 v0x15b6944d0_0;
    %flag_set/vec4 8;
    %jmp/0xz  T_16.0, 8;
    %pushi/vec4 0, 0, 32;
    %assign/vec4 v0x15b694090_0, 0;
    %pushi/vec4 0, 0, 8;
    %assign/vec4 v0x15b693f30_0, 0;
    %pushi/vec4 0, 0, 8;
    %assign/vec4 v0x15b6941f0_0, 0;
    %jmp T_16.1;
T_16.0 ;
    %load/vec4 v0x15b6943b0_0;
    %flag_set/vec4 8;
    %jmp/0xz  T_16.2, 8;
    %load/vec4 v0x15b693ea0_0;
    %assign/vec4 v0x15b693f30_0, 0;
    %load/vec4 v0x15b694140_0;
    %assign/vec4 v0x15b6941f0_0, 0;
    %load/vec4 v0x15b694090_0;
    %load/vec4 v0x15b694440_0;
    %parti/s 1, 15, 5;
    %replicate 16;
    %load/vec4 v0x15b694440_0;
    %concat/vec4; draw_concat_vec4
    %add;
    %assign/vec4 v0x15b694090_0, 0;
T_16.2 ;
T_16.1 ;
    %jmp T_16;
    .thread T_16;
    .scope S_0x15b694bb0;
T_17 ;
    %wait E_0x15b651600;
    %load/vec4 v0x15b695720_0;
    %flag_set/vec4 8;
    %jmp/0xz  T_17.0, 8;
    %pushi/vec4 0, 0, 32;
    %assign/vec4 v0x15b6952e0_0, 0;
    %pushi/vec4 0, 0, 8;
    %assign/vec4 v0x15b695180_0, 0;
    %pushi/vec4 0, 0, 8;
    %assign/vec4 v0x15b695440_0, 0;
    %jmp T_17.1;
T_17.0 ;
    %load/vec4 v0x15b695600_0;
    %flag_set/vec4 8;
    %jmp/0xz  T_17.2, 8;
    %load/vec4 v0x15b6950f0_0;
    %assign/vec4 v0x15b695180_0, 0;
    %load/vec4 v0x15b695390_0;
    %assign/vec4 v0x15b695440_0, 0;
    %load/vec4 v0x15b6952e0_0;
    %load/vec4 v0x15b695690_0;
    %parti/s 1, 15, 5;
    %replicate 16;
    %load/vec4 v0x15b695690_0;
    %concat/vec4; draw_concat_vec4
    %add;
    %assign/vec4 v0x15b6952e0_0, 0;
T_17.2 ;
T_17.1 ;
    %jmp T_17;
    .thread T_17;
    .scope S_0x15b695df0;
T_18 ;
    %wait E_0x15b651600;
    %load/vec4 v0x15b696960_0;
    %flag_set/vec4 8;
    %jmp/0xz  T_18.0, 8;
    %pushi/vec4 0, 0, 32;
    %assign/vec4 v0x15b696520_0, 0;
    %pushi/vec4 0, 0, 8;
    %assign/vec4 v0x15b6963c0_0, 0;
    %pushi/vec4 0, 0, 8;
    %assign/vec4 v0x15b696680_0, 0;
    %jmp T_18.1;
T_18.0 ;
    %load/vec4 v0x15b696840_0;
    %flag_set/vec4 8;
    %jmp/0xz  T_18.2, 8;
    %load/vec4 v0x15b696330_0;
    %assign/vec4 v0x15b6963c0_0, 0;
    %load/vec4 v0x15b6965d0_0;
    %assign/vec4 v0x15b696680_0, 0;
    %load/vec4 v0x15b696520_0;
    %load/vec4 v0x15b6968d0_0;
    %parti/s 1, 15, 5;
    %replicate 16;
    %load/vec4 v0x15b6968d0_0;
    %concat/vec4; draw_concat_vec4
    %add;
    %assign/vec4 v0x15b696520_0, 0;
T_18.2 ;
T_18.1 ;
    %jmp T_18;
    .thread T_18;
    .scope S_0x15b67e130;
T_19 ;
    %delay 5000, 0;
    %load/vec4 v0x15b698930_0;
    %inv;
    %store/vec4 v0x15b698930_0, 0, 1;
    %jmp T_19;
    .thread T_19;
    .scope S_0x15b67e130;
T_20 ;
    %vpi_call/w 3 115 "$dumpfile", "sim/sa4x4.vcd" {0 0 0};
    %vpi_call/w 3 116 "$dumpvars", 32'sb00000000000000000000000000000000, S_0x15b67e130 {0 0 0};
    %pushi/vec4 0, 0, 1;
    %store/vec4 v0x15b698930_0, 0, 1;
    %pushi/vec4 1, 0, 1;
    %store/vec4 v0x15b698c80_0, 0, 1;
    %pushi/vec4 0, 0, 1;
    %store/vec4 v0x15b6989c0_0, 0, 1;
    %pushi/vec4 0, 0, 32;
    %store/vec4 v0x15b698a50_0, 0, 32;
T_20.0 ;
    %load/vec4 v0x15b698a50_0;
    %cmpi/s 4, 0, 32;
    %jmp/0xz T_20.1, 5;
    %pushi/vec4 0, 0, 8;
    %ix/getv/s 4, v0x15b698a50_0;
    %store/vec4a v0x15b698700, 4, 0;
    %pushi/vec4 0, 0, 8;
    %ix/getv/s 4, v0x15b698a50_0;
    %store/vec4a v0x15b698790, 4, 0;
    ; show_stmt_assign_vector: Get l-value for compressed += operand
    %load/vec4 v0x15b698a50_0;
    %pushi/vec4 1, 0, 32;
    %add;
    %store/vec4 v0x15b698a50_0, 0, 32;
    %jmp T_20.0;
T_20.1 ;
    %pushi/vec4 0, 0, 32;
    %store/vec4 v0x15b698a50_0, 0, 32;
T_20.2 ;
    %load/vec4 v0x15b698a50_0;
    %cmpi/s 4, 0, 32;
    %jmp/0xz T_20.3, 5;
    %pushi/vec4 0, 0, 32;
    %store/vec4 v0x15b698b60_0, 0, 32;
T_20.4 ;
    %load/vec4 v0x15b698b60_0;
    %cmpi/s 4, 0, 32;
    %jmp/0xz T_20.5, 5;
    %load/vec4 v0x15b698a50_0;
    %muli 4, 0, 32;
    %load/vec4 v0x15b698b60_0;
    %add;
    %addi 1, 0, 32;
    %pad/s 8;
    %load/vec4 v0x15b698a50_0;
    %pad/s 35;
    %pad/s 37;
    %muli 4, 0, 37;
    %pad/s 38;
    %load/vec4 v0x15b698b60_0;
    %pad/s 38;
    %add;
    %ix/vec4/s 4;
    %store/vec4a v0x15b698550, 4, 0;
    %load/vec4 v0x15b698a50_0;
    %load/vec4 v0x15b698b60_0;
    %cmp/e;
    %flag_mov 8, 4;
    %jmp/0 T_20.6, 8;
    %pushi/vec4 1, 0, 8;
    %jmp/1 T_20.7, 8;
T_20.6 ; End of true expr.
    %pushi/vec4 0, 0, 8;
    %jmp/0 T_20.7, 8;
 ; End of false expr.
    %blend;
T_20.7;
    %load/vec4 v0x15b698a50_0;
    %pad/s 35;
    %pad/s 37;
    %muli 4, 0, 37;
    %pad/s 38;
    %load/vec4 v0x15b698b60_0;
    %pad/s 38;
    %add;
    %ix/vec4/s 4;
    %store/vec4a v0x15b6985e0, 4, 0;
    ; show_stmt_assign_vector: Get l-value for compressed += operand
    %load/vec4 v0x15b698b60_0;
    %pushi/vec4 1, 0, 32;
    %add;
    %store/vec4 v0x15b698b60_0, 0, 32;
    %jmp T_20.4;
T_20.5 ;
    ; show_stmt_assign_vector: Get l-value for compressed += operand
    %load/vec4 v0x15b698a50_0;
    %pushi/vec4 1, 0, 32;
    %add;
    %store/vec4 v0x15b698a50_0, 0, 32;
    %jmp T_20.2;
T_20.3 ;
    %fork TD_tb_sa4x4.compute_reference, S_0x15b65f6d0;
    %join;
    %pushi/vec4 3, 0, 32;
T_20.8 %dup/vec4;
    %pushi/vec4 0, 0, 32;
    %cmp/s;
    %jmp/1xz T_20.9, 5;
    %jmp/1 T_20.9, 4;
    %pushi/vec4 1, 0, 32;
    %sub;
    %wait E_0x15b651600;
    %jmp T_20.8;
T_20.9 ;
    %pop/vec4 1;
    %pushi/vec4 0, 0, 1;
    %store/vec4 v0x15b698c80_0, 0, 1;
    %wait E_0x15b651600;
    %pushi/vec4 1, 0, 1;
    %store/vec4 v0x15b6989c0_0, 0, 1;
    %fork t_1, S_0x15b67a930;
    %jmp t_0;
    .scope S_0x15b67a930;
t_1 ;
    %pushi/vec4 0, 0, 32;
    %store/vec4 v0x15b685d80_0, 0, 32;
T_20.10 ;
    %load/vec4 v0x15b685d80_0;
    %cmpi/s 12, 0, 32;
    %jmp/0xz T_20.11, 5;
    %load/vec4 v0x15b685d80_0;
    %store/vec4 v0x15b6984c0_0, 0, 32;
    %fork TD_tb_sa4x4.inject_time, S_0x15b698230;
    %join;
    ; show_stmt_assign_vector: Get l-value for compressed += operand
    %load/vec4 v0x15b685d80_0;
    %pushi/vec4 1, 0, 32;
    %add;
    %cast2;
    %store/vec4 v0x15b685d80_0, 0, 32;
    %jmp T_20.10;
T_20.11 ;
    %end;
    .scope S_0x15b67e130;
t_0 %join;
    %pushi/vec4 0, 0, 1;
    %store/vec4 v0x15b6989c0_0, 0, 1;
    %wait E_0x15b651600;
    %delay 1000, 0;
    %fork TD_tb_sa4x4.check_outputs, S_0x15b662af0;
    %join;
    %vpi_call/w 3 170 "$display", "PASS: 4x4 systolic array matches reference GEMM." {0 0 0};
    %vpi_call/w 3 171 "$finish" {0 0 0};
    %end;
    .thread T_20;
# The file index is used to find the file name in the following table.
:file_names 6;
    "N/A";
    "<interactive>";
    "-";
    "tb/tb_sa4x4.sv";
    "rtl/saNxN.sv";
    "rtl/pe.sv";
