#! /opt/homebrew/Cellar/icarus-verilog/12.0/bin/vvp
:ivl_version "12.0 (stable)";
:ivl_delay_selection "TYPICAL";
:vpi_time_precision - 12;
:vpi_module "/opt/homebrew/Cellar/icarus-verilog/12.0/lib/ivl/system.vpi";
:vpi_module "/opt/homebrew/Cellar/icarus-verilog/12.0/lib/ivl/vhdl_sys.vpi";
:vpi_module "/opt/homebrew/Cellar/icarus-verilog/12.0/lib/ivl/vhdl_textio.vpi";
:vpi_module "/opt/homebrew/Cellar/icarus-verilog/12.0/lib/ivl/v2005_math.vpi";
:vpi_module "/opt/homebrew/Cellar/icarus-verilog/12.0/lib/ivl/va_math.vpi";
:vpi_module "/opt/homebrew/Cellar/icarus-verilog/12.0/lib/ivl/v2009.vpi";
S_0x131e25670 .scope package, "$unit" "$unit" 2 1;
 .timescale 0 0;
S_0x131e23d30 .scope module, "tb_sa2x2" "tb_sa2x2" 3 4;
 .timescale -9 -12;
v0x131e3d660_0 .var/s "a_row0_in", 7 0;
v0x131e3d750_0 .var/s "a_row1_in", 7 0;
v0x131e3d830_0 .var/s "b_col0_in", 7 0;
v0x131e3d900_0 .var/s "b_col1_in", 7 0;
v0x131e3d9d0_0 .net/s "c00", 31 0, L_0x131e3e1a0;  1 drivers
v0x131e3dae0_0 .net/s "c01", 31 0, L_0x131e3e490;  1 drivers
v0x131e3dbb0_0 .net/s "c10", 31 0, L_0x131e3e7a0;  1 drivers
v0x131e3dc80_0 .net/s "c11", 31 0, L_0x131e3ead0;  1 drivers
v0x131e3dd50_0 .var "clk", 0 0;
v0x131e3de60_0 .var "en", 0 0;
v0x131e3def0_0 .var "reset", 0 0;
S_0x131e23990 .scope module, "dut" "sa2x2" 3 13, 4 2 0, S_0x131e23d30;
 .timescale 0 0;
    .port_info 0 /INPUT 1 "clk";
    .port_info 1 /INPUT 1 "reset";
    .port_info 2 /INPUT 1 "en";
    .port_info 3 /INPUT 8 "a_row0_in";
    .port_info 4 /INPUT 8 "a_row1_in";
    .port_info 5 /INPUT 8 "b_col0_in";
    .port_info 6 /INPUT 8 "b_col1_in";
    .port_info 7 /OUTPUT 32 "c00";
    .port_info 8 /OUTPUT 32 "c01";
    .port_info 9 /OUTPUT 32 "c10";
    .port_info 10 /OUTPUT 32 "c11";
v0x131e3c5e0_0 .net/s "a00_to_a01", 7 0, v0x131e399a0_0;  1 drivers
v0x131e3c690_0 .net/s "a10_to_a11", 7 0, v0x131e3b290_0;  1 drivers
v0x131e3c770_0 .net/s "a_row0_in", 7 0, v0x131e3d660_0;  1 drivers
v0x131e3c800_0 .net/s "a_row1_in", 7 0, v0x131e3d750_0;  1 drivers
v0x131e3c8b0_0 .net/s "b00_to_b10", 7 0, v0x131e39c60_0;  1 drivers
v0x131e3c9c0_0 .net/s "b01_to_b11", 7 0, v0x131e3a8d0_0;  1 drivers
v0x131e3ca90_0 .net/s "b_col0_in", 7 0, v0x131e3d830_0;  1 drivers
v0x131e3cb20_0 .net/s "b_col1_in", 7 0, v0x131e3d900_0;  1 drivers
v0x131e3cbb0_0 .net/s "c00", 31 0, L_0x131e3e1a0;  alias, 1 drivers
v0x131e3cce0_0 .net/s "c01", 31 0, L_0x131e3e490;  alias, 1 drivers
v0x131e3cd70_0 .net/s "c10", 31 0, L_0x131e3e7a0;  alias, 1 drivers
v0x131e3ce00_0 .net/s "c11", 31 0, L_0x131e3ead0;  alias, 1 drivers
v0x131e3ceb0_0 .net "clk", 0 0, v0x131e3dd50_0;  1 drivers
v0x131e3cfc0_0 .net "en", 0 0, v0x131e3de60_0;  1 drivers
v0x131e3d0d0_0 .net "reset", 0 0, v0x131e3def0_0;  1 drivers
S_0x131e21cb0 .scope module, "pe00" "pe" 4 27, 5 1 0, S_0x131e23990;
 .timescale 0 0;
    .port_info 0 /INPUT 1 "clk";
    .port_info 1 /INPUT 1 "reset";
    .port_info 2 /INPUT 1 "en";
    .port_info 3 /INPUT 8 "a_in";
    .port_info 4 /INPUT 8 "b_in";
    .port_info 5 /OUTPUT 8 "a_out";
    .port_info 6 /OUTPUT 8 "b_out";
    .port_info 7 /OUTPUT 32 "acc_out";
P_0x131e25b50 .param/l "ACC_W" 0 5 2, +C4<00000000000000000000000000100000>;
L_0x131e3e1a0 .functor BUFZ 32, v0x131e39b00_0, C4<00000000000000000000000000000000>, C4<00000000000000000000000000000000>, C4<00000000000000000000000000000000>;
v0x131e27b90_0 .net/s *"_ivl_0", 15 0, L_0x131e3df80;  1 drivers
v0x131e39870_0 .net/s *"_ivl_2", 15 0, L_0x131e3e020;  1 drivers
v0x131e39910_0 .net/s "a_in", 7 0, v0x131e3d660_0;  alias, 1 drivers
v0x131e399a0_0 .var/s "a_out", 7 0;
v0x131e39a30_0 .net/s "acc_out", 31 0, L_0x131e3e1a0;  alias, 1 drivers
v0x131e39b00_0 .var/s "acc_reg", 31 0;
v0x131e39bb0_0 .net/s "b_in", 7 0, v0x131e3d830_0;  alias, 1 drivers
v0x131e39c60_0 .var/s "b_out", 7 0;
v0x131e39d10_0 .net "clk", 0 0, v0x131e3dd50_0;  alias, 1 drivers
v0x131e39e20_0 .net "en", 0 0, v0x131e3de60_0;  alias, 1 drivers
v0x131e39eb0_0 .net/s "product", 15 0, L_0x131e3e0c0;  1 drivers
v0x131e39f60_0 .net "reset", 0 0, v0x131e3def0_0;  alias, 1 drivers
E_0x131e0fcc0 .event posedge, v0x131e39d10_0;
L_0x131e3df80 .extend/s 16, v0x131e3d660_0;
L_0x131e3e020 .extend/s 16, v0x131e3d830_0;
L_0x131e3e0c0 .arith/mult 16, L_0x131e3df80, L_0x131e3e020;
S_0x131e3a080 .scope module, "pe01" "pe" 4 37, 5 1 0, S_0x131e23990;
 .timescale 0 0;
    .port_info 0 /INPUT 1 "clk";
    .port_info 1 /INPUT 1 "reset";
    .port_info 2 /INPUT 1 "en";
    .port_info 3 /INPUT 8 "a_in";
    .port_info 4 /INPUT 8 "b_in";
    .port_info 5 /OUTPUT 8 "a_out";
    .port_info 6 /OUTPUT 8 "b_out";
    .port_info 7 /OUTPUT 32 "acc_out";
P_0x131e0fde0 .param/l "ACC_W" 0 5 2, +C4<00000000000000000000000000100000>;
L_0x131e3e490 .functor BUFZ 32, v0x131e3a770_0, C4<00000000000000000000000000000000>, C4<00000000000000000000000000000000>, C4<00000000000000000000000000000000>;
v0x131e3a430_0 .net/s *"_ivl_0", 15 0, L_0x131e3e210;  1 drivers
v0x131e3a4e0_0 .net/s *"_ivl_2", 15 0, L_0x131e3e2b0;  1 drivers
v0x131e3a580_0 .net/s "a_in", 7 0, v0x131e399a0_0;  alias, 1 drivers
v0x131e3a610_0 .var/s "a_out", 7 0;
v0x131e3a6a0_0 .net/s "acc_out", 31 0, L_0x131e3e490;  alias, 1 drivers
v0x131e3a770_0 .var/s "acc_reg", 31 0;
v0x131e3a820_0 .net/s "b_in", 7 0, v0x131e3d900_0;  alias, 1 drivers
v0x131e3a8d0_0 .var/s "b_out", 7 0;
v0x131e3a980_0 .net "clk", 0 0, v0x131e3dd50_0;  alias, 1 drivers
v0x131e3aa90_0 .net "en", 0 0, v0x131e3de60_0;  alias, 1 drivers
v0x131e3ab20_0 .net/s "product", 15 0, L_0x131e3e350;  1 drivers
v0x131e3abb0_0 .net "reset", 0 0, v0x131e3def0_0;  alias, 1 drivers
L_0x131e3e210 .extend/s 16, v0x131e399a0_0;
L_0x131e3e2b0 .extend/s 16, v0x131e3d900_0;
L_0x131e3e350 .arith/mult 16, L_0x131e3e210, L_0x131e3e2b0;
S_0x131e3acf0 .scope module, "pe10" "pe" 4 47, 5 1 0, S_0x131e23990;
 .timescale 0 0;
    .port_info 0 /INPUT 1 "clk";
    .port_info 1 /INPUT 1 "reset";
    .port_info 2 /INPUT 1 "en";
    .port_info 3 /INPUT 8 "a_in";
    .port_info 4 /INPUT 8 "b_in";
    .port_info 5 /OUTPUT 8 "a_out";
    .port_info 6 /OUTPUT 8 "b_out";
    .port_info 7 /OUTPUT 32 "acc_out";
P_0x131e3a330 .param/l "ACC_W" 0 5 2, +C4<00000000000000000000000000100000>;
L_0x131e3e7a0 .functor BUFZ 32, v0x131e3b3f0_0, C4<00000000000000000000000000000000>, C4<00000000000000000000000000000000>, C4<00000000000000000000000000000000>;
v0x131e3b0b0_0 .net/s *"_ivl_0", 15 0, L_0x131e3e500;  1 drivers
v0x131e3b160_0 .net/s *"_ivl_2", 15 0, L_0x131e3e5a0;  1 drivers
v0x131e3b200_0 .net/s "a_in", 7 0, v0x131e3d750_0;  alias, 1 drivers
v0x131e3b290_0 .var/s "a_out", 7 0;
v0x131e3b320_0 .net/s "acc_out", 31 0, L_0x131e3e7a0;  alias, 1 drivers
v0x131e3b3f0_0 .var/s "acc_reg", 31 0;
v0x131e3b4a0_0 .net/s "b_in", 7 0, v0x131e39c60_0;  alias, 1 drivers
v0x131e3b540_0 .var/s "b_out", 7 0;
v0x131e3b5e0_0 .net "clk", 0 0, v0x131e3dd50_0;  alias, 1 drivers
v0x131e3b6f0_0 .net "en", 0 0, v0x131e3de60_0;  alias, 1 drivers
v0x131e3b7c0_0 .net/s "product", 15 0, L_0x131e3e660;  1 drivers
v0x131e3b850_0 .net "reset", 0 0, v0x131e3def0_0;  alias, 1 drivers
L_0x131e3e500 .extend/s 16, v0x131e3d750_0;
L_0x131e3e5a0 .extend/s 16, v0x131e39c60_0;
L_0x131e3e660 .arith/mult 16, L_0x131e3e500, L_0x131e3e5a0;
S_0x131e3b9c0 .scope module, "pe11" "pe" 4 57, 5 1 0, S_0x131e23990;
 .timescale 0 0;
    .port_info 0 /INPUT 1 "clk";
    .port_info 1 /INPUT 1 "reset";
    .port_info 2 /INPUT 1 "en";
    .port_info 3 /INPUT 8 "a_in";
    .port_info 4 /INPUT 8 "b_in";
    .port_info 5 /OUTPUT 8 "a_out";
    .port_info 6 /OUTPUT 8 "b_out";
    .port_info 7 /OUTPUT 32 "acc_out";
P_0x131e3afb0 .param/l "ACC_W" 0 5 2, +C4<00000000000000000000000000100000>;
L_0x131e3ead0 .functor BUFZ 32, v0x131e3c090_0, C4<00000000000000000000000000000000>, C4<00000000000000000000000000000000>, C4<00000000000000000000000000000000>;
v0x131e3bd40_0 .net/s *"_ivl_0", 15 0, L_0x131e3e810;  1 drivers
v0x131e3be00_0 .net/s *"_ivl_2", 15 0, L_0x131e3e8d0;  1 drivers
v0x131e3bea0_0 .net/s "a_in", 7 0, v0x131e3b290_0;  alias, 1 drivers
v0x131e3bf30_0 .var/s "a_out", 7 0;
v0x131e3bfc0_0 .net/s "acc_out", 31 0, L_0x131e3ead0;  alias, 1 drivers
v0x131e3c090_0 .var/s "acc_reg", 31 0;
v0x131e3c140_0 .net/s "b_in", 7 0, v0x131e3a8d0_0;  alias, 1 drivers
v0x131e3c1e0_0 .var/s "b_out", 7 0;
v0x131e3c280_0 .net "clk", 0 0, v0x131e3dd50_0;  alias, 1 drivers
v0x131e3c390_0 .net "en", 0 0, v0x131e3de60_0;  alias, 1 drivers
v0x131e3c420_0 .net/s "product", 15 0, L_0x131e3e990;  1 drivers
v0x131e3c4d0_0 .net "reset", 0 0, v0x131e3def0_0;  alias, 1 drivers
L_0x131e3e810 .extend/s 16, v0x131e3b290_0;
L_0x131e3e8d0 .extend/s 16, v0x131e3a8d0_0;
L_0x131e3e990 .arith/mult 16, L_0x131e3e810, L_0x131e3e8d0;
S_0x131e3d260 .scope task, "inject" "inject" 3 22, 3 22 0, S_0x131e23d30;
 .timescale -9 -12;
v0x131e3d420_0 .var/s "a0", 7 0;
v0x131e3d4b0_0 .var/s "a1", 7 0;
v0x131e3d540_0 .var/s "b0", 7 0;
v0x131e3d5d0_0 .var/s "b1", 7 0;
TD_tb_sa2x2.inject ;
    %load/vec4 v0x131e3d420_0;
    %store/vec4 v0x131e3d660_0, 0, 8;
    %load/vec4 v0x131e3d4b0_0;
    %store/vec4 v0x131e3d750_0, 0, 8;
    %load/vec4 v0x131e3d540_0;
    %store/vec4 v0x131e3d830_0, 0, 8;
    %load/vec4 v0x131e3d5d0_0;
    %store/vec4 v0x131e3d900_0, 0, 8;
    %wait E_0x131e0fcc0;
    %delay 1000, 0;
    %end;
    .scope S_0x131e21cb0;
T_1 ;
    %wait E_0x131e0fcc0;
    %load/vec4 v0x131e39f60_0;
    %flag_set/vec4 8;
    %jmp/0xz  T_1.0, 8;
    %pushi/vec4 0, 0, 32;
    %assign/vec4 v0x131e39b00_0, 0;
    %pushi/vec4 0, 0, 8;
    %assign/vec4 v0x131e399a0_0, 0;
    %pushi/vec4 0, 0, 8;
    %assign/vec4 v0x131e39c60_0, 0;
    %jmp T_1.1;
T_1.0 ;
    %load/vec4 v0x131e39e20_0;
    %flag_set/vec4 8;
    %jmp/0xz  T_1.2, 8;
    %load/vec4 v0x131e39910_0;
    %assign/vec4 v0x131e399a0_0, 0;
    %load/vec4 v0x131e39bb0_0;
    %assign/vec4 v0x131e39c60_0, 0;
    %load/vec4 v0x131e39b00_0;
    %load/vec4 v0x131e39eb0_0;
    %parti/s 1, 15, 5;
    %replicate 16;
    %load/vec4 v0x131e39eb0_0;
    %concat/vec4; draw_concat_vec4
    %add;
    %assign/vec4 v0x131e39b00_0, 0;
T_1.2 ;
T_1.1 ;
    %jmp T_1;
    .thread T_1;
    .scope S_0x131e3a080;
T_2 ;
    %wait E_0x131e0fcc0;
    %load/vec4 v0x131e3abb0_0;
    %flag_set/vec4 8;
    %jmp/0xz  T_2.0, 8;
    %pushi/vec4 0, 0, 32;
    %assign/vec4 v0x131e3a770_0, 0;
    %pushi/vec4 0, 0, 8;
    %assign/vec4 v0x131e3a610_0, 0;
    %pushi/vec4 0, 0, 8;
    %assign/vec4 v0x131e3a8d0_0, 0;
    %jmp T_2.1;
T_2.0 ;
    %load/vec4 v0x131e3aa90_0;
    %flag_set/vec4 8;
    %jmp/0xz  T_2.2, 8;
    %load/vec4 v0x131e3a580_0;
    %assign/vec4 v0x131e3a610_0, 0;
    %load/vec4 v0x131e3a820_0;
    %assign/vec4 v0x131e3a8d0_0, 0;
    %load/vec4 v0x131e3a770_0;
    %load/vec4 v0x131e3ab20_0;
    %parti/s 1, 15, 5;
    %replicate 16;
    %load/vec4 v0x131e3ab20_0;
    %concat/vec4; draw_concat_vec4
    %add;
    %assign/vec4 v0x131e3a770_0, 0;
T_2.2 ;
T_2.1 ;
    %jmp T_2;
    .thread T_2;
    .scope S_0x131e3acf0;
T_3 ;
    %wait E_0x131e0fcc0;
    %load/vec4 v0x131e3b850_0;
    %flag_set/vec4 8;
    %jmp/0xz  T_3.0, 8;
    %pushi/vec4 0, 0, 32;
    %assign/vec4 v0x131e3b3f0_0, 0;
    %pushi/vec4 0, 0, 8;
    %assign/vec4 v0x131e3b290_0, 0;
    %pushi/vec4 0, 0, 8;
    %assign/vec4 v0x131e3b540_0, 0;
    %jmp T_3.1;
T_3.0 ;
    %load/vec4 v0x131e3b6f0_0;
    %flag_set/vec4 8;
    %jmp/0xz  T_3.2, 8;
    %load/vec4 v0x131e3b200_0;
    %assign/vec4 v0x131e3b290_0, 0;
    %load/vec4 v0x131e3b4a0_0;
    %assign/vec4 v0x131e3b540_0, 0;
    %load/vec4 v0x131e3b3f0_0;
    %load/vec4 v0x131e3b7c0_0;
    %parti/s 1, 15, 5;
    %replicate 16;
    %load/vec4 v0x131e3b7c0_0;
    %concat/vec4; draw_concat_vec4
    %add;
    %assign/vec4 v0x131e3b3f0_0, 0;
T_3.2 ;
T_3.1 ;
    %jmp T_3;
    .thread T_3;
    .scope S_0x131e3b9c0;
T_4 ;
    %wait E_0x131e0fcc0;
    %load/vec4 v0x131e3c4d0_0;
    %flag_set/vec4 8;
    %jmp/0xz  T_4.0, 8;
    %pushi/vec4 0, 0, 32;
    %assign/vec4 v0x131e3c090_0, 0;
    %pushi/vec4 0, 0, 8;
    %assign/vec4 v0x131e3bf30_0, 0;
    %pushi/vec4 0, 0, 8;
    %assign/vec4 v0x131e3c1e0_0, 0;
    %jmp T_4.1;
T_4.0 ;
    %load/vec4 v0x131e3c390_0;
    %flag_set/vec4 8;
    %jmp/0xz  T_4.2, 8;
    %load/vec4 v0x131e3bea0_0;
    %assign/vec4 v0x131e3bf30_0, 0;
    %load/vec4 v0x131e3c140_0;
    %assign/vec4 v0x131e3c1e0_0, 0;
    %load/vec4 v0x131e3c090_0;
    %load/vec4 v0x131e3c420_0;
    %parti/s 1, 15, 5;
    %replicate 16;
    %load/vec4 v0x131e3c420_0;
    %concat/vec4; draw_concat_vec4
    %add;
    %assign/vec4 v0x131e3c090_0, 0;
T_4.2 ;
T_4.1 ;
    %jmp T_4;
    .thread T_4;
    .scope S_0x131e23d30;
T_5 ;
    %delay 5000, 0;
    %load/vec4 v0x131e3dd50_0;
    %inv;
    %store/vec4 v0x131e3dd50_0, 0, 1;
    %jmp T_5;
    .thread T_5;
    .scope S_0x131e23d30;
T_6 ;
    %vpi_call/w 3 38 "$dumpfile", "sim/sa2x2.vcd" {0 0 0};
    %vpi_call/w 3 39 "$dumpvars", 32'sb00000000000000000000000000000000, S_0x131e23d30 {0 0 0};
    %pushi/vec4 0, 0, 1;
    %store/vec4 v0x131e3dd50_0, 0, 1;
    %pushi/vec4 1, 0, 1;
    %store/vec4 v0x131e3def0_0, 0, 1;
    %pushi/vec4 0, 0, 1;
    %store/vec4 v0x131e3de60_0, 0, 1;
    %pushi/vec4 0, 0, 8;
    %store/vec4 v0x131e3d660_0, 0, 8;
    %pushi/vec4 0, 0, 8;
    %store/vec4 v0x131e3d750_0, 0, 8;
    %pushi/vec4 0, 0, 8;
    %store/vec4 v0x131e3d830_0, 0, 8;
    %pushi/vec4 0, 0, 8;
    %store/vec4 v0x131e3d900_0, 0, 8;
    %pushi/vec4 3, 0, 32;
T_6.0 %dup/vec4;
    %pushi/vec4 0, 0, 32;
    %cmp/s;
    %jmp/1xz T_6.1, 5;
    %jmp/1 T_6.1, 4;
    %pushi/vec4 1, 0, 32;
    %sub;
    %wait E_0x131e0fcc0;
    %jmp T_6.0;
T_6.1 ;
    %pop/vec4 1;
    %pushi/vec4 0, 0, 1;
    %store/vec4 v0x131e3def0_0, 0, 1;
    %wait E_0x131e0fcc0;
    %pushi/vec4 1, 0, 1;
    %store/vec4 v0x131e3de60_0, 0, 1;
    %pushi/vec4 1, 0, 8;
    %store/vec4 v0x131e3d420_0, 0, 8;
    %pushi/vec4 0, 0, 8;
    %store/vec4 v0x131e3d4b0_0, 0, 8;
    %pushi/vec4 5, 0, 8;
    %store/vec4 v0x131e3d540_0, 0, 8;
    %pushi/vec4 0, 0, 8;
    %store/vec4 v0x131e3d5d0_0, 0, 8;
    %fork TD_tb_sa2x2.inject, S_0x131e3d260;
    %join;
    %pushi/vec4 2, 0, 8;
    %store/vec4 v0x131e3d420_0, 0, 8;
    %pushi/vec4 3, 0, 8;
    %store/vec4 v0x131e3d4b0_0, 0, 8;
    %pushi/vec4 7, 0, 8;
    %store/vec4 v0x131e3d540_0, 0, 8;
    %pushi/vec4 6, 0, 8;
    %store/vec4 v0x131e3d5d0_0, 0, 8;
    %fork TD_tb_sa2x2.inject, S_0x131e3d260;
    %join;
    %pushi/vec4 0, 0, 8;
    %store/vec4 v0x131e3d420_0, 0, 8;
    %pushi/vec4 4, 0, 8;
    %store/vec4 v0x131e3d4b0_0, 0, 8;
    %pushi/vec4 0, 0, 8;
    %store/vec4 v0x131e3d540_0, 0, 8;
    %pushi/vec4 8, 0, 8;
    %store/vec4 v0x131e3d5d0_0, 0, 8;
    %fork TD_tb_sa2x2.inject, S_0x131e3d260;
    %join;
    %pushi/vec4 0, 0, 8;
    %store/vec4 v0x131e3d420_0, 0, 8;
    %pushi/vec4 0, 0, 8;
    %store/vec4 v0x131e3d4b0_0, 0, 8;
    %pushi/vec4 0, 0, 8;
    %store/vec4 v0x131e3d540_0, 0, 8;
    %pushi/vec4 0, 0, 8;
    %store/vec4 v0x131e3d5d0_0, 0, 8;
    %fork TD_tb_sa2x2.inject, S_0x131e3d260;
    %join;
    %pushi/vec4 0, 0, 8;
    %store/vec4 v0x131e3d420_0, 0, 8;
    %pushi/vec4 0, 0, 8;
    %store/vec4 v0x131e3d4b0_0, 0, 8;
    %pushi/vec4 0, 0, 8;
    %store/vec4 v0x131e3d540_0, 0, 8;
    %pushi/vec4 0, 0, 8;
    %store/vec4 v0x131e3d5d0_0, 0, 8;
    %fork TD_tb_sa2x2.inject, S_0x131e3d260;
    %join;
    %pushi/vec4 0, 0, 1;
    %store/vec4 v0x131e3de60_0, 0, 1;
    %wait E_0x131e0fcc0;
    %delay 1000, 0;
    %load/vec4 v0x131e3d9d0_0;
    %cmpi/ne 19, 0, 32;
    %jmp/0xz  T_6.2, 6;
    %vpi_call/w 3 78 "$fatal", 32'sb00000000000000000000000000000001, "c00 mismatch: got %0d exp 19", v0x131e3d9d0_0 {0 0 0};
T_6.2 ;
    %load/vec4 v0x131e3dae0_0;
    %cmpi/ne 22, 0, 32;
    %jmp/0xz  T_6.4, 6;
    %vpi_call/w 3 79 "$fatal", 32'sb00000000000000000000000000000001, "c01 mismatch: got %0d exp 22", v0x131e3dae0_0 {0 0 0};
T_6.4 ;
    %load/vec4 v0x131e3dbb0_0;
    %cmpi/ne 43, 0, 32;
    %jmp/0xz  T_6.6, 6;
    %vpi_call/w 3 80 "$fatal", 32'sb00000000000000000000000000000001, "c10 mismatch: got %0d exp 43", v0x131e3dbb0_0 {0 0 0};
T_6.6 ;
    %load/vec4 v0x131e3dc80_0;
    %cmpi/ne 50, 0, 32;
    %jmp/0xz  T_6.8, 6;
    %vpi_call/w 3 81 "$fatal", 32'sb00000000000000000000000000000001, "c11 mismatch: got %0d exp 50", v0x131e3dc80_0 {0 0 0};
T_6.8 ;
    %vpi_call/w 3 83 "$display", "PASS: 2x2 systolic array computes A*B correctly (aligned schedule)." {0 0 0};
    %vpi_call/w 3 84 "$finish" {0 0 0};
    %end;
    .thread T_6;
# The file index is used to find the file name in the following table.
:file_names 6;
    "N/A";
    "<interactive>";
    "-";
    "tb/tb_sa2x2.sv";
    "rtl/sa2x2.sv";
    "rtl/pe.sv";
